<?xml version="1.0" encoding="UTF-8"?>
<!-- Generated by org.testng.reporters.JUnitXMLReporter -->
<testsuite ignored="118" hostname="Nom-31" failures="8" tests="90" name="_1743PDSB2Test" time="5912.646" errors="0" timestamp="2021-12-10T15:23:01 IST">
  <testcase classname="_1743PayrollDSB.TC700_701CheckTaxablePayJoinMidFourWeekly7" name="GoToUrlAssertUrlPositiveEnterEnterUsernamePositiveEnterEnterpasswordClickLoginButtonGoToUrlAs" time="53.178"/>
  <testcase classname="_1743PayrollDSB.TC700_701CheckTaxablePayJoinMidFourWeekly7" name="GoToUrlAssertUrlPositiveEnterEnterUsernamePositiveEnterEnterpasswordClickLoginButtonGoToUrlAs1" time="40.176"/>
  <testcase classname="_1743PayrollDSB.TC709_710CheckTaxablePayForTwoMonths10" name="GoToUrlAssertUrlPositiveEnterEnterUsernamePositiveEnterEnterpasswordClickLoginButtonGoToUrlAs" time="43.37">
    <failure type="java.lang.AssertionError" message="Unable to locate object: By.xpath: //INPUT[@name=&amp;apos;ctl00$ctl00$ParentContent$cPHFilter$txtSearchCompany&amp;apos;]">
      <![CDATA[java.lang.AssertionError: Unable to locate object: By.xpath: //INPUT[@name='ctl00$ctl00$ParentContent$cPHFilter$txtSearchCompany']
at pages.OpenClient.Enter_EnterClientName(OpenClient.java:115)
at _1743PayrollDSB.TC709_710CheckTaxablePayForTwoMonths10.GoToUrlAssertUrlPositiveEnterEnterUsernamePositiveEnterEnterpasswordClickLoginButtonGoToUrlAs(TC709_710CheckTaxablePayForTwoMonths10.java:152)
at java.base/java.util.ArrayList.forEach(ArrayList.java:1541)
... Removed 28 stack frames]]>
    </failure>
  </testcase> <!-- GoToUrlAssertUrlPositiveEnterEnterUsernamePositiveEnterEnterpasswordClickLoginButtonGoToUrlAs -->
  <testcase classname="_1743PayrollDSB.TC709_710CheckTaxablePayForTwoMonths10" name="GoToUrlAssertUrlPositiveEnterEnterUsernamePositiveEnterEnterpasswordClickLoginButtonGoToUrlAs1" time="44.007">
    <failure type="java.lang.AssertionError" message="Unable to locate object: By.xpath: //INPUT[@name=&amp;apos;ctl00$ctl00$ParentContent$cPHFilter$txtSearchCompany&amp;apos;]">
      <![CDATA[java.lang.AssertionError: Unable to locate object: By.xpath: //INPUT[@name='ctl00$ctl00$ParentContent$cPHFilter$txtSearchCompany']
at pages.OpenClient.Enter_EnterClientName(OpenClient.java:115)
at _1743PayrollDSB.TC709_710CheckTaxablePayForTwoMonths10.GoToUrlAssertUrlPositiveEnterEnterUsernamePositiveEnterEnterpasswordClickLoginButtonGoToUrlAs1(TC709_710CheckTaxablePayForTwoMonths10.java:333)
at java.base/java.util.ArrayList.forEach(ArrayList.java:1541)
... Removed 28 stack frames]]>
    </failure>
  </testcase> <!-- GoToUrlAssertUrlPositiveEnterEnterUsernamePositiveEnterEnterpasswordClickLoginButtonGoToUrlAs1 -->
  <testcase classname="_1743PayrollDSB.TC702CheckTaxablePayJoinMidFourWeekly8" name="GoToUrlAssertUrlPositiveEnterEnterUsernamePositiveEnterEnterpasswordClickLoginButtonGoToUrlAs" time="47.524"/>
  <testcase classname="_1743PayrollDSB.TC707CheckTotalClient" name="GoToUrlAssertUrlPositiveEnterEnterUsernamePositiveEnterEnterpasswordClickLoginButtonGoToUrlAs" time="23.708"/>
  <testcase classname="_1743PayrollDSB.TC726_731CheckPayroll_OnHoldClient" name="OnHold_Overdue" time="21.013"/>
  <testcase classname="_1743PayrollDSB.TC726_731CheckPayroll_OnHoldClient" name="OnHold_1week" time="36.904">
    <failure type="java.lang.AssertionError" message="expected [2] but found [1]">
      <![CDATA[java.lang.AssertionError: expected [2] but found [1]
at _1743Agent_Dashboard.AgentDsbPayroll.verifyAutoPayrollCount(AgentDsbPayroll.java:501)
at _1743PayrollDSB.TC726_731CheckPayroll_OnHoldClient.OnHold_1week(TC726_731CheckPayroll_OnHoldClient.java:174)
at java.base/java.util.ArrayList.forEach(ArrayList.java:1541)
... Removed 33 stack frames]]>
    </failure>
  </testcase> <!-- OnHold_1week -->
  <testcase classname="_1743PayrollDSB.TC726_731CheckPayroll_OnHoldClient" name="OnHold_1Month" time="35.609"/>
  <testcase classname="_1743PayrollDSB.TC726_731CheckPayroll_OnHoldClient" name="OnHold_2Month" time="35.364"/>
  <testcase classname="_1743PayrollDSB.TC726_731CheckPayroll_OnHoldClient" name="OnHold_3_6Month" time="23.101"/>
  <testcase classname="_1743PayrollDSB.TC726_731CheckPayroll_OnHoldClient" name="OnHold_6plusMonth" time="22.146"/>
  <testcase classname="_1743PayrollDSB.TC738_743CheckPayroll_AwaitingApprovalClient" name="AwaitingApproval_Overdue" time="20.976"/>
  <testcase classname="_1743PayrollDSB.TC738_743CheckPayroll_AwaitingApprovalClient" name="AwaitingApproval_1week" time="20.815"/>
  <testcase classname="_1743PayrollDSB.TC738_743CheckPayroll_AwaitingApprovalClient" name="AwaitingApproval_1Month" time="22.851"/>
  <testcase classname="_1743PayrollDSB.TC738_743CheckPayroll_AwaitingApprovalClient" name="AwaitingApproval_2Month" time="22.623"/>
  <testcase classname="_1743PayrollDSB.TC738_743CheckPayroll_AwaitingApprovalClient" name="AwaitingApproval_3_6Month" time="22.211"/>
  <testcase classname="_1743PayrollDSB.TC738_743CheckPayroll_AwaitingApprovalClient" name="AwaitingApproval_6plusMonth" time="24.345"/>
  <testcase classname="_1743PayrollDSB.TC708CheckPayroll_Overdue_NotStarted" name="GoToUrlAssertUrlPositiveEnterEnterUsernamePositiveEnterEnterpasswordClickLoginButtonGoToUrlAs" time="42.732"/>
  <testcase classname="_1743PayrollDSB.TC702CheckTaxablePayJoinMidFourWeeklyA" name="GoToUrlAssertUrlPositiveEnterEnterUsernamePositiveEnterEnterpasswordClickLoginButtonGoToUrlAs" time="232.809"/>
  <testcase classname="_1743PayrollDSB.TC704CheckManualPayroll" name="GoToUrlAssertUrlPositiveEnterEnterUsernamePositiveEnterEnterpasswordClickLoginButtonGoToUrlAs" time="55.102"/>
  <testcase classname="_1743PayrollDSB.TC786CheckPayrollDeadlineByAccountant" name="PayrollAccountantOverdueAscendingCheck" time="43.245"/>
  <testcase classname="_1743PayrollDSB.TC720_725CheckPayroll_InprogressClient" name="Inprogress_Overdue" time="51.625"/>
  <testcase classname="_1743PayrollDSB.TC720_725CheckPayroll_InprogressClient" name="Inprogress_1week" time="68.016"/>
  <testcase classname="_1743PayrollDSB.TC720_725CheckPayroll_InprogressClient" name="Inprogress_1Month" time="189.4"/>
  <testcase classname="_1743PayrollDSB.TC720_725CheckPayroll_InprogressClient" name="Inprogress_2Month" time="108.151"/>
  <testcase classname="_1743PayrollDSB.TC720_725CheckPayroll_InprogressClient" name="Inprogress_3_6Month" time="171.371"/>
  <testcase classname="_1743PayrollDSB.TC720_725CheckPayroll_InprogressClient" name="Inprogress_6plusMonth" time="42.907"/>
  <testcase classname="_1743PayrollDSB.TC698_699CheckTaxablePayJoinMidFortNightC" name="GoToUrlAssertUrlPositiveEnterEnterUsernamePositiveEnterEnterpasswordClickLoginButtonGoToUrlAs" time="140.615"/>
  <testcase classname="_1743PayrollDSB.TC698_699CheckTaxablePayJoinMidFortNightC" name="GoToUrlAssertUrlPositiveEnterEnterUsernamePositiveEnterEnterpasswordClickLoginButtonGoToUrlAs1" time="67.409"/>
  <testcase classname="_1743PayrollDSB.TC719CheckPayroll_6plusMonths_NotStarte" name="GoToUrlAssertUrlPositiveEnterEnterUsernamePositiveEnterEnterpasswordClickLoginButtonGoToUrlAs" time="48.31"/>
  <testcase classname="_1743PayrollDSB.TC706CheckP11DClient" name="GoToUrlAssertUrlPositiveEnterEnterUsernamePositiveEnterEnterpasswordClickLoginButtonGoToUrlAs" time="46.089"/>
  <testcase classname="_1743PayrollDSB.TC732_737CheckPayroll_AwaitingReviewClient" name="AwaitingReview_Overdue" time="47.99"/>
  <testcase classname="_1743PayrollDSB.TC732_737CheckPayroll_AwaitingReviewClient" name="AwaitingReview_1week" time="50.277"/>
  <testcase classname="_1743PayrollDSB.TC732_737CheckPayroll_AwaitingReviewClient" name="AwaitingReview_1Month" time="51.406"/>
  <testcase classname="_1743PayrollDSB.TC732_737CheckPayroll_AwaitingReviewClient" name="AwaitingReview_2Month" time="48.404"/>
  <testcase classname="_1743PayrollDSB.TC732_737CheckPayroll_AwaitingReviewClient" name="AwaitingReview_3_6Month" time="48.942"/>
  <testcase classname="_1743PayrollDSB.TC732_737CheckPayroll_AwaitingReviewClient" name="AwaitingReview_6plusMonth" time="52.615"/>
  <testcase classname="_1743PayrollDSB.TC711_712CheckTaxablePayForTwoMonths10" name="GoToUrlAssertUrlPositiveEnterEnterUsernamePositiveEnterEnterpasswordClickLoginButtonGoToUrlAs" time="99.074">
    <failure type="java.lang.AssertionError" message="Unable to locate object: By.xpath: //INPUT[@name=&amp;apos;ctl00$ctl00$ParentContent$cPHFilter$txtSearchCompany&amp;apos;]">
      <![CDATA[java.lang.AssertionError: Unable to locate object: By.xpath: //INPUT[@name='ctl00$ctl00$ParentContent$cPHFilter$txtSearchCompany']
at pages.OpenClient.Enter_EnterClientName(OpenClient.java:115)
at _1743PayrollDSB.TC711_712CheckTaxablePayForTwoMonths10.GoToUrlAssertUrlPositiveEnterEnterUsernamePositiveEnterEnterpasswordClickLoginButtonGoToUrlAs(TC711_712CheckTaxablePayForTwoMonths10.java:152)
at java.base/java.util.ArrayList.forEach(ArrayList.java:1541)
... Removed 28 stack frames]]>
    </failure>
  </testcase> <!-- GoToUrlAssertUrlPositiveEnterEnterUsernamePositiveEnterEnterpasswordClickLoginButtonGoToUrlAs -->
  <testcase classname="_1743PayrollDSB.TC711_712CheckTaxablePayForTwoMonths10" name="GoToUrlAssertUrlPositiveEnterEnterUsernamePositiveEnterEnterpasswordClickLoginButtonGoToUrlAs1" time="65.827">
    <failure type="java.lang.AssertionError" message="Unable to locate object: By.xpath: //INPUT[@name=&amp;apos;ctl00$ctl00$ParentContent$cPHFilter$txtSearchCompany&amp;apos;]">
      <![CDATA[java.lang.AssertionError: Unable to locate object: By.xpath: //INPUT[@name='ctl00$ctl00$ParentContent$cPHFilter$txtSearchCompany']
at pages.OpenClient.Enter_EnterClientName(OpenClient.java:115)
at _1743PayrollDSB.TC711_712CheckTaxablePayForTwoMonths10.GoToUrlAssertUrlPositiveEnterEnterUsernamePositiveEnterEnterpasswordClickLoginButtonGoToUrlAs1(TC711_712CheckTaxablePayForTwoMonths10.java:333)
at java.base/java.util.ArrayList.forEach(ArrayList.java:1541)
... Removed 28 stack frames]]>
    </failure>
  </testcase> <!-- GoToUrlAssertUrlPositiveEnterEnterUsernamePositiveEnterEnterpasswordClickLoginButtonGoToUrlAs1 -->
  <testcase classname="_1743PayrollDSB.TC715CheckPayroll_1Week_NotStarted" name="GoToUrlAssertUrlPositiveEnterEnterUsernamePositiveEnterEnterpasswordClickLoginButtonGoToUrlAs" time="47.613"/>
  <testcase classname="_1743PayrollDSB.TC700_701CheckTaxablePayJoinMidFourWeekly15" name="GoToUrlAssertUrlPositiveEnterEnterUsernamePositiveEnterEnterpasswordClickLoginButtonGoToUrlAs" time="82.881"/>
  <testcase classname="_1743PayrollDSB.TC700_701CheckTaxablePayJoinMidFourWeekly15" name="GoToUrlAssertUrlPositiveEnterEnterUsernamePositiveEnterEnterpasswordClickLoginButtonGoToUrlAs1" time="67.622"/>
  <testcase classname="_1743PayrollDSB.TC703CheckAutoPayroll" name="GoToUrlAssertUrlPositiveEnterEnterUsernamePositiveEnterEnterpasswordClickLoginButtonGoToUrlAs" time="114.9"/>
  <testcase classname="_1743PayrollDSB.TC774_779CheckPayroll_DefferedClient" name="Deffered_6plusMonth" time="48.329"/>
  <testcase classname="_1743PayrollDSB.TC787CheckPensionDeadlineByAccountant" name="PensionAccountantOverdueAscendingCheck" time="77.838"/>
  <testcase classname="_1743PayrollDSB.TC744_749CheckPayroll_DefferedClient" name="Deffered_6plusMonth" time="51.652"/>
  <testcase classname="_1743PayrollDSB.TC702CheckTaxablePayJoinMidFourWeekly16" name="GoToUrlAssertUrlPositiveEnterEnterUsernamePositiveEnterEnterpasswordClickLoginButtonGoToUrlAs" time="75.006"/>
  <testcase classname="_1743PayrollDSB.TC716CheckPayroll_1Months_NotStarted" name="GoToUrlAssertUrlPositiveEnterEnterUsernamePositiveEnterEnterpasswordClickLoginButtonGoToUrlAs" time="56.088"/>
  <testcase classname="_1743PayrollDSB.TC718CheckPayroll_3_6Months_NotStarte" name="GoToUrlAssertUrlPositiveEnterEnterUsernamePositiveEnterEnterpasswordClickLoginButtonGoToUrlAs" time="54.214"/>
  <testcase classname="_1743PayrollDSB.TC750_755CheckPention_InprogressClient" name="Inprogress_Overdue" time="50.342"/>
  <testcase classname="_1743PayrollDSB.TC750_755CheckPention_InprogressClient" name="Inprogress_1week" time="39.011"/>
  <testcase classname="_1743PayrollDSB.TC750_755CheckPention_InprogressClient" name="Inprogress_1Month" time="47.806"/>
  <testcase classname="_1743PayrollDSB.TC750_755CheckPention_InprogressClient" name="Inprogress_2Month" time="82.722"/>
  <testcase classname="_1743PayrollDSB.TC750_755CheckPention_InprogressClient" name="Inprogress_3_6Month" time="81.047"/>
  <testcase classname="_1743PayrollDSB.TC750_755CheckPention_InprogressClient" name="Inprogress_6plusMonth" time="53.048"/>
  <testcase classname="_1743PayrollDSB.TC717CheckPayroll_3Months_NotStarted" name="GoToUrlAssertUrlPositiveEnterEnterUsernamePositiveEnterEnterpasswordClickLoginButtonGoToUrlAs" time="83.586"/>
  <testcase classname="_1743PayrollDSB.TC780_785CheckPension_Overdue" name="NotstartedOverdue" time="82.854"/>
  <testcase classname="_1743PayrollDSB.TC780_785CheckPension_Overdue" name="Notstarted1Week" time="90.995"/>
  <testcase classname="_1743PayrollDSB.TC780_785CheckPension_Overdue" name="Notstarted1Month" time="49.291"/>
  <testcase classname="_1743PayrollDSB.TC780_785CheckPension_Overdue" name="Notstarted2Months" time="56.544"/>
  <testcase classname="_1743PayrollDSB.TC780_785CheckPension_Overdue" name="Notstarted3_6Months" time="57.156"/>
  <testcase classname="_1743PayrollDSB.TC780_785CheckPension_Overdue" name="Notstarted6plus" time="52.443"/>
  <testcase classname="_1743PayrollDSB.TC768_773CheckPayroll_AwaitingApprovalClient" name="AwaitingApproval_Overdue" time="55.704">
    <failure type="org.openqa.selenium.NoSuchElementException" message="no such element: Unable to locate element: {&amp;quot;method&amp;quot;:&amp;quot;xpath&amp;quot;,&amp;quot;selector&amp;quot;:&amp;quot;//*[@id=&amp;apos;ctl00_ctl00_ParentContent_divSubContent&amp;apos;]/div[3]/div[3]/div[2]/div[3]/div/div/div/div/table/tbody/tr[5]/td[2]/span/a&amp;quot;}
  (Session info: chrome=96.0.4664.93)
For documentation on this error, please visit: http://seleniumhq.org/exceptions/no_such_element.html
Build info: version: &amp;apos;3.11.0&amp;apos;, revision: &amp;apos;e59cfb3&amp;apos;, time: &amp;apos;2018-03-11T20:26:55.152Z&amp;apos;
System info: host: &amp;apos;NOM-31&amp;apos;, ip: &amp;apos;192.168.1.28&amp;apos;, os.name: &amp;apos;Windows 10&amp;apos;, os.arch: &amp;apos;amd64&amp;apos;, os.version: &amp;apos;10.0&amp;apos;, java.version: &amp;apos;11.0.12&amp;apos;
Driver info: org.openqa.selenium.chrome.ChromeDriver
Capabilities {acceptInsecureCerts: false, browserName: chrome, browserVersion: 96.0.4664.93, chrome: {chromedriverVersion: 96.0.4664.45 (76e4c1bb2ab46..., userDataDir: C:\Users\ADMINI~1\AppData\L...}, goog:chromeOptions: {debuggerAddress: localhost:52379}, javascriptEnabled: true, networkConnectionEnabled: false, pageLoadStrategy: normal, platform: WINDOWS, platformName: WINDOWS, proxy: Proxy(), setWindowRect: true, strictFileInteractability: false, timeouts: {implicit: 0, pageLoad: 300000, script: 30000}, unhandledPromptBehavior: dismiss and notify, webauthn:extension:credBlob: true, webauthn:extension:largeBlob: true, webauthn:virtualAuthenticators: true}
Session ID: cd16a72c04e804f8f26103d05c5d3353
*** Element info: {Using=xpath, value=//*[@id=&amp;apos;ctl00_ctl00_ParentContent_divSubContent&amp;apos;]/div[3]/div[3]/div[2]/div[3]/div/div/div/div/table/tbody/tr[5]/td[2]/span/a}">
      <![CDATA[org.openqa.selenium.NoSuchElementException: no such element: Unable to locate element: {"method":"xpath","selector":"//*[@id='ctl00_ctl00_ParentContent_divSubContent']/div[3]/div[3]/div[2]/div[3]/div/div/div/div/table/tbody/tr[5]/td[2]/span/a"}
  (Session info: chrome=96.0.4664.93)
For documentation on this error, please visit: http://seleniumhq.org/exceptions/no_such_element.html
Build info: version: '3.11.0', revision: 'e59cfb3', time: '2018-03-11T20:26:55.152Z'
System info: host: 'NOM-31', ip: '192.168.1.28', os.name: 'Windows 10', os.arch: 'amd64', os.version: '10.0', java.version: '11.0.12'
Driver info: org.openqa.selenium.chrome.ChromeDriver
Capabilities {acceptInsecureCerts: false, browserName: chrome, browserVersion: 96.0.4664.93, chrome: {chromedriverVersion: 96.0.4664.45 (76e4c1bb2ab46..., userDataDir: C:\Users\ADMINI~1\AppData\L...}, goog:chromeOptions: {debuggerAddress: localhost:52379}, javascriptEnabled: true, networkConnectionEnabled: false, pageLoadStrategy: normal, platform: WINDOWS, platformName: WINDOWS, proxy: Proxy(), setWindowRect: true, strictFileInteractability: false, timeouts: {implicit: 0, pageLoad: 300000, script: 30000}, unhandledPromptBehavior: dismiss and notify, webauthn:extension:credBlob: true, webauthn:extension:largeBlob: true, webauthn:virtualAuthenticators: true}
Session ID: cd16a72c04e804f8f26103d05c5d3353
*** Element info: {Using=xpath, value=//*[@id='ctl00_ctl00_ParentContent_divSubContent']/div[3]/div[3]/div[2]/div[3]/div/div/div/div/table/tbody/tr[5]/td[2]/span/a}
at org.openqa.selenium.remote.http.W3CHttpResponseCodec.createException(W3CHttpResponseCodec.java:187)
at org.openqa.selenium.remote.http.W3CHttpResponseCodec.decode(W3CHttpResponseCodec.java:122)
at org.openqa.selenium.remote.http.W3CHttpResponseCodec.decode(W3CHttpResponseCodec.java:49)
at org.openqa.selenium.remote.HttpCommandExecutor.execute(HttpCommandExecutor.java:158)
at org.openqa.selenium.remote.service.DriverCommandExecutor.execute(DriverCommandExecutor.java:83)
at org.openqa.selenium.remote.RemoteWebDriver.execute(RemoteWebDriver.java:545)
at org.openqa.selenium.remote.RemoteWebDriver.findElement(RemoteWebDriver.java:319)
at org.openqa.selenium.remote.RemoteWebDriver.findElementByXPath(RemoteWebDriver.java:421)
at org.openqa.selenium.By$ByXPath.findElement(By.java:361)
at org.openqa.selenium.remote.RemoteWebDriver.findElement(RemoteWebDriver.java:311)
at _1743Agent_Dashboard.AgentDsbPayroll.getCountPayroll_Overdue_AwaitingApproval(AgentDsbPayroll.java:837)
at _1743PayrollDSB.TC768_773CheckPayroll_AwaitingApprovalClient.AwaitingApproval_Overdue(TC768_773CheckPayroll_AwaitingApprovalClient.java:95)
at java.base/java.util.ArrayList.forEach(ArrayList.java:1541)
... Removed 30 stack frames]]>
    </failure>
  </testcase> <!-- AwaitingApproval_Overdue -->
  <testcase classname="_1743PayrollDSB.TC768_773CheckPayroll_AwaitingApprovalClient" name="AwaitingApproval_1week" time="81.615"/>
  <testcase classname="_1743PayrollDSB.TC768_773CheckPayroll_AwaitingApprovalClient" name="AwaitingApproval_1Month" time="48.754"/>
  <testcase classname="_1743PayrollDSB.TC768_773CheckPayroll_AwaitingApprovalClient" name="AwaitingApproval_2Month" time="39.779"/>
  <testcase classname="_1743PayrollDSB.TC768_773CheckPayroll_AwaitingApprovalClient" name="AwaitingApproval_3_6Month" time="51.33"/>
  <testcase classname="_1743PayrollDSB.TC768_773CheckPayroll_AwaitingApprovalClient" name="AwaitingApproval_6plusMonth" time="52.805"/>
  <testcase classname="_1743PayrollDSB.TC705CheckPensionClient" name="GoToUrlAssertUrlPositiveEnterEnterUsernamePositiveEnterEnterpasswordClickLoginButtonGoToUrlAs" time="53.542"/>
  <testcase classname="_1743PayrollDSB.TC713_714CheckTaxablePayForTwoMonths10" name="GoToUrlAssertUrlPositiveEnterEnterUsernamePositiveEnterEnterpasswordClickLoginButtonGoToUrlAs" time="69.69">
    <failure type="java.lang.AssertionError" message="Unable to locate object: By.xpath: //INPUT[@name=&amp;apos;ctl00$ctl00$ParentContent$cPHFilter$txtSearchCompany&amp;apos;]">
      <![CDATA[java.lang.AssertionError: Unable to locate object: By.xpath: //INPUT[@name='ctl00$ctl00$ParentContent$cPHFilter$txtSearchCompany']
at pages.OpenClient.Enter_EnterClientName(OpenClient.java:115)
at _1743PayrollDSB.TC713_714CheckTaxablePayForTwoMonths10.GoToUrlAssertUrlPositiveEnterEnterUsernamePositiveEnterEnterpasswordClickLoginButtonGoToUrlAs(TC713_714CheckTaxablePayForTwoMonths10.java:152)
at java.base/java.util.ArrayList.forEach(ArrayList.java:1541)
... Removed 28 stack frames]]>
    </failure>
  </testcase> <!-- GoToUrlAssertUrlPositiveEnterEnterUsernamePositiveEnterEnterpasswordClickLoginButtonGoToUrlAs -->
  <testcase classname="_1743PayrollDSB.TC713_714CheckTaxablePayForTwoMonths10" name="GoToUrlAssertUrlPositiveEnterEnterUsernamePositiveEnterEnterpasswordClickLoginButtonGoToUrlAs1" time="106.702">
    <failure type="java.lang.AssertionError" message="Unable to locate object: By.xpath: //INPUT[@name=&amp;apos;ctl00$ctl00$ParentContent$cPHFilter$txtSearchCompany&amp;apos;]">
      <![CDATA[java.lang.AssertionError: Unable to locate object: By.xpath: //INPUT[@name='ctl00$ctl00$ParentContent$cPHFilter$txtSearchCompany']
at pages.OpenClient.Enter_EnterClientName(OpenClient.java:115)
at _1743PayrollDSB.TC713_714CheckTaxablePayForTwoMonths10.GoToUrlAssertUrlPositiveEnterEnterUsernamePositiveEnterEnterpasswordClickLoginButtonGoToUrlAs1(TC713_714CheckTaxablePayForTwoMonths10.java:333)
at java.base/java.util.ArrayList.forEach(ArrayList.java:1541)
... Removed 28 stack frames]]>
    </failure>
  </testcase> <!-- GoToUrlAssertUrlPositiveEnterEnterUsernamePositiveEnterEnterpasswordClickLoginButtonGoToUrlAs1 -->
  <testcase classname="_1743PayrollDSB.TC762_767CheckPayroll_AwaitingReviewClient" name="AwaitingReview_Overdue" time="99.215"/>
  <testcase classname="_1743PayrollDSB.TC762_767CheckPayroll_AwaitingReviewClient" name="AwaitingReview_1week" time="117.414"/>
  <testcase classname="_1743PayrollDSB.TC762_767CheckPayroll_AwaitingReviewClient" name="AwaitingReview_1Month" time="47.542"/>
  <testcase classname="_1743PayrollDSB.TC762_767CheckPayroll_AwaitingReviewClient" name="AwaitingReview_2Month" time="50.394"/>
  <testcase classname="_1743PayrollDSB.TC762_767CheckPayroll_AwaitingReviewClient" name="AwaitingReview_3_6Month" time="52.436"/>
  <testcase classname="_1743PayrollDSB.TC762_767CheckPayroll_AwaitingReviewClient" name="AwaitingReview_6plusMonth" time="62.795"/>
  <testcase classname="_1743PayrollDSB.TC698_699CheckTaxablePayJoinMidFortNight14" name="GoToUrlAssertUrlPositiveEnterEnterUsernamePositiveEnterEnterpasswordClickLoginButtonGoToUrlAs" time="173.954"/>
  <testcase classname="_1743PayrollDSB.TC698_699CheckTaxablePayJoinMidFortNight14" name="GoToUrlAssertUrlPositiveEnterEnterUsernamePositiveEnterEnterpasswordClickLoginButtonGoToUrlAs1" time="61.387"/>
  <testcase classname="_1743PayrollDSB.TC698_699CheckTaxablePayJoinMidFortNight6" name="GoToUrlAssertUrlPositiveEnterEnterUsernamePositiveEnterEnterpasswordClickLoginButtonGoToUrlAs" time="76.413"/>
  <testcase classname="_1743PayrollDSB.TC698_699CheckTaxablePayJoinMidFortNight6" name="GoToUrlAssertUrlPositiveEnterEnterUsernamePositiveEnterEnterpasswordClickLoginButtonGoToUrlAs1" time="69.336"/>
  <testcase classname="_1743PayrollDSB.TC756_761CheckPayroll_OnHoldClient" name="OnHold_Overdue" time="48.523"/>
  <testcase classname="_1743PayrollDSB.TC756_761CheckPayroll_OnHoldClient" name="OnHold_1week" time="51.348"/>
  <testcase classname="_1743PayrollDSB.TC756_761CheckPayroll_OnHoldClient" name="OnHold_1Month" time="47.874"/>
  <testcase classname="_1743PayrollDSB.TC756_761CheckPayroll_OnHoldClient" name="OnHold_2Month" time="50.161"/>
  <testcase classname="_1743PayrollDSB.TC756_761CheckPayroll_OnHoldClient" name="OnHold_3_6Month" time="74.338"/>
  <testcase classname="_1743PayrollDSB.TC756_761CheckPayroll_OnHoldClient" name="OnHold_6plusMonth" time="51.527"/>
  <testcase classname="_1743PayrollDSB.TC700_701CheckTaxablePayJoinMidFourWeeklyB" name="GoToUrlAssertUrlPositiveEnterEnterUsernamePositiveEnterEnterpasswordClickLoginButtonGoToUrlAs" time="80.865"/>
  <testcase classname="_1743PayrollDSB.TC700_701CheckTaxablePayJoinMidFourWeeklyB" name="GoToUrlAssertUrlPositiveEnterEnterUsernamePositiveEnterEnterpasswordClickLoginButtonGoToUrlAs1" time="66.63"/>
  <testcase classname="tests.TestBase" name="@BeforeSuite allocateData" time="0.0">
    <ignored/>
  </testcase> <!-- @BeforeSuite allocateData -->
  <testcase classname="tests.TestBase" name="@BeforeSuite allocateData" time="0.0">
    <ignored/>
  </testcase> <!-- @BeforeSuite allocateData -->
  <testcase classname="tests.TestBase" name="@BeforeSuite allocateData" time="0.0">
    <ignored/>
  </testcase> <!-- @BeforeSuite allocateData -->
  <testcase classname="tests.TestBase" name="@BeforeSuite allocateData" time="0.0">
    <ignored/>
  </testcase> <!-- @BeforeSuite allocateData -->
  <testcase classname="tests.TestBase" name="@BeforeSuite allocateData" time="0.0">
    <ignored/>
  </testcase> <!-- @BeforeSuite allocateData -->
  <testcase classname="tests.TestBase" name="@BeforeSuite allocateData" time="0.0">
    <ignored/>
  </testcase> <!-- @BeforeSuite allocateData -->
  <testcase classname="tests.TestBase" name="@BeforeSuite allocateData" time="0.0">
    <ignored/>
  </testcase> <!-- @BeforeSuite allocateData -->
  <testcase classname="tests.TestBase" name="@BeforeSuite allocateData" time="0.0">
    <ignored/>
  </testcase> <!-- @BeforeSuite allocateData -->
  <testcase classname="tests.TestBase" name="@BeforeSuite allocateData" time="0.0">
    <ignored/>
  </testcase> <!-- @BeforeSuite allocateData -->
  <testcase classname="tests.TestBase" name="@BeforeSuite allocateData" time="0.0">
    <ignored/>
  </testcase> <!-- @BeforeSuite allocateData -->
  <testcase classname="tests.TestBase" name="@BeforeSuite allocateData" time="0.0">
    <ignored/>
  </testcase> <!-- @BeforeSuite allocateData -->
  <testcase classname="tests.TestBase" name="@BeforeSuite allocateData" time="0.0">
    <ignored/>
  </testcase> <!-- @BeforeSuite allocateData -->
  <testcase classname="tests.TestBase" name="@BeforeSuite allocateData" time="0.0">
    <ignored/>
  </testcase> <!-- @BeforeSuite allocateData -->
  <testcase classname="tests.TestBase" name="@BeforeSuite allocateData" time="0.0">
    <ignored/>
  </testcase> <!-- @BeforeSuite allocateData -->
  <testcase classname="tests.TestBase" name="@BeforeSuite allocateData" time="0.0">
    <ignored/>
  </testcase> <!-- @BeforeSuite allocateData -->
  <testcase classname="tests.TestBase" name="@BeforeSuite allocateData" time="0.0">
    <ignored/>
  </testcase> <!-- @BeforeSuite allocateData -->
  <testcase classname="tests.TestBase" name="@BeforeSuite allocateData" time="0.0">
    <ignored/>
  </testcase> <!-- @BeforeSuite allocateData -->
  <testcase classname="tests.TestBase" name="@BeforeSuite allocateData" time="0.0">
    <ignored/>
  </testcase> <!-- @BeforeSuite allocateData -->
  <testcase classname="tests.TestBase" name="@BeforeSuite allocateData" time="0.0">
    <ignored/>
  </testcase> <!-- @BeforeSuite allocateData -->
  <testcase classname="tests.TestBase" name="@BeforeSuite allocateData" time="0.0">
    <ignored/>
  </testcase> <!-- @BeforeSuite allocateData -->
  <testcase classname="tests.TestBase" name="@BeforeSuite allocateData" time="0.0">
    <ignored/>
  </testcase> <!-- @BeforeSuite allocateData -->
  <testcase classname="tests.TestBase" name="@BeforeSuite allocateData" time="0.0">
    <ignored/>
  </testcase> <!-- @BeforeSuite allocateData -->
  <testcase classname="tests.TestBase" name="@BeforeSuite allocateData" time="0.0">
    <ignored/>
  </testcase> <!-- @BeforeSuite allocateData -->
  <testcase classname="tests.TestBase" name="@BeforeSuite allocateData" time="0.0">
    <ignored/>
  </testcase> <!-- @BeforeSuite allocateData -->
  <testcase classname="tests.TestBase" name="@BeforeSuite allocateData" time="0.0">
    <ignored/>
  </testcase> <!-- @BeforeSuite allocateData -->
  <testcase classname="tests.TestBase" name="@BeforeSuite allocateData" time="0.0">
    <ignored/>
  </testcase> <!-- @BeforeSuite allocateData -->
  <testcase classname="tests.TestBase" name="@BeforeSuite allocateData" time="0.0">
    <ignored/>
  </testcase> <!-- @BeforeSuite allocateData -->
  <testcase classname="tests.TestBase" name="@BeforeSuite allocateData" time="0.0">
    <ignored/>
  </testcase> <!-- @BeforeSuite allocateData -->
  <testcase classname="tests.TestBase" name="@BeforeSuite allocateData" time="0.0">
    <ignored/>
  </testcase> <!-- @BeforeSuite allocateData -->
  <testcase classname="tests.TestBase" name="@BeforeSuite allocateData" time="0.0">
    <ignored/>
  </testcase> <!-- @BeforeSuite allocateData -->
  <testcase classname="tests.TestBase" name="@BeforeSuite allocateData" time="0.0">
    <ignored/>
  </testcase> <!-- @BeforeSuite allocateData -->
  <testcase classname="tests.TestBase" name="@BeforeSuite allocateData" time="0.0">
    <ignored/>
  </testcase> <!-- @BeforeSuite allocateData -->
  <testcase classname="tests.TestBase" name="@BeforeSuite allocateData" time="0.0">
    <ignored/>
  </testcase> <!-- @BeforeSuite allocateData -->
  <testcase classname="tests.TestBase" name="@BeforeSuite allocateData" time="0.0">
    <ignored/>
  </testcase> <!-- @BeforeSuite allocateData -->
  <testcase classname="tests.TestBase" name="@BeforeSuite allocateData" time="0.0">
    <ignored/>
  </testcase> <!-- @BeforeSuite allocateData -->
  <testcase classname="_1743PayrollDSB.TC774_779CheckPayroll_DefferedClient" name="Deffered_3_6Month" time="0.0">
    <ignored/>
  </testcase> <!-- Deffered_3_6Month -->
  <testcase classname="_1743PayrollDSB.TC774_779CheckPayroll_DefferedClient" name="Deffered_1week" time="0.0">
    <ignored/>
  </testcase> <!-- Deffered_1week -->
  <testcase classname="_1743PayrollDSB.TC744_749CheckPayroll_DefferedClient" name="Deffered_1week" time="0.0">
    <ignored/>
  </testcase> <!-- Deffered_1week -->
  <testcase classname="_1743PayrollDSB.TC774_779CheckPayroll_DefferedClient" name="Deffered_Overdue" time="0.0">
    <ignored/>
  </testcase> <!-- Deffered_Overdue -->
  <testcase classname="_1743PayrollDSB.TC744_749CheckPayroll_DefferedClient" name="Deffered_3_6Month" time="0.0">
    <ignored/>
  </testcase> <!-- Deffered_3_6Month -->
  <testcase classname="_1743PayrollDSB.TC744_749CheckPayroll_DefferedClient" name="Deffered_2Month" time="0.0">
    <ignored/>
  </testcase> <!-- Deffered_2Month -->
  <testcase classname="_1743PayrollDSB.TC774_779CheckPayroll_DefferedClient" name="Deffered_2Month" time="0.0">
    <ignored/>
  </testcase> <!-- Deffered_2Month -->
  <testcase classname="tests.TestBase" name="@BeforeSuite setupReporter" time="0.0">
    <ignored/>
  </testcase> <!-- @BeforeSuite setupReporter -->
  <testcase classname="tests.TestBase" name="@BeforeSuite setupReporter" time="0.0">
    <ignored/>
  </testcase> <!-- @BeforeSuite setupReporter -->
  <testcase classname="tests.TestBase" name="@BeforeSuite setupReporter" time="0.0">
    <ignored/>
  </testcase> <!-- @BeforeSuite setupReporter -->
  <testcase classname="tests.TestBase" name="@BeforeSuite setupReporter" time="0.0">
    <ignored/>
  </testcase> <!-- @BeforeSuite setupReporter -->
  <testcase classname="tests.TestBase" name="@BeforeSuite setupReporter" time="0.0">
    <ignored/>
  </testcase> <!-- @BeforeSuite setupReporter -->
  <testcase classname="tests.TestBase" name="@BeforeSuite setupReporter" time="0.0">
    <ignored/>
  </testcase> <!-- @BeforeSuite setupReporter -->
  <testcase classname="tests.TestBase" name="@BeforeSuite setupReporter" time="0.0">
    <ignored/>
  </testcase> <!-- @BeforeSuite setupReporter -->
  <testcase classname="tests.TestBase" name="@BeforeSuite setupReporter" time="0.0">
    <ignored/>
  </testcase> <!-- @BeforeSuite setupReporter -->
  <testcase classname="tests.TestBase" name="@BeforeSuite setupReporter" time="0.0">
    <ignored/>
  </testcase> <!-- @BeforeSuite setupReporter -->
  <testcase classname="tests.TestBase" name="@BeforeSuite setupReporter" time="0.0">
    <ignored/>
  </testcase> <!-- @BeforeSuite setupReporter -->
  <testcase classname="tests.TestBase" name="@BeforeSuite setupReporter" time="0.0">
    <ignored/>
  </testcase> <!-- @BeforeSuite setupReporter -->
  <testcase classname="tests.TestBase" name="@BeforeSuite setupReporter" time="0.0">
    <ignored/>
  </testcase> <!-- @BeforeSuite setupReporter -->
  <testcase classname="tests.TestBase" name="@BeforeSuite setupReporter" time="0.0">
    <ignored/>
  </testcase> <!-- @BeforeSuite setupReporter -->
  <testcase classname="tests.TestBase" name="@BeforeSuite setupReporter" time="0.0">
    <ignored/>
  </testcase> <!-- @BeforeSuite setupReporter -->
  <testcase classname="tests.TestBase" name="@BeforeSuite setupReporter" time="0.0">
    <ignored/>
  </testcase> <!-- @BeforeSuite setupReporter -->
  <testcase classname="tests.TestBase" name="@BeforeSuite setupReporter" time="0.0">
    <ignored/>
  </testcase> <!-- @BeforeSuite setupReporter -->
  <testcase classname="tests.TestBase" name="@BeforeSuite setupReporter" time="0.0">
    <ignored/>
  </testcase> <!-- @BeforeSuite setupReporter -->
  <testcase classname="tests.TestBase" name="@BeforeSuite setupReporter" time="0.0">
    <ignored/>
  </testcase> <!-- @BeforeSuite setupReporter -->
  <testcase classname="tests.TestBase" name="@BeforeSuite setupReporter" time="0.0">
    <ignored/>
  </testcase> <!-- @BeforeSuite setupReporter -->
  <testcase classname="tests.TestBase" name="@BeforeSuite setupReporter" time="0.0">
    <ignored/>
  </testcase> <!-- @BeforeSuite setupReporter -->
  <testcase classname="tests.TestBase" name="@BeforeSuite setupReporter" time="0.0">
    <ignored/>
  </testcase> <!-- @BeforeSuite setupReporter -->
  <testcase classname="tests.TestBase" name="@BeforeSuite setupReporter" time="0.0">
    <ignored/>
  </testcase> <!-- @BeforeSuite setupReporter -->
  <testcase classname="tests.TestBase" name="@BeforeSuite setupReporter" time="0.0">
    <ignored/>
  </testcase> <!-- @BeforeSuite setupReporter -->
  <testcase classname="tests.TestBase" name="@BeforeSuite setupReporter" time="0.0">
    <ignored/>
  </testcase> <!-- @BeforeSuite setupReporter -->
  <testcase classname="tests.TestBase" name="@BeforeSuite setupReporter" time="0.0">
    <ignored/>
  </testcase> <!-- @BeforeSuite setupReporter -->
  <testcase classname="tests.TestBase" name="@BeforeSuite setupReporter" time="0.0">
    <ignored/>
  </testcase> <!-- @BeforeSuite setupReporter -->
  <testcase classname="tests.TestBase" name="@BeforeSuite setupReporter" time="0.0">
    <ignored/>
  </testcase> <!-- @BeforeSuite setupReporter -->
  <testcase classname="tests.TestBase" name="@BeforeSuite setupReporter" time="0.0">
    <ignored/>
  </testcase> <!-- @BeforeSuite setupReporter -->
  <testcase classname="tests.TestBase" name="@BeforeSuite setupReporter" time="0.0">
    <ignored/>
  </testcase> <!-- @BeforeSuite setupReporter -->
  <testcase classname="tests.TestBase" name="@BeforeSuite setupReporter" time="0.0">
    <ignored/>
  </testcase> <!-- @BeforeSuite setupReporter -->
  <testcase classname="tests.TestBase" name="@BeforeSuite setupReporter" time="0.0">
    <ignored/>
  </testcase> <!-- @BeforeSuite setupReporter -->
  <testcase classname="tests.TestBase" name="@BeforeSuite setupReporter" time="0.0">
    <ignored/>
  </testcase> <!-- @BeforeSuite setupReporter -->
  <testcase classname="tests.TestBase" name="@BeforeSuite setupReporter" time="0.0">
    <ignored/>
  </testcase> <!-- @BeforeSuite setupReporter -->
  <testcase classname="tests.TestBase" name="@BeforeSuite setupReporter" time="0.0">
    <ignored/>
  </testcase> <!-- @BeforeSuite setupReporter -->
  <testcase classname="tests.TestBase" name="@BeforeSuite setupReporter" time="0.0">
    <ignored/>
  </testcase> <!-- @BeforeSuite setupReporter -->
  <testcase classname="_1743PayrollDSB.TC744_749CheckPayroll_DefferedClient" name="Deffered_Overdue" time="0.0">
    <ignored/>
  </testcase> <!-- Deffered_Overdue -->
  <testcase classname="_1743PayrollDSB.TC702CheckTaxablePayJoinMidFourWeekly16" name="GoToUrlAssertUrlPositiveEnterEnterUsernamePositiveEnterEnterpasswordClickLoginButtonGoToUrlAs1" time="0.0">
    <ignored/>
  </testcase> <!-- GoToUrlAssertUrlPositiveEnterEnterUsernamePositiveEnterEnterpasswordClickLoginButtonGoToUrlAs1 -->
  <testcase classname="tests.TestBase" name="@AfterSuite closeReporter" time="0.0">
    <ignored/>
  </testcase> <!-- @AfterSuite closeReporter -->
  <testcase classname="tests.TestBase" name="@AfterSuite closeReporter" time="0.0">
    <ignored/>
  </testcase> <!-- @AfterSuite closeReporter -->
  <testcase classname="tests.TestBase" name="@AfterSuite closeReporter" time="0.0">
    <ignored/>
  </testcase> <!-- @AfterSuite closeReporter -->
  <testcase classname="tests.TestBase" name="@AfterSuite closeReporter" time="0.0">
    <ignored/>
  </testcase> <!-- @AfterSuite closeReporter -->
  <testcase classname="tests.TestBase" name="@AfterSuite closeReporter" time="0.0">
    <ignored/>
  </testcase> <!-- @AfterSuite closeReporter -->
  <testcase classname="tests.TestBase" name="@AfterSuite closeReporter" time="0.0">
    <ignored/>
  </testcase> <!-- @AfterSuite closeReporter -->
  <testcase classname="tests.TestBase" name="@AfterSuite closeReporter" time="0.0">
    <ignored/>
  </testcase> <!-- @AfterSuite closeReporter -->
  <testcase classname="tests.TestBase" name="@AfterSuite closeReporter" time="0.0">
    <ignored/>
  </testcase> <!-- @AfterSuite closeReporter -->
  <testcase classname="tests.TestBase" name="@AfterSuite closeReporter" time="0.0">
    <ignored/>
  </testcase> <!-- @AfterSuite closeReporter -->
  <testcase classname="tests.TestBase" name="@AfterSuite closeReporter" time="0.0">
    <ignored/>
  </testcase> <!-- @AfterSuite closeReporter -->
  <testcase classname="tests.TestBase" name="@AfterSuite closeReporter" time="0.0">
    <ignored/>
  </testcase> <!-- @AfterSuite closeReporter -->
  <testcase classname="tests.TestBase" name="@AfterSuite closeReporter" time="0.0">
    <ignored/>
  </testcase> <!-- @AfterSuite closeReporter -->
  <testcase classname="tests.TestBase" name="@AfterSuite closeReporter" time="0.0">
    <ignored/>
  </testcase> <!-- @AfterSuite closeReporter -->
  <testcase classname="tests.TestBase" name="@AfterSuite closeReporter" time="0.0">
    <ignored/>
  </testcase> <!-- @AfterSuite closeReporter -->
  <testcase classname="tests.TestBase" name="@AfterSuite closeReporter" time="0.0">
    <ignored/>
  </testcase> <!-- @AfterSuite closeReporter -->
  <testcase classname="tests.TestBase" name="@AfterSuite closeReporter" time="0.0">
    <ignored/>
  </testcase> <!-- @AfterSuite closeReporter -->
  <testcase classname="tests.TestBase" name="@AfterSuite closeReporter" time="0.0">
    <ignored/>
  </testcase> <!-- @AfterSuite closeReporter -->
  <testcase classname="tests.TestBase" name="@AfterSuite closeReporter" time="0.0">
    <ignored/>
  </testcase> <!-- @AfterSuite closeReporter -->
  <testcase classname="tests.TestBase" name="@AfterSuite closeReporter" time="0.0">
    <ignored/>
  </testcase> <!-- @AfterSuite closeReporter -->
  <testcase classname="tests.TestBase" name="@AfterSuite closeReporter" time="0.0">
    <ignored/>
  </testcase> <!-- @AfterSuite closeReporter -->
  <testcase classname="tests.TestBase" name="@AfterSuite closeReporter" time="0.0">
    <ignored/>
  </testcase> <!-- @AfterSuite closeReporter -->
  <testcase classname="tests.TestBase" name="@AfterSuite closeReporter" time="0.0">
    <ignored/>
  </testcase> <!-- @AfterSuite closeReporter -->
  <testcase classname="tests.TestBase" name="@AfterSuite closeReporter" time="0.0">
    <ignored/>
  </testcase> <!-- @AfterSuite closeReporter -->
  <testcase classname="tests.TestBase" name="@AfterSuite closeReporter" time="0.0">
    <ignored/>
  </testcase> <!-- @AfterSuite closeReporter -->
  <testcase classname="tests.TestBase" name="@AfterSuite closeReporter" time="0.0">
    <ignored/>
  </testcase> <!-- @AfterSuite closeReporter -->
  <testcase classname="tests.TestBase" name="@AfterSuite closeReporter" time="0.0">
    <ignored/>
  </testcase> <!-- @AfterSuite closeReporter -->
  <testcase classname="tests.TestBase" name="@AfterSuite closeReporter" time="0.0">
    <ignored/>
  </testcase> <!-- @AfterSuite closeReporter -->
  <testcase classname="tests.TestBase" name="@AfterSuite closeReporter" time="0.0">
    <ignored/>
  </testcase> <!-- @AfterSuite closeReporter -->
  <testcase classname="tests.TestBase" name="@AfterSuite closeReporter" time="0.0">
    <ignored/>
  </testcase> <!-- @AfterSuite closeReporter -->
  <testcase classname="tests.TestBase" name="@AfterSuite closeReporter" time="0.0">
    <ignored/>
  </testcase> <!-- @AfterSuite closeReporter -->
  <testcase classname="tests.TestBase" name="@AfterSuite closeReporter" time="0.0">
    <ignored/>
  </testcase> <!-- @AfterSuite closeReporter -->
  <testcase classname="tests.TestBase" name="@AfterSuite closeReporter" time="0.0">
    <ignored/>
  </testcase> <!-- @AfterSuite closeReporter -->
  <testcase classname="tests.TestBase" name="@AfterSuite closeReporter" time="0.0">
    <ignored/>
  </testcase> <!-- @AfterSuite closeReporter -->
  <testcase classname="tests.TestBase" name="@AfterSuite closeReporter" time="0.0">
    <ignored/>
  </testcase> <!-- @AfterSuite closeReporter -->
  <testcase classname="tests.TestBase" name="@AfterSuite closeReporter" time="0.0">
    <ignored/>
  </testcase> <!-- @AfterSuite closeReporter -->
  <testcase classname="_1743PayrollDSB.TC702CheckTaxablePayJoinMidFourWeeklyA" name="GoToUrlAssertUrlPositiveEnterEnterUsernamePositiveEnterEnterpasswordClickLoginButtonGoToUrlAs1" time="0.0">
    <ignored/>
  </testcase> <!-- GoToUrlAssertUrlPositiveEnterEnterUsernamePositiveEnterEnterpasswordClickLoginButtonGoToUrlAs1 -->
  <testcase classname="_1743PayrollDSB.TC702CheckTaxablePayJoinMidFourWeekly8" name="GoToUrlAssertUrlPositiveEnterEnterUsernamePositiveEnterEnterpasswordClickLoginButtonGoToUrlAs1" time="0.0">
    <ignored/>
  </testcase> <!-- GoToUrlAssertUrlPositiveEnterEnterUsernamePositiveEnterEnterpasswordClickLoginButtonGoToUrlAs1 -->
  <testcase classname="_1743PayrollDSB.TC744_749CheckPayroll_DefferedClient" name="Deffered_1Month" time="0.0">
    <ignored/>
  </testcase> <!-- Deffered_1Month -->
  <testcase classname="_1743PayrollDSB.TC774_779CheckPayroll_DefferedClient" name="Deffered_1Month" time="0.0">
    <ignored/>
  </testcase> <!-- Deffered_1Month -->
</testsuite> <!-- _1743PDSB2Test -->
