<html>
<head>
<title>TestNG:  _1743PDSB2Test</title>
<link href="../testng.css" rel="stylesheet" type="text/css" />
<link href="../my-testng.css" rel="stylesheet" type="text/css" />

<style type="text/css">
.log { display: none;} 
.stack-trace { display: none;} 
</style>
<script type="text/javascript">
<!--
function flip(e) {
  current = e.style.display;
  if (current == 'block') {
    e.style.display = 'none';
    return 0;
  }
  else {
    e.style.display = 'block';
    return 1;
  }
}

function toggleBox(szDivId, elem, msg1, msg2)
{
  var res = -1;  if (document.getElementById) {
    res = flip(document.getElementById(szDivId));
  }
  else if (document.all) {
    // this is the way old msie versions work
    res = flip(document.all[szDivId]);
  }
  if(elem) {
    if(res == 0) elem.innerHTML = msg1; else elem.innerHTML = msg2;
  }

}

function toggleAllBoxes() {
  if (document.getElementsByTagName) {
    d = document.getElementsByTagName('div');
    for (i = 0; i < d.length; i++) {
      if (d[i].className == 'log') {
        flip(d[i]);
      }
    }
  }
}

// -->
</script>

</head>
<body>
<h2 align='center'>_1743PDSB2Test</h2><table border='1' align="center">
<tr>
<td>Tests passed/Failed/Skipped:</td><td>82/8/0</td>
</tr><tr>
<td>Started on:</td><td>Fri Dec 10 13:44:28 IST 2021</td>
</tr>
<tr><td>Total time:</td><td>5912 seconds (5912646 ms)</td>
</tr><tr>
<td>Included groups:</td><td></td>
</tr><tr>
<td>Excluded groups:</td><td></td>
</tr>
</table><p/>
<small><i>(Hover the method name to see the test class name)</i></small><p/>
<table width='100%' border='1' class='invocation-failed'>
<tr><td colspan='4' align='center'><b>FAILED TESTS</b></td></tr>
<tr><td><b>Test method</b></td>
<td width="30%"><b>Exception</b></td>
<td width="10%"><b>Time (seconds)</b></td>
<td><b>Instance</b></td>
</tr>
<tr>
<td title='_1743PayrollDSB.TC768_773CheckPayroll_AwaitingApprovalClient.AwaitingApproval_Overdue()'><b>AwaitingApproval_Overdue</b><br>Test class: _1743PayrollDSB.TC768_773CheckPayroll_AwaitingApprovalClient</td>
<td><div><pre>org.openqa.selenium.NoSuchElementException: no such element: Unable to locate element: {&quot;method&quot;:&quot;xpath&quot;,&quot;selector&quot;:&quot;//*[@id=&apos;ctl00_ctl00_ParentContent_divSubContent&apos;]/div[3]/div[3]/div[2]/div[3]/div/div/div/div/table/tbody/tr[5]/td[2]/span/a&quot;}
  (Session info: chrome=96.0.4664.93)
For documentation on this error, please visit: http://seleniumhq.org/exceptions/no_such_element.html
Build info: version: &apos;3.11.0&apos;, revision: &apos;e59cfb3&apos;, time: &apos;2018-03-11T20:26:55.152Z&apos;
System info: host: &apos;NOM-31&apos;, ip: &apos;192.168.1.28&apos;, os.name: &apos;Windows 10&apos;, os.arch: &apos;amd64&apos;, os.version: &apos;10.0&apos;, java.version: &apos;11.0.12&apos;
Driver info: org.openqa.selenium.chrome.ChromeDriver
Capabilities {acceptInsecureCerts: false, browserName: chrome, browserVersion: 96.0.4664.93, chrome: {chromedriverVersion: 96.0.4664.45 (76e4c1bb2ab46..., userDataDir: C:\Users\ADMINI~1\AppData\L...}, goog:chromeOptions: {debuggerAddress: localhost:52379}, javascriptEnabled: true, networkConnectionEnabled: false, pageLoadStrategy: normal, platform: WINDOWS, platformName: WINDOWS, proxy: Proxy(), setWindowRect: true, strictFileInteractability: false, timeouts: {implicit: 0, pageLoad: 300000, script: 30000}, unhandledPromptBehavior: dismiss and notify, webauthn:extension:credBlob: true, webauthn:extension:largeBlob: true, webauthn:virtualAuthenticators: true}
Session ID: cd16a72c04e804f8f26103d05c5d3353
*** Element info: {Using=xpath, value=//*[@id=&apos;ctl00_ctl00_ParentContent_divSubContent&apos;]/div[3]/div[3]/div[2]/div[3]/div/div/div/div/table/tbody/tr[5]/td[2]/span/a}
	at org.openqa.selenium.remote.http.W3CHttpResponseCodec.createException(W3CHttpResponseCodec.java:187)
	at org.openqa.selenium.remote.http.W3CHttpResponseCodec.decode(W3CHttpResponseCodec.java:122)
	at org.openqa.selenium.remote.http.W3CHttpResponseCodec.decode(W3CHttpResponseCodec.java:49)
	at org.openqa.selenium.remote.HttpCommandExecutor.execute(HttpCommandExecutor.java:158)
	at org.openqa.selenium.remote.service.DriverCommandExecutor.execute(DriverCommandExecutor.java:83)
	at org.openqa.selenium.remote.RemoteWebDriver.execute(RemoteWebDriver.java:545)
	at org.openqa.selenium.remote.RemoteWebDriver.findElement(RemoteWebDriver.java:319)
	at org.openqa.selenium.remote.RemoteWebDriver.findElementByXPath(RemoteWebDriver.java:421)
	at org.openqa.selenium.By$ByXPath.findElement(By.java:361)
	at org.openqa.selenium.remote.RemoteWebDriver.findElement(RemoteWebDriver.java:311)
	at _1743Agent_Dashboard.AgentDsbPayroll.getCountPayroll_Overdue_AwaitingApproval(AgentDsbPayroll.java:837)
	at _1743PayrollDSB.TC768_773CheckPayroll_AwaitingApprovalClient.AwaitingApproval_Overdue(TC768_773CheckPayroll_AwaitingApprovalClient.java:95)
	at java.base/java.util.ArrayList.forEach(ArrayList.java:1541)
... Removed 30 stack frames</pre></div><a href='#' onClick='toggleBox("stack-trace1816073816", this, "Click to show all stack frames", "Click to hide stack frames")'>Click to show all stack frames</a>
<div class='stack-trace' id='stack-trace1816073816'><pre>org.openqa.selenium.NoSuchElementException: no such element: Unable to locate element: {&quot;method&quot;:&quot;xpath&quot;,&quot;selector&quot;:&quot;//*[@id=&apos;ctl00_ctl00_ParentContent_divSubContent&apos;]/div[3]/div[3]/div[2]/div[3]/div/div/div/div/table/tbody/tr[5]/td[2]/span/a&quot;}
  (Session info: chrome=96.0.4664.93)
For documentation on this error, please visit: http://seleniumhq.org/exceptions/no_such_element.html
Build info: version: &apos;3.11.0&apos;, revision: &apos;e59cfb3&apos;, time: &apos;2018-03-11T20:26:55.152Z&apos;
System info: host: &apos;NOM-31&apos;, ip: &apos;192.168.1.28&apos;, os.name: &apos;Windows 10&apos;, os.arch: &apos;amd64&apos;, os.version: &apos;10.0&apos;, java.version: &apos;11.0.12&apos;
Driver info: org.openqa.selenium.chrome.ChromeDriver
Capabilities {acceptInsecureCerts: false, browserName: chrome, browserVersion: 96.0.4664.93, chrome: {chromedriverVersion: 96.0.4664.45 (76e4c1bb2ab46..., userDataDir: C:\Users\ADMINI~1\AppData\L...}, goog:chromeOptions: {debuggerAddress: localhost:52379}, javascriptEnabled: true, networkConnectionEnabled: false, pageLoadStrategy: normal, platform: WINDOWS, platformName: WINDOWS, proxy: Proxy(), setWindowRect: true, strictFileInteractability: false, timeouts: {implicit: 0, pageLoad: 300000, script: 30000}, unhandledPromptBehavior: dismiss and notify, webauthn:extension:credBlob: true, webauthn:extension:largeBlob: true, webauthn:virtualAuthenticators: true}
Session ID: cd16a72c04e804f8f26103d05c5d3353
*** Element info: {Using=xpath, value=//*[@id=&apos;ctl00_ctl00_ParentContent_divSubContent&apos;]/div[3]/div[3]/div[2]/div[3]/div/div/div/div/table/tbody/tr[5]/td[2]/span/a}
	at jdk.internal.reflect.GeneratedConstructorAccessor37.newInstance(Unknown Source)
	at java.base/jdk.internal.reflect.DelegatingConstructorAccessorImpl.newInstance(DelegatingConstructorAccessorImpl.java:45)
	at java.base/java.lang.reflect.Constructor.newInstance(Constructor.java:490)
	at org.openqa.selenium.remote.http.W3CHttpResponseCodec.createException(W3CHttpResponseCodec.java:187)
	at org.openqa.selenium.remote.http.W3CHttpResponseCodec.decode(W3CHttpResponseCodec.java:122)
	at org.openqa.selenium.remote.http.W3CHttpResponseCodec.decode(W3CHttpResponseCodec.java:49)
	at org.openqa.selenium.remote.HttpCommandExecutor.execute(HttpCommandExecutor.java:158)
	at org.openqa.selenium.remote.service.DriverCommandExecutor.execute(DriverCommandExecutor.java:83)
	at org.openqa.selenium.remote.RemoteWebDriver.execute(RemoteWebDriver.java:545)
	at org.openqa.selenium.remote.RemoteWebDriver.findElement(RemoteWebDriver.java:319)
	at org.openqa.selenium.remote.RemoteWebDriver.findElementByXPath(RemoteWebDriver.java:421)
	at org.openqa.selenium.By$ByXPath.findElement(By.java:361)
	at org.openqa.selenium.remote.RemoteWebDriver.findElement(RemoteWebDriver.java:311)
	at _1743Agent_Dashboard.AgentDsbPayroll.getCountPayroll_Overdue_AwaitingApproval(AgentDsbPayroll.java:837)
	at _1743PayrollDSB.TC768_773CheckPayroll_AwaitingApprovalClient.AwaitingApproval_Overdue(TC768_773CheckPayroll_AwaitingApprovalClient.java:95)
	at java.base/jdk.internal.reflect.NativeMethodAccessorImpl.invoke0(Native Method)
	at java.base/jdk.internal.reflect.NativeMethodAccessorImpl.invoke(NativeMethodAccessorImpl.java:62)
	at java.base/jdk.internal.reflect.DelegatingMethodAccessorImpl.invoke(DelegatingMethodAccessorImpl.java:43)
	at java.base/java.lang.reflect.Method.invoke(Method.java:566)
	at org.testng.internal.MethodInvocationHelper.invokeMethod(MethodInvocationHelper.java:132)
	at org.testng.internal.TestInvoker.invokeMethod(TestInvoker.java:599)
	at org.testng.internal.TestInvoker.invokeTestMethod(TestInvoker.java:174)
	at org.testng.internal.MethodRunner.runInSequence(MethodRunner.java:46)
	at org.testng.internal.TestInvoker$MethodInvocationAgent.invoke(TestInvoker.java:822)
	at org.testng.internal.TestInvoker.invokeTestMethods(TestInvoker.java:147)
	at org.testng.internal.TestMethodWorker.invokeTestMethods(TestMethodWorker.java:146)
	at org.testng.internal.TestMethodWorker.run(TestMethodWorker.java:128)
	at java.base/java.util.ArrayList.forEach(ArrayList.java:1541)
	at org.testng.TestRunner.privateRun(TestRunner.java:764)
	at org.testng.TestRunner.run(TestRunner.java:585)
	at org.testng.SuiteRunner.runTest(SuiteRunner.java:384)
	at org.testng.SuiteRunner.runSequentially(SuiteRunner.java:378)
	at org.testng.SuiteRunner.privateRun(SuiteRunner.java:337)
	at org.testng.SuiteRunner.run(SuiteRunner.java:286)
	at org.testng.SuiteRunnerWorker.runSuite(SuiteRunnerWorker.java:53)
	at org.testng.SuiteRunnerWorker.run(SuiteRunnerWorker.java:96)
	at org.testng.TestNG.runSuitesSequentially(TestNG.java:1218)
	at org.testng.TestNG.runSuitesLocally(TestNG.java:1140)
	at org.testng.TestNG.runSuites(TestNG.java:1069)
	at org.testng.TestNG.run(TestNG.java:1037)
	at org.testng.remote.AbstractRemoteTestNG.run(AbstractRemoteTestNG.java:115)
	at org.testng.remote.RemoteTestNG.initAndRun(RemoteTestNG.java:251)
	at org.testng.remote.RemoteTestNG.main(RemoteTestNG.java:77)
</pre></div></td>
<td>55</td>
<td>_1743PayrollDSB.TC768_773CheckPayroll_AwaitingApprovalClient@201b6b6f</td></tr>
<tr>
<td title='_1743PayrollDSB.TC709_710CheckTaxablePayForTwoMonths10.GoToUrlAssertUrlPositiveEnterEnterUsernamePositiveEnterEnterpasswordClickLoginButtonGoToUrlAs()'><b>GoToUrlAssertUrlPositiveEnterEnterUsernamePositiveEnterEnterpasswordClickLoginButtonGoToUrlAs</b><br>Test class: _1743PayrollDSB.TC709_710CheckTaxablePayForTwoMonths10</td>
<td><div><pre>java.lang.AssertionError: Unable to locate object: By.xpath: //INPUT[@name=&apos;ctl00$ctl00$ParentContent$cPHFilter$txtSearchCompany&apos;]
	at pages.OpenClient.Enter_EnterClientName(OpenClient.java:115)
	at _1743PayrollDSB.TC709_710CheckTaxablePayForTwoMonths10.GoToUrlAssertUrlPositiveEnterEnterUsernamePositiveEnterEnterpasswordClickLoginButtonGoToUrlAs(TC709_710CheckTaxablePayForTwoMonths10.java:152)
	at java.base/java.util.ArrayList.forEach(ArrayList.java:1541)
... Removed 28 stack frames</pre></div><a href='#' onClick='toggleBox("stack-trace1320248993", this, "Click to show all stack frames", "Click to hide stack frames")'>Click to show all stack frames</a>
<div class='stack-trace' id='stack-trace1320248993'><pre>java.lang.AssertionError: Unable to locate object: By.xpath: //INPUT[@name=&apos;ctl00$ctl00$ParentContent$cPHFilter$txtSearchCompany&apos;]
	at org.testng.Assert.fail(Assert.java:99)
	at pages.OpenClient.Enter_EnterClientName(OpenClient.java:115)
	at _1743PayrollDSB.TC709_710CheckTaxablePayForTwoMonths10.GoToUrlAssertUrlPositiveEnterEnterUsernamePositiveEnterEnterpasswordClickLoginButtonGoToUrlAs(TC709_710CheckTaxablePayForTwoMonths10.java:152)
	at java.base/jdk.internal.reflect.NativeMethodAccessorImpl.invoke0(Native Method)
	at java.base/jdk.internal.reflect.NativeMethodAccessorImpl.invoke(NativeMethodAccessorImpl.java:62)
	at java.base/jdk.internal.reflect.DelegatingMethodAccessorImpl.invoke(DelegatingMethodAccessorImpl.java:43)
	at java.base/java.lang.reflect.Method.invoke(Method.java:566)
	at org.testng.internal.MethodInvocationHelper.invokeMethod(MethodInvocationHelper.java:132)
	at org.testng.internal.TestInvoker.invokeMethod(TestInvoker.java:599)
	at org.testng.internal.TestInvoker.invokeTestMethod(TestInvoker.java:174)
	at org.testng.internal.MethodRunner.runInSequence(MethodRunner.java:46)
	at org.testng.internal.TestInvoker$MethodInvocationAgent.invoke(TestInvoker.java:822)
	at org.testng.internal.TestInvoker.invokeTestMethods(TestInvoker.java:147)
	at org.testng.internal.TestMethodWorker.invokeTestMethods(TestMethodWorker.java:146)
	at org.testng.internal.TestMethodWorker.run(TestMethodWorker.java:128)
	at java.base/java.util.ArrayList.forEach(ArrayList.java:1541)
	at org.testng.TestRunner.privateRun(TestRunner.java:764)
	at org.testng.TestRunner.run(TestRunner.java:585)
	at org.testng.SuiteRunner.runTest(SuiteRunner.java:384)
	at org.testng.SuiteRunner.runSequentially(SuiteRunner.java:378)
	at org.testng.SuiteRunner.privateRun(SuiteRunner.java:337)
	at org.testng.SuiteRunner.run(SuiteRunner.java:286)
	at org.testng.SuiteRunnerWorker.runSuite(SuiteRunnerWorker.java:53)
	at org.testng.SuiteRunnerWorker.run(SuiteRunnerWorker.java:96)
	at org.testng.TestNG.runSuitesSequentially(TestNG.java:1218)
	at org.testng.TestNG.runSuitesLocally(TestNG.java:1140)
	at org.testng.TestNG.runSuites(TestNG.java:1069)
	at org.testng.TestNG.run(TestNG.java:1037)
	at org.testng.remote.AbstractRemoteTestNG.run(AbstractRemoteTestNG.java:115)
	at org.testng.remote.RemoteTestNG.initAndRun(RemoteTestNG.java:251)
	at org.testng.remote.RemoteTestNG.main(RemoteTestNG.java:77)
</pre></div></td>
<td>43</td>
<td>_1743PayrollDSB.TC709_710CheckTaxablePayForTwoMonths10@56a4479a</td></tr>
<tr>
<td title='_1743PayrollDSB.TC711_712CheckTaxablePayForTwoMonths10.GoToUrlAssertUrlPositiveEnterEnterUsernamePositiveEnterEnterpasswordClickLoginButtonGoToUrlAs()'><b>GoToUrlAssertUrlPositiveEnterEnterUsernamePositiveEnterEnterpasswordClickLoginButtonGoToUrlAs</b><br>Test class: _1743PayrollDSB.TC711_712CheckTaxablePayForTwoMonths10</td>
<td><div><pre>java.lang.AssertionError: Unable to locate object: By.xpath: //INPUT[@name=&apos;ctl00$ctl00$ParentContent$cPHFilter$txtSearchCompany&apos;]
	at pages.OpenClient.Enter_EnterClientName(OpenClient.java:115)
	at _1743PayrollDSB.TC711_712CheckTaxablePayForTwoMonths10.GoToUrlAssertUrlPositiveEnterEnterUsernamePositiveEnterEnterpasswordClickLoginButtonGoToUrlAs(TC711_712CheckTaxablePayForTwoMonths10.java:152)
	at java.base/java.util.ArrayList.forEach(ArrayList.java:1541)
... Removed 28 stack frames</pre></div><a href='#' onClick='toggleBox("stack-trace718057154", this, "Click to show all stack frames", "Click to hide stack frames")'>Click to show all stack frames</a>
<div class='stack-trace' id='stack-trace718057154'><pre>java.lang.AssertionError: Unable to locate object: By.xpath: //INPUT[@name=&apos;ctl00$ctl00$ParentContent$cPHFilter$txtSearchCompany&apos;]
	at org.testng.Assert.fail(Assert.java:99)
	at pages.OpenClient.Enter_EnterClientName(OpenClient.java:115)
	at _1743PayrollDSB.TC711_712CheckTaxablePayForTwoMonths10.GoToUrlAssertUrlPositiveEnterEnterUsernamePositiveEnterEnterpasswordClickLoginButtonGoToUrlAs(TC711_712CheckTaxablePayForTwoMonths10.java:152)
	at java.base/jdk.internal.reflect.NativeMethodAccessorImpl.invoke0(Native Method)
	at java.base/jdk.internal.reflect.NativeMethodAccessorImpl.invoke(NativeMethodAccessorImpl.java:62)
	at java.base/jdk.internal.reflect.DelegatingMethodAccessorImpl.invoke(DelegatingMethodAccessorImpl.java:43)
	at java.base/java.lang.reflect.Method.invoke(Method.java:566)
	at org.testng.internal.MethodInvocationHelper.invokeMethod(MethodInvocationHelper.java:132)
	at org.testng.internal.TestInvoker.invokeMethod(TestInvoker.java:599)
	at org.testng.internal.TestInvoker.invokeTestMethod(TestInvoker.java:174)
	at org.testng.internal.MethodRunner.runInSequence(MethodRunner.java:46)
	at org.testng.internal.TestInvoker$MethodInvocationAgent.invoke(TestInvoker.java:822)
	at org.testng.internal.TestInvoker.invokeTestMethods(TestInvoker.java:147)
	at org.testng.internal.TestMethodWorker.invokeTestMethods(TestMethodWorker.java:146)
	at org.testng.internal.TestMethodWorker.run(TestMethodWorker.java:128)
	at java.base/java.util.ArrayList.forEach(ArrayList.java:1541)
	at org.testng.TestRunner.privateRun(TestRunner.java:764)
	at org.testng.TestRunner.run(TestRunner.java:585)
	at org.testng.SuiteRunner.runTest(SuiteRunner.java:384)
	at org.testng.SuiteRunner.runSequentially(SuiteRunner.java:378)
	at org.testng.SuiteRunner.privateRun(SuiteRunner.java:337)
	at org.testng.SuiteRunner.run(SuiteRunner.java:286)
	at org.testng.SuiteRunnerWorker.runSuite(SuiteRunnerWorker.java:53)
	at org.testng.SuiteRunnerWorker.run(SuiteRunnerWorker.java:96)
	at org.testng.TestNG.runSuitesSequentially(TestNG.java:1218)
	at org.testng.TestNG.runSuitesLocally(TestNG.java:1140)
	at org.testng.TestNG.runSuites(TestNG.java:1069)
	at org.testng.TestNG.run(TestNG.java:1037)
	at org.testng.remote.AbstractRemoteTestNG.run(AbstractRemoteTestNG.java:115)
	at org.testng.remote.RemoteTestNG.initAndRun(RemoteTestNG.java:251)
	at org.testng.remote.RemoteTestNG.main(RemoteTestNG.java:77)
</pre></div></td>
<td>99</td>
<td>_1743PayrollDSB.TC711_712CheckTaxablePayForTwoMonths10@7c209437</td></tr>
<tr>
<td title='_1743PayrollDSB.TC713_714CheckTaxablePayForTwoMonths10.GoToUrlAssertUrlPositiveEnterEnterUsernamePositiveEnterEnterpasswordClickLoginButtonGoToUrlAs()'><b>GoToUrlAssertUrlPositiveEnterEnterUsernamePositiveEnterEnterpasswordClickLoginButtonGoToUrlAs</b><br>Test class: _1743PayrollDSB.TC713_714CheckTaxablePayForTwoMonths10</td>
<td><div><pre>java.lang.AssertionError: Unable to locate object: By.xpath: //INPUT[@name=&apos;ctl00$ctl00$ParentContent$cPHFilter$txtSearchCompany&apos;]
	at pages.OpenClient.Enter_EnterClientName(OpenClient.java:115)
	at _1743PayrollDSB.TC713_714CheckTaxablePayForTwoMonths10.GoToUrlAssertUrlPositiveEnterEnterUsernamePositiveEnterEnterpasswordClickLoginButtonGoToUrlAs(TC713_714CheckTaxablePayForTwoMonths10.java:152)
	at java.base/java.util.ArrayList.forEach(ArrayList.java:1541)
... Removed 28 stack frames</pre></div><a href='#' onClick='toggleBox("stack-trace1984577117", this, "Click to show all stack frames", "Click to hide stack frames")'>Click to show all stack frames</a>
<div class='stack-trace' id='stack-trace1984577117'><pre>java.lang.AssertionError: Unable to locate object: By.xpath: //INPUT[@name=&apos;ctl00$ctl00$ParentContent$cPHFilter$txtSearchCompany&apos;]
	at org.testng.Assert.fail(Assert.java:99)
	at pages.OpenClient.Enter_EnterClientName(OpenClient.java:115)
	at _1743PayrollDSB.TC713_714CheckTaxablePayForTwoMonths10.GoToUrlAssertUrlPositiveEnterEnterUsernamePositiveEnterEnterpasswordClickLoginButtonGoToUrlAs(TC713_714CheckTaxablePayForTwoMonths10.java:152)
	at java.base/jdk.internal.reflect.NativeMethodAccessorImpl.invoke0(Native Method)
	at java.base/jdk.internal.reflect.NativeMethodAccessorImpl.invoke(NativeMethodAccessorImpl.java:62)
	at java.base/jdk.internal.reflect.DelegatingMethodAccessorImpl.invoke(DelegatingMethodAccessorImpl.java:43)
	at java.base/java.lang.reflect.Method.invoke(Method.java:566)
	at org.testng.internal.MethodInvocationHelper.invokeMethod(MethodInvocationHelper.java:132)
	at org.testng.internal.TestInvoker.invokeMethod(TestInvoker.java:599)
	at org.testng.internal.TestInvoker.invokeTestMethod(TestInvoker.java:174)
	at org.testng.internal.MethodRunner.runInSequence(MethodRunner.java:46)
	at org.testng.internal.TestInvoker$MethodInvocationAgent.invoke(TestInvoker.java:822)
	at org.testng.internal.TestInvoker.invokeTestMethods(TestInvoker.java:147)
	at org.testng.internal.TestMethodWorker.invokeTestMethods(TestMethodWorker.java:146)
	at org.testng.internal.TestMethodWorker.run(TestMethodWorker.java:128)
	at java.base/java.util.ArrayList.forEach(ArrayList.java:1541)
	at org.testng.TestRunner.privateRun(TestRunner.java:764)
	at org.testng.TestRunner.run(TestRunner.java:585)
	at org.testng.SuiteRunner.runTest(SuiteRunner.java:384)
	at org.testng.SuiteRunner.runSequentially(SuiteRunner.java:378)
	at org.testng.SuiteRunner.privateRun(SuiteRunner.java:337)
	at org.testng.SuiteRunner.run(SuiteRunner.java:286)
	at org.testng.SuiteRunnerWorker.runSuite(SuiteRunnerWorker.java:53)
	at org.testng.SuiteRunnerWorker.run(SuiteRunnerWorker.java:96)
	at org.testng.TestNG.runSuitesSequentially(TestNG.java:1218)
	at org.testng.TestNG.runSuitesLocally(TestNG.java:1140)
	at org.testng.TestNG.runSuites(TestNG.java:1069)
	at org.testng.TestNG.run(TestNG.java:1037)
	at org.testng.remote.AbstractRemoteTestNG.run(AbstractRemoteTestNG.java:115)
	at org.testng.remote.RemoteTestNG.initAndRun(RemoteTestNG.java:251)
	at org.testng.remote.RemoteTestNG.main(RemoteTestNG.java:77)
</pre></div></td>
<td>69</td>
<td>_1743PayrollDSB.TC713_714CheckTaxablePayForTwoMonths10@183e8023</td></tr>
<tr>
<td title='_1743PayrollDSB.TC709_710CheckTaxablePayForTwoMonths10.GoToUrlAssertUrlPositiveEnterEnterUsernamePositiveEnterEnterpasswordClickLoginButtonGoToUrlAs1()'><b>GoToUrlAssertUrlPositiveEnterEnterUsernamePositiveEnterEnterpasswordClickLoginButtonGoToUrlAs1</b><br>Test class: _1743PayrollDSB.TC709_710CheckTaxablePayForTwoMonths10</td>
<td><div><pre>java.lang.AssertionError: Unable to locate object: By.xpath: //INPUT[@name=&apos;ctl00$ctl00$ParentContent$cPHFilter$txtSearchCompany&apos;]
	at pages.OpenClient.Enter_EnterClientName(OpenClient.java:115)
	at _1743PayrollDSB.TC709_710CheckTaxablePayForTwoMonths10.GoToUrlAssertUrlPositiveEnterEnterUsernamePositiveEnterEnterpasswordClickLoginButtonGoToUrlAs1(TC709_710CheckTaxablePayForTwoMonths10.java:333)
	at java.base/java.util.ArrayList.forEach(ArrayList.java:1541)
... Removed 28 stack frames</pre></div><a href='#' onClick='toggleBox("stack-trace1134051859", this, "Click to show all stack frames", "Click to hide stack frames")'>Click to show all stack frames</a>
<div class='stack-trace' id='stack-trace1134051859'><pre>java.lang.AssertionError: Unable to locate object: By.xpath: //INPUT[@name=&apos;ctl00$ctl00$ParentContent$cPHFilter$txtSearchCompany&apos;]
	at org.testng.Assert.fail(Assert.java:99)
	at pages.OpenClient.Enter_EnterClientName(OpenClient.java:115)
	at _1743PayrollDSB.TC709_710CheckTaxablePayForTwoMonths10.GoToUrlAssertUrlPositiveEnterEnterUsernamePositiveEnterEnterpasswordClickLoginButtonGoToUrlAs1(TC709_710CheckTaxablePayForTwoMonths10.java:333)
	at java.base/jdk.internal.reflect.NativeMethodAccessorImpl.invoke0(Native Method)
	at java.base/jdk.internal.reflect.NativeMethodAccessorImpl.invoke(NativeMethodAccessorImpl.java:62)
	at java.base/jdk.internal.reflect.DelegatingMethodAccessorImpl.invoke(DelegatingMethodAccessorImpl.java:43)
	at java.base/java.lang.reflect.Method.invoke(Method.java:566)
	at org.testng.internal.MethodInvocationHelper.invokeMethod(MethodInvocationHelper.java:132)
	at org.testng.internal.TestInvoker.invokeMethod(TestInvoker.java:599)
	at org.testng.internal.TestInvoker.invokeTestMethod(TestInvoker.java:174)
	at org.testng.internal.MethodRunner.runInSequence(MethodRunner.java:46)
	at org.testng.internal.TestInvoker$MethodInvocationAgent.invoke(TestInvoker.java:822)
	at org.testng.internal.TestInvoker.invokeTestMethods(TestInvoker.java:147)
	at org.testng.internal.TestMethodWorker.invokeTestMethods(TestMethodWorker.java:146)
	at org.testng.internal.TestMethodWorker.run(TestMethodWorker.java:128)
	at java.base/java.util.ArrayList.forEach(ArrayList.java:1541)
	at org.testng.TestRunner.privateRun(TestRunner.java:764)
	at org.testng.TestRunner.run(TestRunner.java:585)
	at org.testng.SuiteRunner.runTest(SuiteRunner.java:384)
	at org.testng.SuiteRunner.runSequentially(SuiteRunner.java:378)
	at org.testng.SuiteRunner.privateRun(SuiteRunner.java:337)
	at org.testng.SuiteRunner.run(SuiteRunner.java:286)
	at org.testng.SuiteRunnerWorker.runSuite(SuiteRunnerWorker.java:53)
	at org.testng.SuiteRunnerWorker.run(SuiteRunnerWorker.java:96)
	at org.testng.TestNG.runSuitesSequentially(TestNG.java:1218)
	at org.testng.TestNG.runSuitesLocally(TestNG.java:1140)
	at org.testng.TestNG.runSuites(TestNG.java:1069)
	at org.testng.TestNG.run(TestNG.java:1037)
	at org.testng.remote.AbstractRemoteTestNG.run(AbstractRemoteTestNG.java:115)
	at org.testng.remote.RemoteTestNG.initAndRun(RemoteTestNG.java:251)
	at org.testng.remote.RemoteTestNG.main(RemoteTestNG.java:77)
</pre></div></td>
<td>44</td>
<td>_1743PayrollDSB.TC709_710CheckTaxablePayForTwoMonths10@56a4479a</td></tr>
<tr>
<td title='_1743PayrollDSB.TC711_712CheckTaxablePayForTwoMonths10.GoToUrlAssertUrlPositiveEnterEnterUsernamePositiveEnterEnterpasswordClickLoginButtonGoToUrlAs1()'><b>GoToUrlAssertUrlPositiveEnterEnterUsernamePositiveEnterEnterpasswordClickLoginButtonGoToUrlAs1</b><br>Test class: _1743PayrollDSB.TC711_712CheckTaxablePayForTwoMonths10</td>
<td><div><pre>java.lang.AssertionError: Unable to locate object: By.xpath: //INPUT[@name=&apos;ctl00$ctl00$ParentContent$cPHFilter$txtSearchCompany&apos;]
	at pages.OpenClient.Enter_EnterClientName(OpenClient.java:115)
	at _1743PayrollDSB.TC711_712CheckTaxablePayForTwoMonths10.GoToUrlAssertUrlPositiveEnterEnterUsernamePositiveEnterEnterpasswordClickLoginButtonGoToUrlAs1(TC711_712CheckTaxablePayForTwoMonths10.java:333)
	at java.base/java.util.ArrayList.forEach(ArrayList.java:1541)
... Removed 28 stack frames</pre></div><a href='#' onClick='toggleBox("stack-trace157843285", this, "Click to show all stack frames", "Click to hide stack frames")'>Click to show all stack frames</a>
<div class='stack-trace' id='stack-trace157843285'><pre>java.lang.AssertionError: Unable to locate object: By.xpath: //INPUT[@name=&apos;ctl00$ctl00$ParentContent$cPHFilter$txtSearchCompany&apos;]
	at org.testng.Assert.fail(Assert.java:99)
	at pages.OpenClient.Enter_EnterClientName(OpenClient.java:115)
	at _1743PayrollDSB.TC711_712CheckTaxablePayForTwoMonths10.GoToUrlAssertUrlPositiveEnterEnterUsernamePositiveEnterEnterpasswordClickLoginButtonGoToUrlAs1(TC711_712CheckTaxablePayForTwoMonths10.java:333)
	at java.base/jdk.internal.reflect.NativeMethodAccessorImpl.invoke0(Native Method)
	at java.base/jdk.internal.reflect.NativeMethodAccessorImpl.invoke(NativeMethodAccessorImpl.java:62)
	at java.base/jdk.internal.reflect.DelegatingMethodAccessorImpl.invoke(DelegatingMethodAccessorImpl.java:43)
	at java.base/java.lang.reflect.Method.invoke(Method.java:566)
	at org.testng.internal.MethodInvocationHelper.invokeMethod(MethodInvocationHelper.java:132)
	at org.testng.internal.TestInvoker.invokeMethod(TestInvoker.java:599)
	at org.testng.internal.TestInvoker.invokeTestMethod(TestInvoker.java:174)
	at org.testng.internal.MethodRunner.runInSequence(MethodRunner.java:46)
	at org.testng.internal.TestInvoker$MethodInvocationAgent.invoke(TestInvoker.java:822)
	at org.testng.internal.TestInvoker.invokeTestMethods(TestInvoker.java:147)
	at org.testng.internal.TestMethodWorker.invokeTestMethods(TestMethodWorker.java:146)
	at org.testng.internal.TestMethodWorker.run(TestMethodWorker.java:128)
	at java.base/java.util.ArrayList.forEach(ArrayList.java:1541)
	at org.testng.TestRunner.privateRun(TestRunner.java:764)
	at org.testng.TestRunner.run(TestRunner.java:585)
	at org.testng.SuiteRunner.runTest(SuiteRunner.java:384)
	at org.testng.SuiteRunner.runSequentially(SuiteRunner.java:378)
	at org.testng.SuiteRunner.privateRun(SuiteRunner.java:337)
	at org.testng.SuiteRunner.run(SuiteRunner.java:286)
	at org.testng.SuiteRunnerWorker.runSuite(SuiteRunnerWorker.java:53)
	at org.testng.SuiteRunnerWorker.run(SuiteRunnerWorker.java:96)
	at org.testng.TestNG.runSuitesSequentially(TestNG.java:1218)
	at org.testng.TestNG.runSuitesLocally(TestNG.java:1140)
	at org.testng.TestNG.runSuites(TestNG.java:1069)
	at org.testng.TestNG.run(TestNG.java:1037)
	at org.testng.remote.AbstractRemoteTestNG.run(AbstractRemoteTestNG.java:115)
	at org.testng.remote.RemoteTestNG.initAndRun(RemoteTestNG.java:251)
	at org.testng.remote.RemoteTestNG.main(RemoteTestNG.java:77)
</pre></div></td>
<td>65</td>
<td>_1743PayrollDSB.TC711_712CheckTaxablePayForTwoMonths10@7c209437</td></tr>
<tr>
<td title='_1743PayrollDSB.TC713_714CheckTaxablePayForTwoMonths10.GoToUrlAssertUrlPositiveEnterEnterUsernamePositiveEnterEnterpasswordClickLoginButtonGoToUrlAs1()'><b>GoToUrlAssertUrlPositiveEnterEnterUsernamePositiveEnterEnterpasswordClickLoginButtonGoToUrlAs1</b><br>Test class: _1743PayrollDSB.TC713_714CheckTaxablePayForTwoMonths10</td>
<td><div><pre>java.lang.AssertionError: Unable to locate object: By.xpath: //INPUT[@name=&apos;ctl00$ctl00$ParentContent$cPHFilter$txtSearchCompany&apos;]
	at pages.OpenClient.Enter_EnterClientName(OpenClient.java:115)
	at _1743PayrollDSB.TC713_714CheckTaxablePayForTwoMonths10.GoToUrlAssertUrlPositiveEnterEnterUsernamePositiveEnterEnterpasswordClickLoginButtonGoToUrlAs1(TC713_714CheckTaxablePayForTwoMonths10.java:333)
	at java.base/java.util.ArrayList.forEach(ArrayList.java:1541)
... Removed 28 stack frames</pre></div><a href='#' onClick='toggleBox("stack-trace95476731", this, "Click to show all stack frames", "Click to hide stack frames")'>Click to show all stack frames</a>
<div class='stack-trace' id='stack-trace95476731'><pre>java.lang.AssertionError: Unable to locate object: By.xpath: //INPUT[@name=&apos;ctl00$ctl00$ParentContent$cPHFilter$txtSearchCompany&apos;]
	at org.testng.Assert.fail(Assert.java:99)
	at pages.OpenClient.Enter_EnterClientName(OpenClient.java:115)
	at _1743PayrollDSB.TC713_714CheckTaxablePayForTwoMonths10.GoToUrlAssertUrlPositiveEnterEnterUsernamePositiveEnterEnterpasswordClickLoginButtonGoToUrlAs1(TC713_714CheckTaxablePayForTwoMonths10.java:333)
	at java.base/jdk.internal.reflect.NativeMethodAccessorImpl.invoke0(Native Method)
	at java.base/jdk.internal.reflect.NativeMethodAccessorImpl.invoke(NativeMethodAccessorImpl.java:62)
	at java.base/jdk.internal.reflect.DelegatingMethodAccessorImpl.invoke(DelegatingMethodAccessorImpl.java:43)
	at java.base/java.lang.reflect.Method.invoke(Method.java:566)
	at org.testng.internal.MethodInvocationHelper.invokeMethod(MethodInvocationHelper.java:132)
	at org.testng.internal.TestInvoker.invokeMethod(TestInvoker.java:599)
	at org.testng.internal.TestInvoker.invokeTestMethod(TestInvoker.java:174)
	at org.testng.internal.MethodRunner.runInSequence(MethodRunner.java:46)
	at org.testng.internal.TestInvoker$MethodInvocationAgent.invoke(TestInvoker.java:822)
	at org.testng.internal.TestInvoker.invokeTestMethods(TestInvoker.java:147)
	at org.testng.internal.TestMethodWorker.invokeTestMethods(TestMethodWorker.java:146)
	at org.testng.internal.TestMethodWorker.run(TestMethodWorker.java:128)
	at java.base/java.util.ArrayList.forEach(ArrayList.java:1541)
	at org.testng.TestRunner.privateRun(TestRunner.java:764)
	at org.testng.TestRunner.run(TestRunner.java:585)
	at org.testng.SuiteRunner.runTest(SuiteRunner.java:384)
	at org.testng.SuiteRunner.runSequentially(SuiteRunner.java:378)
	at org.testng.SuiteRunner.privateRun(SuiteRunner.java:337)
	at org.testng.SuiteRunner.run(SuiteRunner.java:286)
	at org.testng.SuiteRunnerWorker.runSuite(SuiteRunnerWorker.java:53)
	at org.testng.SuiteRunnerWorker.run(SuiteRunnerWorker.java:96)
	at org.testng.TestNG.runSuitesSequentially(TestNG.java:1218)
	at org.testng.TestNG.runSuitesLocally(TestNG.java:1140)
	at org.testng.TestNG.runSuites(TestNG.java:1069)
	at org.testng.TestNG.run(TestNG.java:1037)
	at org.testng.remote.AbstractRemoteTestNG.run(AbstractRemoteTestNG.java:115)
	at org.testng.remote.RemoteTestNG.initAndRun(RemoteTestNG.java:251)
	at org.testng.remote.RemoteTestNG.main(RemoteTestNG.java:77)
</pre></div></td>
<td>106</td>
<td>_1743PayrollDSB.TC713_714CheckTaxablePayForTwoMonths10@183e8023</td></tr>
<tr>
<td title='_1743PayrollDSB.TC726_731CheckPayroll_OnHoldClient.OnHold_1week()'><b>OnHold_1week</b><br>Test class: _1743PayrollDSB.TC726_731CheckPayroll_OnHoldClient</td>
<td><div><pre>java.lang.AssertionError: expected [2] but found [1]
	at _1743Agent_Dashboard.AgentDsbPayroll.verifyAutoPayrollCount(AgentDsbPayroll.java:501)
	at _1743PayrollDSB.TC726_731CheckPayroll_OnHoldClient.OnHold_1week(TC726_731CheckPayroll_OnHoldClient.java:174)
	at java.base/java.util.ArrayList.forEach(ArrayList.java:1541)
... Removed 33 stack frames</pre></div><a href='#' onClick='toggleBox("stack-trace1986677191", this, "Click to show all stack frames", "Click to hide stack frames")'>Click to show all stack frames</a>
<div class='stack-trace' id='stack-trace1986677191'><pre>java.lang.AssertionError: expected [2] but found [1]
	at org.testng.Assert.fail(Assert.java:99)
	at org.testng.Assert.failNotEquals(Assert.java:1037)
	at org.testng.Assert.assertEqualsImpl(Assert.java:140)
	at org.testng.Assert.assertEquals(Assert.java:122)
	at org.testng.Assert.assertEquals(Assert.java:907)
	at org.testng.Assert.assertEquals(Assert.java:917)
	at _1743Agent_Dashboard.AgentDsbPayroll.verifyAutoPayrollCount(AgentDsbPayroll.java:501)
	at _1743PayrollDSB.TC726_731CheckPayroll_OnHoldClient.OnHold_1week(TC726_731CheckPayroll_OnHoldClient.java:174)
	at java.base/jdk.internal.reflect.NativeMethodAccessorImpl.invoke0(Native Method)
	at java.base/jdk.internal.reflect.NativeMethodAccessorImpl.invoke(NativeMethodAccessorImpl.java:62)
	at java.base/jdk.internal.reflect.DelegatingMethodAccessorImpl.invoke(DelegatingMethodAccessorImpl.java:43)
	at java.base/java.lang.reflect.Method.invoke(Method.java:566)
	at org.testng.internal.MethodInvocationHelper.invokeMethod(MethodInvocationHelper.java:132)
	at org.testng.internal.TestInvoker.invokeMethod(TestInvoker.java:599)
	at org.testng.internal.TestInvoker.invokeTestMethod(TestInvoker.java:174)
	at org.testng.internal.MethodRunner.runInSequence(MethodRunner.java:46)
	at org.testng.internal.TestInvoker$MethodInvocationAgent.invoke(TestInvoker.java:822)
	at org.testng.internal.TestInvoker.invokeTestMethods(TestInvoker.java:147)
	at org.testng.internal.TestMethodWorker.invokeTestMethods(TestMethodWorker.java:146)
	at org.testng.internal.TestMethodWorker.run(TestMethodWorker.java:128)
	at java.base/java.util.ArrayList.forEach(ArrayList.java:1541)
	at org.testng.TestRunner.privateRun(TestRunner.java:764)
	at org.testng.TestRunner.run(TestRunner.java:585)
	at org.testng.SuiteRunner.runTest(SuiteRunner.java:384)
	at org.testng.SuiteRunner.runSequentially(SuiteRunner.java:378)
	at org.testng.SuiteRunner.privateRun(SuiteRunner.java:337)
	at org.testng.SuiteRunner.run(SuiteRunner.java:286)
	at org.testng.SuiteRunnerWorker.runSuite(SuiteRunnerWorker.java:53)
	at org.testng.SuiteRunnerWorker.run(SuiteRunnerWorker.java:96)
	at org.testng.TestNG.runSuitesSequentially(TestNG.java:1218)
	at org.testng.TestNG.runSuitesLocally(TestNG.java:1140)
	at org.testng.TestNG.runSuites(TestNG.java:1069)
	at org.testng.TestNG.run(TestNG.java:1037)
	at org.testng.remote.AbstractRemoteTestNG.run(AbstractRemoteTestNG.java:115)
	at org.testng.remote.RemoteTestNG.initAndRun(RemoteTestNG.java:251)
	at org.testng.remote.RemoteTestNG.main(RemoteTestNG.java:77)
</pre></div></td>
<td>36</td>
<td>_1743PayrollDSB.TC726_731CheckPayroll_OnHoldClient@62f4ff3b</td></tr>
</table><p>
<table width='100%' border='1' class='invocation-passed'>
<tr><td colspan='4' align='center'><b>PASSED TESTS</b></td></tr>
<tr><td><b>Test method</b></td>
<td width="30%"><b>Exception</b></td>
<td width="10%"><b>Time (seconds)</b></td>
<td><b>Instance</b></td>
</tr>
<tr>
<td title='_1743PayrollDSB.TC738_743CheckPayroll_AwaitingApprovalClient.AwaitingApproval_1Month()'><b>AwaitingApproval_1Month</b><br>Test class: _1743PayrollDSB.TC738_743CheckPayroll_AwaitingApprovalClient</td>
<td></td>
<td>22</td>
<td>_1743PayrollDSB.TC738_743CheckPayroll_AwaitingApprovalClient@1698fc68</td></tr>
<tr>
<td title='_1743PayrollDSB.TC768_773CheckPayroll_AwaitingApprovalClient.AwaitingApproval_1Month()'><b>AwaitingApproval_1Month</b><br>Test class: _1743PayrollDSB.TC768_773CheckPayroll_AwaitingApprovalClient</td>
<td></td>
<td>48</td>
<td>_1743PayrollDSB.TC768_773CheckPayroll_AwaitingApprovalClient@201b6b6f</td></tr>
<tr>
<td title='_1743PayrollDSB.TC738_743CheckPayroll_AwaitingApprovalClient.AwaitingApproval_1week()'><b>AwaitingApproval_1week</b><br>Test class: _1743PayrollDSB.TC738_743CheckPayroll_AwaitingApprovalClient</td>
<td></td>
<td>20</td>
<td>_1743PayrollDSB.TC738_743CheckPayroll_AwaitingApprovalClient@1698fc68</td></tr>
<tr>
<td title='_1743PayrollDSB.TC768_773CheckPayroll_AwaitingApprovalClient.AwaitingApproval_1week()'><b>AwaitingApproval_1week</b><br>Test class: _1743PayrollDSB.TC768_773CheckPayroll_AwaitingApprovalClient</td>
<td></td>
<td>81</td>
<td>_1743PayrollDSB.TC768_773CheckPayroll_AwaitingApprovalClient@201b6b6f</td></tr>
<tr>
<td title='_1743PayrollDSB.TC738_743CheckPayroll_AwaitingApprovalClient.AwaitingApproval_2Month()'><b>AwaitingApproval_2Month</b><br>Test class: _1743PayrollDSB.TC738_743CheckPayroll_AwaitingApprovalClient</td>
<td></td>
<td>22</td>
<td>_1743PayrollDSB.TC738_743CheckPayroll_AwaitingApprovalClient@1698fc68</td></tr>
<tr>
<td title='_1743PayrollDSB.TC768_773CheckPayroll_AwaitingApprovalClient.AwaitingApproval_2Month()'><b>AwaitingApproval_2Month</b><br>Test class: _1743PayrollDSB.TC768_773CheckPayroll_AwaitingApprovalClient</td>
<td></td>
<td>39</td>
<td>_1743PayrollDSB.TC768_773CheckPayroll_AwaitingApprovalClient@201b6b6f</td></tr>
<tr>
<td title='_1743PayrollDSB.TC738_743CheckPayroll_AwaitingApprovalClient.AwaitingApproval_3_6Month()'><b>AwaitingApproval_3_6Month</b><br>Test class: _1743PayrollDSB.TC738_743CheckPayroll_AwaitingApprovalClient</td>
<td></td>
<td>22</td>
<td>_1743PayrollDSB.TC738_743CheckPayroll_AwaitingApprovalClient@1698fc68</td></tr>
<tr>
<td title='_1743PayrollDSB.TC768_773CheckPayroll_AwaitingApprovalClient.AwaitingApproval_3_6Month()'><b>AwaitingApproval_3_6Month</b><br>Test class: _1743PayrollDSB.TC768_773CheckPayroll_AwaitingApprovalClient</td>
<td></td>
<td>51</td>
<td>_1743PayrollDSB.TC768_773CheckPayroll_AwaitingApprovalClient@201b6b6f</td></tr>
<tr>
<td title='_1743PayrollDSB.TC738_743CheckPayroll_AwaitingApprovalClient.AwaitingApproval_6plusMonth()'><b>AwaitingApproval_6plusMonth</b><br>Test class: _1743PayrollDSB.TC738_743CheckPayroll_AwaitingApprovalClient</td>
<td></td>
<td>24</td>
<td>_1743PayrollDSB.TC738_743CheckPayroll_AwaitingApprovalClient@1698fc68</td></tr>
<tr>
<td title='_1743PayrollDSB.TC768_773CheckPayroll_AwaitingApprovalClient.AwaitingApproval_6plusMonth()'><b>AwaitingApproval_6plusMonth</b><br>Test class: _1743PayrollDSB.TC768_773CheckPayroll_AwaitingApprovalClient</td>
<td></td>
<td>52</td>
<td>_1743PayrollDSB.TC768_773CheckPayroll_AwaitingApprovalClient@201b6b6f</td></tr>
<tr>
<td title='_1743PayrollDSB.TC738_743CheckPayroll_AwaitingApprovalClient.AwaitingApproval_Overdue()'><b>AwaitingApproval_Overdue</b><br>Test class: _1743PayrollDSB.TC738_743CheckPayroll_AwaitingApprovalClient</td>
<td></td>
<td>20</td>
<td>_1743PayrollDSB.TC738_743CheckPayroll_AwaitingApprovalClient@1698fc68</td></tr>
<tr>
<td title='_1743PayrollDSB.TC732_737CheckPayroll_AwaitingReviewClient.AwaitingReview_1Month()'><b>AwaitingReview_1Month</b><br>Test class: _1743PayrollDSB.TC732_737CheckPayroll_AwaitingReviewClient</td>
<td></td>
<td>51</td>
<td>_1743PayrollDSB.TC732_737CheckPayroll_AwaitingReviewClient@163d04ff</td></tr>
<tr>
<td title='_1743PayrollDSB.TC762_767CheckPayroll_AwaitingReviewClient.AwaitingReview_1Month()'><b>AwaitingReview_1Month</b><br>Test class: _1743PayrollDSB.TC762_767CheckPayroll_AwaitingReviewClient</td>
<td></td>
<td>47</td>
<td>_1743PayrollDSB.TC762_767CheckPayroll_AwaitingReviewClient@45efc20d</td></tr>
<tr>
<td title='_1743PayrollDSB.TC732_737CheckPayroll_AwaitingReviewClient.AwaitingReview_1week()'><b>AwaitingReview_1week</b><br>Test class: _1743PayrollDSB.TC732_737CheckPayroll_AwaitingReviewClient</td>
<td></td>
<td>50</td>
<td>_1743PayrollDSB.TC732_737CheckPayroll_AwaitingReviewClient@163d04ff</td></tr>
<tr>
<td title='_1743PayrollDSB.TC762_767CheckPayroll_AwaitingReviewClient.AwaitingReview_1week()'><b>AwaitingReview_1week</b><br>Test class: _1743PayrollDSB.TC762_767CheckPayroll_AwaitingReviewClient</td>
<td></td>
<td>117</td>
<td>_1743PayrollDSB.TC762_767CheckPayroll_AwaitingReviewClient@45efc20d</td></tr>
<tr>
<td title='_1743PayrollDSB.TC732_737CheckPayroll_AwaitingReviewClient.AwaitingReview_2Month()'><b>AwaitingReview_2Month</b><br>Test class: _1743PayrollDSB.TC732_737CheckPayroll_AwaitingReviewClient</td>
<td></td>
<td>48</td>
<td>_1743PayrollDSB.TC732_737CheckPayroll_AwaitingReviewClient@163d04ff</td></tr>
<tr>
<td title='_1743PayrollDSB.TC762_767CheckPayroll_AwaitingReviewClient.AwaitingReview_2Month()'><b>AwaitingReview_2Month</b><br>Test class: _1743PayrollDSB.TC762_767CheckPayroll_AwaitingReviewClient</td>
<td></td>
<td>50</td>
<td>_1743PayrollDSB.TC762_767CheckPayroll_AwaitingReviewClient@45efc20d</td></tr>
<tr>
<td title='_1743PayrollDSB.TC732_737CheckPayroll_AwaitingReviewClient.AwaitingReview_3_6Month()'><b>AwaitingReview_3_6Month</b><br>Test class: _1743PayrollDSB.TC732_737CheckPayroll_AwaitingReviewClient</td>
<td></td>
<td>48</td>
<td>_1743PayrollDSB.TC732_737CheckPayroll_AwaitingReviewClient@163d04ff</td></tr>
<tr>
<td title='_1743PayrollDSB.TC762_767CheckPayroll_AwaitingReviewClient.AwaitingReview_3_6Month()'><b>AwaitingReview_3_6Month</b><br>Test class: _1743PayrollDSB.TC762_767CheckPayroll_AwaitingReviewClient</td>
<td></td>
<td>52</td>
<td>_1743PayrollDSB.TC762_767CheckPayroll_AwaitingReviewClient@45efc20d</td></tr>
<tr>
<td title='_1743PayrollDSB.TC732_737CheckPayroll_AwaitingReviewClient.AwaitingReview_6plusMonth()'><b>AwaitingReview_6plusMonth</b><br>Test class: _1743PayrollDSB.TC732_737CheckPayroll_AwaitingReviewClient</td>
<td></td>
<td>52</td>
<td>_1743PayrollDSB.TC732_737CheckPayroll_AwaitingReviewClient@163d04ff</td></tr>
<tr>
<td title='_1743PayrollDSB.TC762_767CheckPayroll_AwaitingReviewClient.AwaitingReview_6plusMonth()'><b>AwaitingReview_6plusMonth</b><br>Test class: _1743PayrollDSB.TC762_767CheckPayroll_AwaitingReviewClient</td>
<td></td>
<td>62</td>
<td>_1743PayrollDSB.TC762_767CheckPayroll_AwaitingReviewClient@45efc20d</td></tr>
<tr>
<td title='_1743PayrollDSB.TC732_737CheckPayroll_AwaitingReviewClient.AwaitingReview_Overdue()'><b>AwaitingReview_Overdue</b><br>Test class: _1743PayrollDSB.TC732_737CheckPayroll_AwaitingReviewClient</td>
<td></td>
<td>47</td>
<td>_1743PayrollDSB.TC732_737CheckPayroll_AwaitingReviewClient@163d04ff</td></tr>
<tr>
<td title='_1743PayrollDSB.TC762_767CheckPayroll_AwaitingReviewClient.AwaitingReview_Overdue()'><b>AwaitingReview_Overdue</b><br>Test class: _1743PayrollDSB.TC762_767CheckPayroll_AwaitingReviewClient</td>
<td></td>
<td>99</td>
<td>_1743PayrollDSB.TC762_767CheckPayroll_AwaitingReviewClient@45efc20d</td></tr>
<tr>
<td title='_1743PayrollDSB.TC774_779CheckPayroll_DefferedClient.Deffered_6plusMonth()'><b>Deffered_6plusMonth</b><br>Test class: _1743PayrollDSB.TC774_779CheckPayroll_DefferedClient</td>
<td></td>
<td>48</td>
<td>_1743PayrollDSB.TC774_779CheckPayroll_DefferedClient@788fcafb</td></tr>
<tr>
<td title='_1743PayrollDSB.TC744_749CheckPayroll_DefferedClient.Deffered_6plusMonth()'><b>Deffered_6plusMonth</b><br>Test class: _1743PayrollDSB.TC744_749CheckPayroll_DefferedClient</td>
<td></td>
<td>51</td>
<td>_1743PayrollDSB.TC744_749CheckPayroll_DefferedClient@25e2a451</td></tr>
<tr>
<td title='_1743PayrollDSB.TC700_701CheckTaxablePayJoinMidFourWeekly7.GoToUrlAssertUrlPositiveEnterEnterUsernamePositiveEnterEnterpasswordClickLoginButtonGoToUrlAs()'><b>GoToUrlAssertUrlPositiveEnterEnterUsernamePositiveEnterEnterpasswordClickLoginButtonGoToUrlAs</b><br>Test class: _1743PayrollDSB.TC700_701CheckTaxablePayJoinMidFourWeekly7</td>
<td></td>
<td>53</td>
<td>_1743PayrollDSB.TC700_701CheckTaxablePayJoinMidFourWeekly7@58c34bb3</td></tr>
<tr>
<td title='_1743PayrollDSB.TC702CheckTaxablePayJoinMidFourWeekly8.GoToUrlAssertUrlPositiveEnterEnterUsernamePositiveEnterEnterpasswordClickLoginButtonGoToUrlAs()'><b>GoToUrlAssertUrlPositiveEnterEnterUsernamePositiveEnterEnterpasswordClickLoginButtonGoToUrlAs</b><br>Test class: _1743PayrollDSB.TC702CheckTaxablePayJoinMidFourWeekly8</td>
<td></td>
<td>47</td>
<td>_1743PayrollDSB.TC702CheckTaxablePayJoinMidFourWeekly8@62163b39</td></tr>
<tr>
<td title='_1743PayrollDSB.TC707CheckTotalClient.GoToUrlAssertUrlPositiveEnterEnterUsernamePositiveEnterEnterpasswordClickLoginButtonGoToUrlAs()'><b>GoToUrlAssertUrlPositiveEnterEnterUsernamePositiveEnterEnterpasswordClickLoginButtonGoToUrlAs</b><br>Test class: _1743PayrollDSB.TC707CheckTotalClient</td>
<td></td>
<td>23</td>
<td>_1743PayrollDSB.TC707CheckTotalClient@20a8a64e</td></tr>
<tr>
<td title='_1743PayrollDSB.TC708CheckPayroll_Overdue_NotStarted.GoToUrlAssertUrlPositiveEnterEnterUsernamePositiveEnterEnterpasswordClickLoginButtonGoToUrlAs()'><b>GoToUrlAssertUrlPositiveEnterEnterUsernamePositiveEnterEnterpasswordClickLoginButtonGoToUrlAs</b><br>Test class: _1743PayrollDSB.TC708CheckPayroll_Overdue_NotStarted</td>
<td></td>
<td>42</td>
<td>_1743PayrollDSB.TC708CheckPayroll_Overdue_NotStarted@4504d271</td></tr>
<tr>
<td title='_1743PayrollDSB.TC702CheckTaxablePayJoinMidFourWeeklyA.GoToUrlAssertUrlPositiveEnterEnterUsernamePositiveEnterEnterpasswordClickLoginButtonGoToUrlAs()'><b>GoToUrlAssertUrlPositiveEnterEnterUsernamePositiveEnterEnterpasswordClickLoginButtonGoToUrlAs</b><br>Test class: _1743PayrollDSB.TC702CheckTaxablePayJoinMidFourWeeklyA</td>
<td></td>
<td>232</td>
<td>_1743PayrollDSB.TC702CheckTaxablePayJoinMidFourWeeklyA@207b8649</td></tr>
<tr>
<td title='_1743PayrollDSB.TC704CheckManualPayroll.GoToUrlAssertUrlPositiveEnterEnterUsernamePositiveEnterEnterpasswordClickLoginButtonGoToUrlAs()'><b>GoToUrlAssertUrlPositiveEnterEnterUsernamePositiveEnterEnterpasswordClickLoginButtonGoToUrlAs</b><br>Test class: _1743PayrollDSB.TC704CheckManualPayroll</td>
<td></td>
<td>55</td>
<td>_1743PayrollDSB.TC704CheckManualPayroll@65b3a85a</td></tr>
<tr>
<td title='_1743PayrollDSB.TC698_699CheckTaxablePayJoinMidFortNightC.GoToUrlAssertUrlPositiveEnterEnterUsernamePositiveEnterEnterpasswordClickLoginButtonGoToUrlAs()'><b>GoToUrlAssertUrlPositiveEnterEnterUsernamePositiveEnterEnterpasswordClickLoginButtonGoToUrlAs</b><br>Test class: _1743PayrollDSB.TC698_699CheckTaxablePayJoinMidFortNightC</td>
<td></td>
<td>140</td>
<td>_1743PayrollDSB.TC698_699CheckTaxablePayJoinMidFortNightC@2b5825fa</td></tr>
<tr>
<td title='_1743PayrollDSB.TC719CheckPayroll_6plusMonths_NotStarte.GoToUrlAssertUrlPositiveEnterEnterUsernamePositiveEnterEnterpasswordClickLoginButtonGoToUrlAs()'><b>GoToUrlAssertUrlPositiveEnterEnterUsernamePositiveEnterEnterpasswordClickLoginButtonGoToUrlAs</b><br>Test class: _1743PayrollDSB.TC719CheckPayroll_6plusMonths_NotStarte</td>
<td></td>
<td>48</td>
<td>_1743PayrollDSB.TC719CheckPayroll_6plusMonths_NotStarte@53d1b9b3</td></tr>
<tr>
<td title='_1743PayrollDSB.TC706CheckP11DClient.GoToUrlAssertUrlPositiveEnterEnterUsernamePositiveEnterEnterpasswordClickLoginButtonGoToUrlAs()'><b>GoToUrlAssertUrlPositiveEnterEnterUsernamePositiveEnterEnterpasswordClickLoginButtonGoToUrlAs</b><br>Test class: _1743PayrollDSB.TC706CheckP11DClient</td>
<td></td>
<td>46</td>
<td>_1743PayrollDSB.TC706CheckP11DClient@2cae1042</td></tr>
<tr>
<td title='_1743PayrollDSB.TC715CheckPayroll_1Week_NotStarted.GoToUrlAssertUrlPositiveEnterEnterUsernamePositiveEnterEnterpasswordClickLoginButtonGoToUrlAs()'><b>GoToUrlAssertUrlPositiveEnterEnterUsernamePositiveEnterEnterpasswordClickLoginButtonGoToUrlAs</b><br>Test class: _1743PayrollDSB.TC715CheckPayroll_1Week_NotStarted</td>
<td></td>
<td>47</td>
<td>_1743PayrollDSB.TC715CheckPayroll_1Week_NotStarted@2262b621</td></tr>
<tr>
<td title='_1743PayrollDSB.TC700_701CheckTaxablePayJoinMidFourWeekly15.GoToUrlAssertUrlPositiveEnterEnterUsernamePositiveEnterEnterpasswordClickLoginButtonGoToUrlAs()'><b>GoToUrlAssertUrlPositiveEnterEnterUsernamePositiveEnterEnterpasswordClickLoginButtonGoToUrlAs</b><br>Test class: _1743PayrollDSB.TC700_701CheckTaxablePayJoinMidFourWeekly15</td>
<td></td>
<td>82</td>
<td>_1743PayrollDSB.TC700_701CheckTaxablePayJoinMidFourWeekly15@7e928e2f</td></tr>
<tr>
<td title='_1743PayrollDSB.TC703CheckAutoPayroll.GoToUrlAssertUrlPositiveEnterEnterUsernamePositiveEnterEnterpasswordClickLoginButtonGoToUrlAs()'><b>GoToUrlAssertUrlPositiveEnterEnterUsernamePositiveEnterEnterpasswordClickLoginButtonGoToUrlAs</b><br>Test class: _1743PayrollDSB.TC703CheckAutoPayroll</td>
<td></td>
<td>114</td>
<td>_1743PayrollDSB.TC703CheckAutoPayroll@f667fe</td></tr>
<tr>
<td title='_1743PayrollDSB.TC702CheckTaxablePayJoinMidFourWeekly16.GoToUrlAssertUrlPositiveEnterEnterUsernamePositiveEnterEnterpasswordClickLoginButtonGoToUrlAs()'><b>GoToUrlAssertUrlPositiveEnterEnterUsernamePositiveEnterEnterpasswordClickLoginButtonGoToUrlAs</b><br>Test class: _1743PayrollDSB.TC702CheckTaxablePayJoinMidFourWeekly16</td>
<td></td>
<td>75</td>
<td>_1743PayrollDSB.TC702CheckTaxablePayJoinMidFourWeekly16@1698ee84</td></tr>
<tr>
<td title='_1743PayrollDSB.TC716CheckPayroll_1Months_NotStarted.GoToUrlAssertUrlPositiveEnterEnterUsernamePositiveEnterEnterpasswordClickLoginButtonGoToUrlAs()'><b>GoToUrlAssertUrlPositiveEnterEnterUsernamePositiveEnterEnterpasswordClickLoginButtonGoToUrlAs</b><br>Test class: _1743PayrollDSB.TC716CheckPayroll_1Months_NotStarted</td>
<td></td>
<td>56</td>
<td>_1743PayrollDSB.TC716CheckPayroll_1Months_NotStarted@10c626be</td></tr>
<tr>
<td title='_1743PayrollDSB.TC718CheckPayroll_3_6Months_NotStarte.GoToUrlAssertUrlPositiveEnterEnterUsernamePositiveEnterEnterpasswordClickLoginButtonGoToUrlAs()'><b>GoToUrlAssertUrlPositiveEnterEnterUsernamePositiveEnterEnterpasswordClickLoginButtonGoToUrlAs</b><br>Test class: _1743PayrollDSB.TC718CheckPayroll_3_6Months_NotStarte</td>
<td></td>
<td>54</td>
<td>_1743PayrollDSB.TC718CheckPayroll_3_6Months_NotStarte@2fc0cc3</td></tr>
<tr>
<td title='_1743PayrollDSB.TC717CheckPayroll_3Months_NotStarted.GoToUrlAssertUrlPositiveEnterEnterUsernamePositiveEnterEnterpasswordClickLoginButtonGoToUrlAs()'><b>GoToUrlAssertUrlPositiveEnterEnterUsernamePositiveEnterEnterpasswordClickLoginButtonGoToUrlAs</b><br>Test class: _1743PayrollDSB.TC717CheckPayroll_3Months_NotStarted</td>
<td></td>
<td>83</td>
<td>_1743PayrollDSB.TC717CheckPayroll_3Months_NotStarted@63b1d4fa</td></tr>
<tr>
<td title='_1743PayrollDSB.TC705CheckPensionClient.GoToUrlAssertUrlPositiveEnterEnterUsernamePositiveEnterEnterpasswordClickLoginButtonGoToUrlAs()'><b>GoToUrlAssertUrlPositiveEnterEnterUsernamePositiveEnterEnterpasswordClickLoginButtonGoToUrlAs</b><br>Test class: _1743PayrollDSB.TC705CheckPensionClient</td>
<td></td>
<td>53</td>
<td>_1743PayrollDSB.TC705CheckPensionClient@75459c75</td></tr>
<tr>
<td title='_1743PayrollDSB.TC698_699CheckTaxablePayJoinMidFortNight14.GoToUrlAssertUrlPositiveEnterEnterUsernamePositiveEnterEnterpasswordClickLoginButtonGoToUrlAs()'><b>GoToUrlAssertUrlPositiveEnterEnterUsernamePositiveEnterEnterpasswordClickLoginButtonGoToUrlAs</b><br>Test class: _1743PayrollDSB.TC698_699CheckTaxablePayJoinMidFortNight14</td>
<td></td>
<td>173</td>
<td>_1743PayrollDSB.TC698_699CheckTaxablePayJoinMidFortNight14@3e5499cc</td></tr>
<tr>
<td title='_1743PayrollDSB.TC698_699CheckTaxablePayJoinMidFortNight6.GoToUrlAssertUrlPositiveEnterEnterUsernamePositiveEnterEnterpasswordClickLoginButtonGoToUrlAs()'><b>GoToUrlAssertUrlPositiveEnterEnterUsernamePositiveEnterEnterpasswordClickLoginButtonGoToUrlAs</b><br>Test class: _1743PayrollDSB.TC698_699CheckTaxablePayJoinMidFortNight6</td>
<td></td>
<td>76</td>
<td>_1743PayrollDSB.TC698_699CheckTaxablePayJoinMidFortNight6@67ab1c47</td></tr>
<tr>
<td title='_1743PayrollDSB.TC700_701CheckTaxablePayJoinMidFourWeeklyB.GoToUrlAssertUrlPositiveEnterEnterUsernamePositiveEnterEnterpasswordClickLoginButtonGoToUrlAs()'><b>GoToUrlAssertUrlPositiveEnterEnterUsernamePositiveEnterEnterpasswordClickLoginButtonGoToUrlAs</b><br>Test class: _1743PayrollDSB.TC700_701CheckTaxablePayJoinMidFourWeeklyB</td>
<td></td>
<td>80</td>
<td>_1743PayrollDSB.TC700_701CheckTaxablePayJoinMidFourWeeklyB@30bcf3c1</td></tr>
<tr>
<td title='_1743PayrollDSB.TC700_701CheckTaxablePayJoinMidFourWeekly7.GoToUrlAssertUrlPositiveEnterEnterUsernamePositiveEnterEnterpasswordClickLoginButtonGoToUrlAs1()'><b>GoToUrlAssertUrlPositiveEnterEnterUsernamePositiveEnterEnterpasswordClickLoginButtonGoToUrlAs1</b><br>Test class: _1743PayrollDSB.TC700_701CheckTaxablePayJoinMidFourWeekly7</td>
<td></td>
<td>40</td>
<td>_1743PayrollDSB.TC700_701CheckTaxablePayJoinMidFourWeekly7@58c34bb3</td></tr>
<tr>
<td title='_1743PayrollDSB.TC698_699CheckTaxablePayJoinMidFortNightC.GoToUrlAssertUrlPositiveEnterEnterUsernamePositiveEnterEnterpasswordClickLoginButtonGoToUrlAs1()'><b>GoToUrlAssertUrlPositiveEnterEnterUsernamePositiveEnterEnterpasswordClickLoginButtonGoToUrlAs1</b><br>Test class: _1743PayrollDSB.TC698_699CheckTaxablePayJoinMidFortNightC</td>
<td></td>
<td>67</td>
<td>_1743PayrollDSB.TC698_699CheckTaxablePayJoinMidFortNightC@2b5825fa</td></tr>
<tr>
<td title='_1743PayrollDSB.TC700_701CheckTaxablePayJoinMidFourWeekly15.GoToUrlAssertUrlPositiveEnterEnterUsernamePositiveEnterEnterpasswordClickLoginButtonGoToUrlAs1()'><b>GoToUrlAssertUrlPositiveEnterEnterUsernamePositiveEnterEnterpasswordClickLoginButtonGoToUrlAs1</b><br>Test class: _1743PayrollDSB.TC700_701CheckTaxablePayJoinMidFourWeekly15</td>
<td></td>
<td>67</td>
<td>_1743PayrollDSB.TC700_701CheckTaxablePayJoinMidFourWeekly15@7e928e2f</td></tr>
<tr>
<td title='_1743PayrollDSB.TC698_699CheckTaxablePayJoinMidFortNight14.GoToUrlAssertUrlPositiveEnterEnterUsernamePositiveEnterEnterpasswordClickLoginButtonGoToUrlAs1()'><b>GoToUrlAssertUrlPositiveEnterEnterUsernamePositiveEnterEnterpasswordClickLoginButtonGoToUrlAs1</b><br>Test class: _1743PayrollDSB.TC698_699CheckTaxablePayJoinMidFortNight14</td>
<td></td>
<td>61</td>
<td>_1743PayrollDSB.TC698_699CheckTaxablePayJoinMidFortNight14@3e5499cc</td></tr>
<tr>
<td title='_1743PayrollDSB.TC698_699CheckTaxablePayJoinMidFortNight6.GoToUrlAssertUrlPositiveEnterEnterUsernamePositiveEnterEnterpasswordClickLoginButtonGoToUrlAs1()'><b>GoToUrlAssertUrlPositiveEnterEnterUsernamePositiveEnterEnterpasswordClickLoginButtonGoToUrlAs1</b><br>Test class: _1743PayrollDSB.TC698_699CheckTaxablePayJoinMidFortNight6</td>
<td></td>
<td>69</td>
<td>_1743PayrollDSB.TC698_699CheckTaxablePayJoinMidFortNight6@67ab1c47</td></tr>
<tr>
<td title='_1743PayrollDSB.TC700_701CheckTaxablePayJoinMidFourWeeklyB.GoToUrlAssertUrlPositiveEnterEnterUsernamePositiveEnterEnterpasswordClickLoginButtonGoToUrlAs1()'><b>GoToUrlAssertUrlPositiveEnterEnterUsernamePositiveEnterEnterpasswordClickLoginButtonGoToUrlAs1</b><br>Test class: _1743PayrollDSB.TC700_701CheckTaxablePayJoinMidFourWeeklyB</td>
<td></td>
<td>66</td>
<td>_1743PayrollDSB.TC700_701CheckTaxablePayJoinMidFourWeeklyB@30bcf3c1</td></tr>
<tr>
<td title='_1743PayrollDSB.TC720_725CheckPayroll_InprogressClient.Inprogress_1Month()'><b>Inprogress_1Month</b><br>Test class: _1743PayrollDSB.TC720_725CheckPayroll_InprogressClient</td>
<td></td>
<td>189</td>
<td>_1743PayrollDSB.TC720_725CheckPayroll_InprogressClient@57eda880</td></tr>
<tr>
<td title='_1743PayrollDSB.TC750_755CheckPention_InprogressClient.Inprogress_1Month()'><b>Inprogress_1Month</b><br>Test class: _1743PayrollDSB.TC750_755CheckPention_InprogressClient</td>
<td></td>
<td>47</td>
<td>_1743PayrollDSB.TC750_755CheckPention_InprogressClient@328cf0e1</td></tr>
<tr>
<td title='_1743PayrollDSB.TC720_725CheckPayroll_InprogressClient.Inprogress_1week()'><b>Inprogress_1week</b><br>Test class: _1743PayrollDSB.TC720_725CheckPayroll_InprogressClient</td>
<td></td>
<td>68</td>
<td>_1743PayrollDSB.TC720_725CheckPayroll_InprogressClient@57eda880</td></tr>
<tr>
<td title='_1743PayrollDSB.TC750_755CheckPention_InprogressClient.Inprogress_1week()'><b>Inprogress_1week</b><br>Test class: _1743PayrollDSB.TC750_755CheckPention_InprogressClient</td>
<td></td>
<td>39</td>
<td>_1743PayrollDSB.TC750_755CheckPention_InprogressClient@328cf0e1</td></tr>
<tr>
<td title='_1743PayrollDSB.TC720_725CheckPayroll_InprogressClient.Inprogress_2Month()'><b>Inprogress_2Month</b><br>Test class: _1743PayrollDSB.TC720_725CheckPayroll_InprogressClient</td>
<td></td>
<td>108</td>
<td>_1743PayrollDSB.TC720_725CheckPayroll_InprogressClient@57eda880</td></tr>
<tr>
<td title='_1743PayrollDSB.TC750_755CheckPention_InprogressClient.Inprogress_2Month()'><b>Inprogress_2Month</b><br>Test class: _1743PayrollDSB.TC750_755CheckPention_InprogressClient</td>
<td></td>
<td>82</td>
<td>_1743PayrollDSB.TC750_755CheckPention_InprogressClient@328cf0e1</td></tr>
<tr>
<td title='_1743PayrollDSB.TC720_725CheckPayroll_InprogressClient.Inprogress_3_6Month()'><b>Inprogress_3_6Month</b><br>Test class: _1743PayrollDSB.TC720_725CheckPayroll_InprogressClient</td>
<td></td>
<td>171</td>
<td>_1743PayrollDSB.TC720_725CheckPayroll_InprogressClient@57eda880</td></tr>
<tr>
<td title='_1743PayrollDSB.TC750_755CheckPention_InprogressClient.Inprogress_3_6Month()'><b>Inprogress_3_6Month</b><br>Test class: _1743PayrollDSB.TC750_755CheckPention_InprogressClient</td>
<td></td>
<td>81</td>
<td>_1743PayrollDSB.TC750_755CheckPention_InprogressClient@328cf0e1</td></tr>
<tr>
<td title='_1743PayrollDSB.TC720_725CheckPayroll_InprogressClient.Inprogress_6plusMonth()'><b>Inprogress_6plusMonth</b><br>Test class: _1743PayrollDSB.TC720_725CheckPayroll_InprogressClient</td>
<td></td>
<td>42</td>
<td>_1743PayrollDSB.TC720_725CheckPayroll_InprogressClient@57eda880</td></tr>
<tr>
<td title='_1743PayrollDSB.TC750_755CheckPention_InprogressClient.Inprogress_6plusMonth()'><b>Inprogress_6plusMonth</b><br>Test class: _1743PayrollDSB.TC750_755CheckPention_InprogressClient</td>
<td></td>
<td>53</td>
<td>_1743PayrollDSB.TC750_755CheckPention_InprogressClient@328cf0e1</td></tr>
<tr>
<td title='_1743PayrollDSB.TC720_725CheckPayroll_InprogressClient.Inprogress_Overdue()'><b>Inprogress_Overdue</b><br>Test class: _1743PayrollDSB.TC720_725CheckPayroll_InprogressClient</td>
<td></td>
<td>51</td>
<td>_1743PayrollDSB.TC720_725CheckPayroll_InprogressClient@57eda880</td></tr>
<tr>
<td title='_1743PayrollDSB.TC750_755CheckPention_InprogressClient.Inprogress_Overdue()'><b>Inprogress_Overdue</b><br>Test class: _1743PayrollDSB.TC750_755CheckPention_InprogressClient</td>
<td></td>
<td>50</td>
<td>_1743PayrollDSB.TC750_755CheckPention_InprogressClient@328cf0e1</td></tr>
<tr>
<td title='_1743PayrollDSB.TC780_785CheckPension_Overdue.Notstarted1Month()'><b>Notstarted1Month</b><br>Test class: _1743PayrollDSB.TC780_785CheckPension_Overdue</td>
<td></td>
<td>49</td>
<td>_1743PayrollDSB.TC780_785CheckPension_Overdue@42e3ede4</td></tr>
<tr>
<td title='_1743PayrollDSB.TC780_785CheckPension_Overdue.Notstarted1Week()'><b>Notstarted1Week</b><br>Test class: _1743PayrollDSB.TC780_785CheckPension_Overdue</td>
<td></td>
<td>90</td>
<td>_1743PayrollDSB.TC780_785CheckPension_Overdue@42e3ede4</td></tr>
<tr>
<td title='_1743PayrollDSB.TC780_785CheckPension_Overdue.Notstarted2Months()'><b>Notstarted2Months</b><br>Test class: _1743PayrollDSB.TC780_785CheckPension_Overdue</td>
<td></td>
<td>56</td>
<td>_1743PayrollDSB.TC780_785CheckPension_Overdue@42e3ede4</td></tr>
<tr>
<td title='_1743PayrollDSB.TC780_785CheckPension_Overdue.Notstarted3_6Months()'><b>Notstarted3_6Months</b><br>Test class: _1743PayrollDSB.TC780_785CheckPension_Overdue</td>
<td></td>
<td>57</td>
<td>_1743PayrollDSB.TC780_785CheckPension_Overdue@42e3ede4</td></tr>
<tr>
<td title='_1743PayrollDSB.TC780_785CheckPension_Overdue.Notstarted6plus()'><b>Notstarted6plus</b><br>Test class: _1743PayrollDSB.TC780_785CheckPension_Overdue</td>
<td></td>
<td>52</td>
<td>_1743PayrollDSB.TC780_785CheckPension_Overdue@42e3ede4</td></tr>
<tr>
<td title='_1743PayrollDSB.TC780_785CheckPension_Overdue.NotstartedOverdue()'><b>NotstartedOverdue</b><br>Test class: _1743PayrollDSB.TC780_785CheckPension_Overdue</td>
<td></td>
<td>82</td>
<td>_1743PayrollDSB.TC780_785CheckPension_Overdue@42e3ede4</td></tr>
<tr>
<td title='_1743PayrollDSB.TC726_731CheckPayroll_OnHoldClient.OnHold_1Month()'><b>OnHold_1Month</b><br>Test class: _1743PayrollDSB.TC726_731CheckPayroll_OnHoldClient</td>
<td></td>
<td>35</td>
<td>_1743PayrollDSB.TC726_731CheckPayroll_OnHoldClient@62f4ff3b</td></tr>
<tr>
<td title='_1743PayrollDSB.TC756_761CheckPayroll_OnHoldClient.OnHold_1Month()'><b>OnHold_1Month</b><br>Test class: _1743PayrollDSB.TC756_761CheckPayroll_OnHoldClient</td>
<td></td>
<td>47</td>
<td>_1743PayrollDSB.TC756_761CheckPayroll_OnHoldClient@b78a709</td></tr>
<tr>
<td title='_1743PayrollDSB.TC756_761CheckPayroll_OnHoldClient.OnHold_1week()'><b>OnHold_1week</b><br>Test class: _1743PayrollDSB.TC756_761CheckPayroll_OnHoldClient</td>
<td></td>
<td>51</td>
<td>_1743PayrollDSB.TC756_761CheckPayroll_OnHoldClient@b78a709</td></tr>
<tr>
<td title='_1743PayrollDSB.TC726_731CheckPayroll_OnHoldClient.OnHold_2Month()'><b>OnHold_2Month</b><br>Test class: _1743PayrollDSB.TC726_731CheckPayroll_OnHoldClient</td>
<td></td>
<td>35</td>
<td>_1743PayrollDSB.TC726_731CheckPayroll_OnHoldClient@62f4ff3b</td></tr>
<tr>
<td title='_1743PayrollDSB.TC756_761CheckPayroll_OnHoldClient.OnHold_2Month()'><b>OnHold_2Month</b><br>Test class: _1743PayrollDSB.TC756_761CheckPayroll_OnHoldClient</td>
<td></td>
<td>50</td>
<td>_1743PayrollDSB.TC756_761CheckPayroll_OnHoldClient@b78a709</td></tr>
<tr>
<td title='_1743PayrollDSB.TC726_731CheckPayroll_OnHoldClient.OnHold_3_6Month()'><b>OnHold_3_6Month</b><br>Test class: _1743PayrollDSB.TC726_731CheckPayroll_OnHoldClient</td>
<td></td>
<td>23</td>
<td>_1743PayrollDSB.TC726_731CheckPayroll_OnHoldClient@62f4ff3b</td></tr>
<tr>
<td title='_1743PayrollDSB.TC756_761CheckPayroll_OnHoldClient.OnHold_3_6Month()'><b>OnHold_3_6Month</b><br>Test class: _1743PayrollDSB.TC756_761CheckPayroll_OnHoldClient</td>
<td></td>
<td>74</td>
<td>_1743PayrollDSB.TC756_761CheckPayroll_OnHoldClient@b78a709</td></tr>
<tr>
<td title='_1743PayrollDSB.TC726_731CheckPayroll_OnHoldClient.OnHold_6plusMonth()'><b>OnHold_6plusMonth</b><br>Test class: _1743PayrollDSB.TC726_731CheckPayroll_OnHoldClient</td>
<td></td>
<td>22</td>
<td>_1743PayrollDSB.TC726_731CheckPayroll_OnHoldClient@62f4ff3b</td></tr>
<tr>
<td title='_1743PayrollDSB.TC756_761CheckPayroll_OnHoldClient.OnHold_6plusMonth()'><b>OnHold_6plusMonth</b><br>Test class: _1743PayrollDSB.TC756_761CheckPayroll_OnHoldClient</td>
<td></td>
<td>51</td>
<td>_1743PayrollDSB.TC756_761CheckPayroll_OnHoldClient@b78a709</td></tr>
<tr>
<td title='_1743PayrollDSB.TC726_731CheckPayroll_OnHoldClient.OnHold_Overdue()'><b>OnHold_Overdue</b><br>Test class: _1743PayrollDSB.TC726_731CheckPayroll_OnHoldClient</td>
<td></td>
<td>21</td>
<td>_1743PayrollDSB.TC726_731CheckPayroll_OnHoldClient@62f4ff3b</td></tr>
<tr>
<td title='_1743PayrollDSB.TC756_761CheckPayroll_OnHoldClient.OnHold_Overdue()'><b>OnHold_Overdue</b><br>Test class: _1743PayrollDSB.TC756_761CheckPayroll_OnHoldClient</td>
<td></td>
<td>48</td>
<td>_1743PayrollDSB.TC756_761CheckPayroll_OnHoldClient@b78a709</td></tr>
<tr>
<td title='_1743PayrollDSB.TC786CheckPayrollDeadlineByAccountant.PayrollAccountantOverdueAscendingCheck()'><b>PayrollAccountantOverdueAscendingCheck</b><br>Test class: _1743PayrollDSB.TC786CheckPayrollDeadlineByAccountant</td>
<td></td>
<td>43</td>
<td>_1743PayrollDSB.TC786CheckPayrollDeadlineByAccountant@34997338</td></tr>
<tr>
<td title='_1743PayrollDSB.TC787CheckPensionDeadlineByAccountant.PensionAccountantOverdueAscendingCheck()'><b>PensionAccountantOverdueAscendingCheck</b><br>Test class: _1743PayrollDSB.TC787CheckPensionDeadlineByAccountant</td>
<td></td>
<td>77</td>
<td>_1743PayrollDSB.TC787CheckPensionDeadlineByAccountant@4febb875</td></tr>
</table><p>
</body>
</html>