<?xml version="1.0" encoding="UTF-8"?>
<!-- Generated by org.testng.reporters.JUnitXMLReporter -->
<testsuite ignored="21" hostname="Nom-31" failures="1" tests="42" name="_1540Test" time="1564.609" errors="0" timestamp="2022-03-14T01:31:30 IST">
  <testcase classname="_1540EEInfoImport.TC809_811RunPayrollTable" name="runPayrollPageTable" time="22.321"/>
  <testcase classname="_1540EEInfoImport.TC809_811RunPayrollTable" name="runPayrollPageAccMngrinAlphabetic" time="22.734"/>
  <testcase classname="_1540EEInfoImport.TC809_811RunPayrollTable" name="runPayrollPageShowSelectedAccoutMngrClient" time="24.176"/>
  <testcase classname="_1540EEInfoImport.TC930EEIInfomportVerify" name="GoToUrlAssertUrlPositiveEnterEnterUsernamePositiveEnterEnterpasswordClickLoginButtonGoToUrlAs1" time="36.609"/>
  <testcase classname="_1540EEInfoImport.TC945_948CheckPayroll_Awaiting" name="AwaitingReview_Overdue" time="31.067"/>
  <testcase classname="_1540EEInfoImport.TC945_948CheckPayroll_Awaiting" name="AwaitingReview_1week" time="30.691"/>
  <testcase classname="_1540EEInfoImport.TC945_948CheckPayroll_Awaiting" name="AwaitingReview_1Month" time="31.727"/>
  <testcase classname="_1540EEInfoImport.TC945_948CheckPayroll_Awaiting" name="AwaitingReview_2Month" time="32.414"/>
  <testcase classname="_1540EEInfoImport.TC939_944CheckPayroll_AwaitingReviewClient" name="AwaitingReview_Overdue" time="31.331"/>
  <testcase classname="_1540EEInfoImport.TC939_944CheckPayroll_AwaitingReviewClient" name="AwaitingReview_1week" time="31.346"/>
  <testcase classname="_1540EEInfoImport.TC939_944CheckPayroll_AwaitingReviewClient" name="AwaitingReview_1Month" time="31.231"/>
  <testcase classname="_1540EEInfoImport.TC939_944CheckPayroll_AwaitingReviewClient" name="AwaitingReview_2Month" time="30.001"/>
  <testcase classname="_1540EEInfoImport.TC939_944CheckPayroll_AwaitingReviewClient" name="AwaitingReview_3_6Month" time="32.193"/>
  <testcase classname="_1540EEInfoImport.TC939_944CheckPayroll_AwaitingReviewClient" name="AwaitingReview_6plusMonth" time="31.61"/>
  <testcase classname="_1540EEInfoImport.TC929EEIInfomport" name="GoToUrlAssertUrlPositiveEnterEnterUsernamePositiveEnterEnterpasswordClickLoginButtonGoToUrlAs1" time="38.794"/>
  <testcase classname="_1540EEInfoImport.TC931DwnldDataFormat" name="GoToUrlAssertUrlPositiveEnterEnterUsernamePositiveEnterEnterpasswordClickLoginButtonGoToUrlAs1" time="31.253"/>
  <testcase classname="_1540EEInfoImport.TC932EEIInfomport" name="verifyJobTitle" time="42.2"/>
  <testcase classname="_1540EEInfoImport.TC932EEIInfomport" name="verifyGender" time="39.503"/>
  <testcase classname="_1540EEInfoImport.TC932EEIInfomport" name="verifyDOB" time="40.283"/>
  <testcase classname="_1540EEInfoImport.TC932EEIInfomport" name="verifyAddress" time="38.201"/>
  <testcase classname="_1540EEInfoImport.TC932EEIInfomport" name="verifyJoiningDate" time="40.67"/>
  <testcase classname="_1540EEInfoImport.TC932EEIInfomport" name="verifyPayrollID" time="40.787"/>
  <testcase classname="_1540EEInfoImport.TC932EEIInfomport" name="verifyRTISubmissionID" time="41.144"/>
  <testcase classname="_1540EEInfoImport.TC932EEIInfomport" name="verifyPayFrequency" time="40.897"/>
  <testcase classname="_1540EEInfoImport.TC932EEIInfomport" name="verifyBankDetails" time="43.701"/>
  <testcase classname="_1540EEInfoImport.TC932EEIInfomport" name="verifyNI_Category" time="41.937"/>
  <testcase classname="_1540EEInfoImport.TC932EEIInfomport" name="verifyTax_Code" time="42.008"/>
  <testcase classname="_1540EEInfoImport.TC932EEIInfomport" name="verifyDirector_Import" time="40.803"/>
  <testcase classname="_1540EEInfoImport.TC932EEIInfomport" name="verifySalary_Import" time="28.625">
    <failure type="java.lang.AssertionError" message="Unable to locate object: By.xpath: //INPUT[@name=&amp;apos;ctl00$ctl00$ParentContent$cPHFilter$txtSearchCompany&amp;apos;]">
      <![CDATA[java.lang.AssertionError: Unable to locate object: By.xpath: //INPUT[@name='ctl00$ctl00$ParentContent$cPHFilter$txtSearchCompany']
at org.testng.Assert.fail(Assert.java:99)
at pages.SearchClient2.Enter_EnterClientName(SearchClient2.java:104)
at _1540EEInfoImport.TC932EEIInfomport.verifySalary_Import(TC932EEIInfomport.java:1630)
at java.base/jdk.internal.reflect.NativeMethodAccessorImpl.invoke0(Native Method)
at java.base/jdk.internal.reflect.NativeMethodAccessorImpl.invoke(NativeMethodAccessorImpl.java:62)
at java.base/jdk.internal.reflect.DelegatingMethodAccessorImpl.invoke(DelegatingMethodAccessorImpl.java:43)
at java.base/java.lang.reflect.Method.invoke(Method.java:566)
at org.testng.internal.MethodInvocationHelper.invokeMethod(MethodInvocationHelper.java:132)
at org.testng.internal.TestInvoker.invokeMethod(TestInvoker.java:599)
at org.testng.internal.TestInvoker.invokeTestMethod(TestInvoker.java:174)
at org.testng.internal.MethodRunner.runInSequence(MethodRunner.java:46)
at org.testng.internal.TestInvoker$MethodInvocationAgent.invoke(TestInvoker.java:822)
at org.testng.internal.TestInvoker.invokeTestMethods(TestInvoker.java:147)
at org.testng.internal.TestMethodWorker.invokeTestMethods(TestMethodWorker.java:146)
at org.testng.internal.TestMethodWorker.run(TestMethodWorker.java:128)
at java.base/java.util.ArrayList.forEach(ArrayList.java:1541)
at org.testng.TestRunner.privateRun(TestRunner.java:764)
at org.testng.TestRunner.run(TestRunner.java:585)
at org.testng.SuiteRunner.runTest(SuiteRunner.java:384)
at org.testng.SuiteRunner.runSequentially(SuiteRunner.java:378)
at org.testng.SuiteRunner.privateRun(SuiteRunner.java:337)
at org.testng.SuiteRunner.run(SuiteRunner.java:286)
at org.testng.SuiteRunnerWorker.runSuite(SuiteRunnerWorker.java:53)
at org.testng.SuiteRunnerWorker.run(SuiteRunnerWorker.java:96)
at org.testng.TestNG.runSuitesSequentially(TestNG.java:1218)
at org.testng.TestNG.runSuitesLocally(TestNG.java:1140)
at org.testng.TestNG.runSuites(TestNG.java:1069)
at org.testng.TestNG.run(TestNG.java:1037)
at org.testng.remote.AbstractRemoteTestNG.run(AbstractRemoteTestNG.java:115)
at org.testng.remote.RemoteTestNG.initAndRun(RemoteTestNG.java:251)
at org.testng.remote.RemoteTestNG.main(RemoteTestNG.java:77)
]]>
    </failure>
  </testcase> <!-- verifySalary_Import -->
  <testcase classname="_1540EEInfoImport.TC932EEIInfomport" name="verifyApprenticeDate_Import" time="40.298"/>
  <testcase classname="_1540EEInfoImport.TC932EEIInfomport" name="verifyOpening_Balance" time="39.686"/>
  <testcase classname="_1540EEInfoImport.TC932EEIInfomport" name="verifypension_Balance" time="39.314"/>
  <testcase classname="_1540EEInfoImport.TC932EEIInfomport" name="verifypension_BalancePopup" time="36.456"/>
  <testcase classname="_1540EEInfoImport.TC932EEIInfomport" name="verifypension_BalanceAmount" time="38.057"/>
  <testcase classname="_1540EEInfoImport.TC932EEIInfomport" name="verifypension_BalanceYELAmount" time="37.836"/>
  <testcase classname="_1540EEInfoImport.TC932EEIInfomport" name="verifypension_BalancePopup1" time="38.322"/>
  <testcase classname="_1540EEInfoImport.TC933_938CheckPayroll_AwaitingReview" name="AwaitingReview_Overdue" time="31.616"/>
  <testcase classname="_1540EEInfoImport.TC933_938CheckPayroll_AwaitingReview" name="AwaitingReview_1week" time="30.878"/>
  <testcase classname="_1540EEInfoImport.TC933_938CheckPayroll_AwaitingReview" name="AwaitingReview_1Month" time="31.342"/>
  <testcase classname="_1540EEInfoImport.TC933_938CheckPayroll_AwaitingReview" name="AwaitingReview_2Month" time="30.955"/>
  <testcase classname="_1540EEInfoImport.TC933_938CheckPayroll_AwaitingReview" name="AwaitingReview_3_6Month" time="30.637"/>
  <testcase classname="_1540EEInfoImport.TC933_938CheckPayroll_AwaitingReview" name="AwaitingReview_6plusMonth" time="31.556"/>
  <testcase classname="tests.TestBase" name="@AfterSuite closeReporter" time="0.0">
    <ignored/>
  </testcase> <!-- @AfterSuite closeReporter -->
  <testcase classname="tests.TestBase" name="@AfterSuite closeReporter" time="0.0">
    <ignored/>
  </testcase> <!-- @AfterSuite closeReporter -->
  <testcase classname="tests.TestBase" name="@AfterSuite closeReporter" time="0.0">
    <ignored/>
  </testcase> <!-- @AfterSuite closeReporter -->
  <testcase classname="tests.TestBase" name="@AfterSuite closeReporter" time="0.0">
    <ignored/>
  </testcase> <!-- @AfterSuite closeReporter -->
  <testcase classname="tests.TestBase" name="@AfterSuite closeReporter" time="0.0">
    <ignored/>
  </testcase> <!-- @AfterSuite closeReporter -->
  <testcase classname="tests.TestBase" name="@AfterSuite closeReporter" time="0.0">
    <ignored/>
  </testcase> <!-- @AfterSuite closeReporter -->
  <testcase classname="tests.TestBase" name="@AfterSuite closeReporter" time="0.0">
    <ignored/>
  </testcase> <!-- @AfterSuite closeReporter -->
  <testcase classname="tests.TestBase" name="@BeforeSuite setupReporter" time="0.0">
    <ignored/>
  </testcase> <!-- @BeforeSuite setupReporter -->
  <testcase classname="tests.TestBase" name="@BeforeSuite setupReporter" time="0.0">
    <ignored/>
  </testcase> <!-- @BeforeSuite setupReporter -->
  <testcase classname="tests.TestBase" name="@BeforeSuite setupReporter" time="0.0">
    <ignored/>
  </testcase> <!-- @BeforeSuite setupReporter -->
  <testcase classname="tests.TestBase" name="@BeforeSuite setupReporter" time="0.0">
    <ignored/>
  </testcase> <!-- @BeforeSuite setupReporter -->
  <testcase classname="tests.TestBase" name="@BeforeSuite setupReporter" time="0.0">
    <ignored/>
  </testcase> <!-- @BeforeSuite setupReporter -->
  <testcase classname="tests.TestBase" name="@BeforeSuite setupReporter" time="0.0">
    <ignored/>
  </testcase> <!-- @BeforeSuite setupReporter -->
  <testcase classname="tests.TestBase" name="@BeforeSuite setupReporter" time="0.0">
    <ignored/>
  </testcase> <!-- @BeforeSuite setupReporter -->
  <testcase classname="tests.TestBase" name="@BeforeSuite allocateData" time="0.0">
    <ignored/>
  </testcase> <!-- @BeforeSuite allocateData -->
  <testcase classname="tests.TestBase" name="@BeforeSuite allocateData" time="0.0">
    <ignored/>
  </testcase> <!-- @BeforeSuite allocateData -->
  <testcase classname="tests.TestBase" name="@BeforeSuite allocateData" time="0.0">
    <ignored/>
  </testcase> <!-- @BeforeSuite allocateData -->
  <testcase classname="tests.TestBase" name="@BeforeSuite allocateData" time="0.0">
    <ignored/>
  </testcase> <!-- @BeforeSuite allocateData -->
  <testcase classname="tests.TestBase" name="@BeforeSuite allocateData" time="0.0">
    <ignored/>
  </testcase> <!-- @BeforeSuite allocateData -->
  <testcase classname="tests.TestBase" name="@BeforeSuite allocateData" time="0.0">
    <ignored/>
  </testcase> <!-- @BeforeSuite allocateData -->
  <testcase classname="tests.TestBase" name="@BeforeSuite allocateData" time="0.0">
    <ignored/>
  </testcase> <!-- @BeforeSuite allocateData -->
</testsuite> <!-- _1540Test -->
