<html>
<head>
<title>TestNG:  _1743Test</title>
<link href="../testng.css" rel="stylesheet" type="text/css" />
<link href="../my-testng.css" rel="stylesheet" type="text/css" />

<style type="text/css">
.log { display: none;} 
.stack-trace { display: none;} 
</style>
<script type="text/javascript">
<!--
function flip(e) {
  current = e.style.display;
  if (current == 'block') {
    e.style.display = 'none';
    return 0;
  }
  else {
    e.style.display = 'block';
    return 1;
  }
}

function toggleBox(szDivId, elem, msg1, msg2)
{
  var res = -1;  if (document.getElementById) {
    res = flip(document.getElementById(szDivId));
  }
  else if (document.all) {
    // this is the way old msie versions work
    res = flip(document.all[szDivId]);
  }
  if(elem) {
    if(res == 0) elem.innerHTML = msg1; else elem.innerHTML = msg2;
  }

}

function toggleAllBoxes() {
  if (document.getElementsByTagName) {
    d = document.getElementsByTagName('div');
    for (i = 0; i < d.length; i++) {
      if (d[i].className == 'log') {
        flip(d[i]);
      }
    }
  }
}

// -->
</script>

</head>
<body>
<h2 align='center'>_1743Test</h2><table border='1' align="center">
<tr>
<td>Tests passed/Failed/Skipped:</td><td>82/6/0</td>
</tr><tr>
<td>Started on:</td><td>Sat Dec 18 00:34:24 IST 2021</td>
</tr>
<tr><td>Total time:</td><td>3465 seconds (3465778 ms)</td>
</tr><tr>
<td>Included groups:</td><td></td>
</tr><tr>
<td>Excluded groups:</td><td></td>
</tr>
</table><p/>
<small><i>(Hover the method name to see the test class name)</i></small><p/>
<table width='100%' border='1' class='invocation-failed'>
<tr><td colspan='4' align='center'><b>FAILED TESTS</b></td></tr>
<tr><td><b>Test method</b></td>
<td width="30%"><b>Exception</b></td>
<td width="10%"><b>Time (seconds)</b></td>
<td><b>Instance</b></td>
</tr>
<tr>
<td title='_1743PayrollDSB.TC709_710CheckTaxablePayForTwoMonths10.GoToUrlAssertUrlPositiveEnterEnterUsernamePositiveEnterEnterpasswordClickLoginButtonGoToUrlAs()'><b>GoToUrlAssertUrlPositiveEnterEnterUsernamePositiveEnterEnterpasswordClickLoginButtonGoToUrlAs</b><br>Test class: _1743PayrollDSB.TC709_710CheckTaxablePayForTwoMonths10</td>
<td><div><pre>org.openqa.selenium.NoSuchElementException: no such element: Unable to locate element: {&quot;method&quot;:&quot;xpath&quot;,&quot;selector&quot;:&quot;//table/tbody/tr[1]/td[5]&quot;}
  (Session info: chrome=96.0.4664.110)
For documentation on this error, please visit: http://seleniumhq.org/exceptions/no_such_element.html
Build info: version: &apos;3.11.0&apos;, revision: &apos;e59cfb3&apos;, time: &apos;2018-03-11T20:26:55.152Z&apos;
System info: host: &apos;NOM-31&apos;, ip: &apos;192.168.1.28&apos;, os.name: &apos;Windows 10&apos;, os.arch: &apos;amd64&apos;, os.version: &apos;10.0&apos;, java.version: &apos;11.0.12&apos;
Driver info: org.openqa.selenium.chrome.ChromeDriver
Capabilities {acceptInsecureCerts: false, browserName: chrome, browserVersion: 96.0.4664.110, chrome: {chromedriverVersion: 96.0.4664.45 (76e4c1bb2ab46..., userDataDir: C:\Users\ADMINI~1\AppData\L...}, goog:chromeOptions: {debuggerAddress: localhost:54493}, javascriptEnabled: true, networkConnectionEnabled: false, pageLoadStrategy: normal, platform: WINDOWS, platformName: WINDOWS, proxy: Proxy(), setWindowRect: true, strictFileInteractability: false, timeouts: {implicit: 0, pageLoad: 300000, script: 30000}, unhandledPromptBehavior: dismiss and notify, webauthn:extension:credBlob: true, webauthn:extension:largeBlob: true, webauthn:virtualAuthenticators: true}
Session ID: b1683abedfac23ada85f954086c11fbf
*** Element info: {Using=xpath, value=//table/tbody/tr[1]/td[5]}
	at jdk.internal.reflect.GeneratedConstructorAccessor38.newInstance(Unknown Source)
	at java.base/jdk.internal.reflect.DelegatingConstructorAccessorImpl.newInstance(DelegatingConstructorAccessorImpl.java:45)
	at java.base/java.lang.reflect.Constructor.newInstance(Constructor.java:490)
	at org.openqa.selenium.remote.http.W3CHttpResponseCodec.createException(W3CHttpResponseCodec.java:187)
	at org.openqa.selenium.remote.http.W3CHttpResponseCodec.decode(W3CHttpResponseCodec.java:122)
	at org.openqa.selenium.remote.http.W3CHttpResponseCodec.decode(W3CHttpResponseCodec.java:49)
	at org.openqa.selenium.remote.HttpCommandExecutor.execute(HttpCommandExecutor.java:158)
	at org.openqa.selenium.remote.service.DriverCommandExecutor.execute(DriverCommandExecutor.java:83)
	at org.openqa.selenium.remote.RemoteWebDriver.execute(RemoteWebDriver.java:545)
	at org.openqa.selenium.remote.RemoteWebDriver.findElement(RemoteWebDriver.java:319)
	at org.openqa.selenium.remote.RemoteWebDriver.findElementByXPath(RemoteWebDriver.java:421)
	at org.openqa.selenium.By$ByXPath.findElement(By.java:361)
	at org.openqa.selenium.remote.RemoteWebDriver.findElement(RemoteWebDriver.java:311)
	at Company_Director.TC7_CD_Alt_JoiningBetweenTxYr.Click_gotoFiling_Management(TC7_CD_Alt_JoiningBetweenTxYr.java:507)
	at _1743PayrollDSB.TC709_710CheckTaxablePayForTwoMonths10.GoToUrlAssertUrlPositiveEnterEnterUsernamePositiveEnterEnterpasswordClickLoginButtonGoToUrlAs(TC709_710CheckTaxablePayForTwoMonths10.java:190)
	at java.base/jdk.internal.reflect.NativeMethodAccessorImpl.invoke0(Native Method)
	at java.base/jdk.internal.reflect.NativeMethodAccessorImpl.invoke(NativeMethodAccessorImpl.java:62)
	at java.base/jdk.internal.reflect.DelegatingMethodAccessorImpl.invoke(DelegatingMethodAccessorImpl.java:43)
	at java.base/java.lang.reflect.Method.invoke(Method.java:566)
	at org.testng.internal.MethodInvocationHelper.invokeMethod(MethodInvocationHelper.java:132)
	at org.testng.internal.TestInvoker.invokeMethod(TestInvoker.java:599)
	at org.testng.internal.TestInvoker.invokeTestMethod(TestInvoker.java:174)
	at org.testng.internal.MethodRunner.runInSequence(MethodRunner.java:46)
	at org.testng.internal.TestInvoker$MethodInvocationAgent.invoke(TestInvoker.java:822)
	at org.testng.internal.TestInvoker.invokeTestMethods(TestInvoker.java:147)
	at org.testng.internal.TestMethodWorker.invokeTestMethods(TestMethodWorker.java:146)
	at org.testng.internal.TestMethodWorker.run(TestMethodWorker.java:128)
	at java.base/java.util.ArrayList.forEach(ArrayList.java:1541)
	at org.testng.TestRunner.privateRun(TestRunner.java:764)
	at org.testng.TestRunner.run(TestRunner.java:585)
	at org.testng.SuiteRunner.runTest(SuiteRunner.java:384)
	at org.testng.SuiteRunner.runSequentially(SuiteRunner.java:378)
	at org.testng.SuiteRunner.privateRun(SuiteRunner.java:337)
	at org.testng.SuiteRunner.run(SuiteRunner.java:286)
	at org.testng.SuiteRunnerWorker.runSuite(SuiteRunnerWorker.java:53)
	at org.testng.SuiteRunnerWorker.run(SuiteRunnerWorker.java:96)
	at org.testng.TestNG.runSuitesSequentially(TestNG.java:1218)
	at org.testng.TestNG.runSuitesLocally(TestNG.java:1140)
	at org.testng.TestNG.runSuites(TestNG.java:1069)
	at org.testng.TestNG.run(TestNG.java:1037)
	at org.testng.remote.AbstractRemoteTestNG.run(AbstractRemoteTestNG.java:115)
	at org.testng.remote.RemoteTestNG.initAndRun(RemoteTestNG.java:251)
	at org.testng.remote.RemoteTestNG.main(RemoteTestNG.java:77)
</pre></div><a href='#' onClick='toggleBox("stack-trace42631270", this, "Click to show all stack frames", "Click to hide stack frames")'>Click to show all stack frames</a>
<div class='stack-trace' id='stack-trace42631270'><pre>org.openqa.selenium.NoSuchElementException: no such element: Unable to locate element: {&quot;method&quot;:&quot;xpath&quot;,&quot;selector&quot;:&quot;//table/tbody/tr[1]/td[5]&quot;}
  (Session info: chrome=96.0.4664.110)
For documentation on this error, please visit: http://seleniumhq.org/exceptions/no_such_element.html
Build info: version: &apos;3.11.0&apos;, revision: &apos;e59cfb3&apos;, time: &apos;2018-03-11T20:26:55.152Z&apos;
System info: host: &apos;NOM-31&apos;, ip: &apos;192.168.1.28&apos;, os.name: &apos;Windows 10&apos;, os.arch: &apos;amd64&apos;, os.version: &apos;10.0&apos;, java.version: &apos;11.0.12&apos;
Driver info: org.openqa.selenium.chrome.ChromeDriver
Capabilities {acceptInsecureCerts: false, browserName: chrome, browserVersion: 96.0.4664.110, chrome: {chromedriverVersion: 96.0.4664.45 (76e4c1bb2ab46..., userDataDir: C:\Users\ADMINI~1\AppData\L...}, goog:chromeOptions: {debuggerAddress: localhost:54493}, javascriptEnabled: true, networkConnectionEnabled: false, pageLoadStrategy: normal, platform: WINDOWS, platformName: WINDOWS, proxy: Proxy(), setWindowRect: true, strictFileInteractability: false, timeouts: {implicit: 0, pageLoad: 300000, script: 30000}, unhandledPromptBehavior: dismiss and notify, webauthn:extension:credBlob: true, webauthn:extension:largeBlob: true, webauthn:virtualAuthenticators: true}
Session ID: b1683abedfac23ada85f954086c11fbf
*** Element info: {Using=xpath, value=//table/tbody/tr[1]/td[5]}
	at jdk.internal.reflect.GeneratedConstructorAccessor38.newInstance(Unknown Source)
	at java.base/jdk.internal.reflect.DelegatingConstructorAccessorImpl.newInstance(DelegatingConstructorAccessorImpl.java:45)
	at java.base/java.lang.reflect.Constructor.newInstance(Constructor.java:490)
	at org.openqa.selenium.remote.http.W3CHttpResponseCodec.createException(W3CHttpResponseCodec.java:187)
	at org.openqa.selenium.remote.http.W3CHttpResponseCodec.decode(W3CHttpResponseCodec.java:122)
	at org.openqa.selenium.remote.http.W3CHttpResponseCodec.decode(W3CHttpResponseCodec.java:49)
	at org.openqa.selenium.remote.HttpCommandExecutor.execute(HttpCommandExecutor.java:158)
	at org.openqa.selenium.remote.service.DriverCommandExecutor.execute(DriverCommandExecutor.java:83)
	at org.openqa.selenium.remote.RemoteWebDriver.execute(RemoteWebDriver.java:545)
	at org.openqa.selenium.remote.RemoteWebDriver.findElement(RemoteWebDriver.java:319)
	at org.openqa.selenium.remote.RemoteWebDriver.findElementByXPath(RemoteWebDriver.java:421)
	at org.openqa.selenium.By$ByXPath.findElement(By.java:361)
	at org.openqa.selenium.remote.RemoteWebDriver.findElement(RemoteWebDriver.java:311)
	at Company_Director.TC7_CD_Alt_JoiningBetweenTxYr.Click_gotoFiling_Management(TC7_CD_Alt_JoiningBetweenTxYr.java:507)
	at _1743PayrollDSB.TC709_710CheckTaxablePayForTwoMonths10.GoToUrlAssertUrlPositiveEnterEnterUsernamePositiveEnterEnterpasswordClickLoginButtonGoToUrlAs(TC709_710CheckTaxablePayForTwoMonths10.java:190)
	at java.base/jdk.internal.reflect.NativeMethodAccessorImpl.invoke0(Native Method)
	at java.base/jdk.internal.reflect.NativeMethodAccessorImpl.invoke(NativeMethodAccessorImpl.java:62)
	at java.base/jdk.internal.reflect.DelegatingMethodAccessorImpl.invoke(DelegatingMethodAccessorImpl.java:43)
	at java.base/java.lang.reflect.Method.invoke(Method.java:566)
	at org.testng.internal.MethodInvocationHelper.invokeMethod(MethodInvocationHelper.java:132)
	at org.testng.internal.TestInvoker.invokeMethod(TestInvoker.java:599)
	at org.testng.internal.TestInvoker.invokeTestMethod(TestInvoker.java:174)
	at org.testng.internal.MethodRunner.runInSequence(MethodRunner.java:46)
	at org.testng.internal.TestInvoker$MethodInvocationAgent.invoke(TestInvoker.java:822)
	at org.testng.internal.TestInvoker.invokeTestMethods(TestInvoker.java:147)
	at org.testng.internal.TestMethodWorker.invokeTestMethods(TestMethodWorker.java:146)
	at org.testng.internal.TestMethodWorker.run(TestMethodWorker.java:128)
	at java.base/java.util.ArrayList.forEach(ArrayList.java:1541)
	at org.testng.TestRunner.privateRun(TestRunner.java:764)
	at org.testng.TestRunner.run(TestRunner.java:585)
	at org.testng.SuiteRunner.runTest(SuiteRunner.java:384)
	at org.testng.SuiteRunner.runSequentially(SuiteRunner.java:378)
	at org.testng.SuiteRunner.privateRun(SuiteRunner.java:337)
	at org.testng.SuiteRunner.run(SuiteRunner.java:286)
	at org.testng.SuiteRunnerWorker.runSuite(SuiteRunnerWorker.java:53)
	at org.testng.SuiteRunnerWorker.run(SuiteRunnerWorker.java:96)
	at org.testng.TestNG.runSuitesSequentially(TestNG.java:1218)
	at org.testng.TestNG.runSuitesLocally(TestNG.java:1140)
	at org.testng.TestNG.runSuites(TestNG.java:1069)
	at org.testng.TestNG.run(TestNG.java:1037)
	at org.testng.remote.AbstractRemoteTestNG.run(AbstractRemoteTestNG.java:115)
	at org.testng.remote.RemoteTestNG.initAndRun(RemoteTestNG.java:251)
	at org.testng.remote.RemoteTestNG.main(RemoteTestNG.java:77)
</pre></div></td>
<td>159</td>
<td>_1743PayrollDSB.TC709_710CheckTaxablePayForTwoMonths10@53abfc07</td></tr>
<tr>
<td title='_1743PayrollDSB.TC711_712CheckTaxablePayForTwoMonths10.GoToUrlAssertUrlPositiveEnterEnterUsernamePositiveEnterEnterpasswordClickLoginButtonGoToUrlAs()'><b>GoToUrlAssertUrlPositiveEnterEnterUsernamePositiveEnterEnterpasswordClickLoginButtonGoToUrlAs</b><br>Test class: _1743PayrollDSB.TC711_712CheckTaxablePayForTwoMonths10</td>
<td><div><pre>org.openqa.selenium.NoSuchElementException: no such element: Unable to locate element: {&quot;method&quot;:&quot;xpath&quot;,&quot;selector&quot;:&quot;//table/tbody/tr[1]/td[5]&quot;}
  (Session info: chrome=96.0.4664.110)
For documentation on this error, please visit: http://seleniumhq.org/exceptions/no_such_element.html
Build info: version: &apos;3.11.0&apos;, revision: &apos;e59cfb3&apos;, time: &apos;2018-03-11T20:26:55.152Z&apos;
System info: host: &apos;NOM-31&apos;, ip: &apos;192.168.1.28&apos;, os.name: &apos;Windows 10&apos;, os.arch: &apos;amd64&apos;, os.version: &apos;10.0&apos;, java.version: &apos;11.0.12&apos;
Driver info: org.openqa.selenium.chrome.ChromeDriver
Capabilities {acceptInsecureCerts: false, browserName: chrome, browserVersion: 96.0.4664.110, chrome: {chromedriverVersion: 96.0.4664.45 (76e4c1bb2ab46..., userDataDir: C:\Users\ADMINI~1\AppData\L...}, goog:chromeOptions: {debuggerAddress: localhost:56844}, javascriptEnabled: true, networkConnectionEnabled: false, pageLoadStrategy: normal, platform: WINDOWS, platformName: WINDOWS, proxy: Proxy(), setWindowRect: true, strictFileInteractability: false, timeouts: {implicit: 0, pageLoad: 300000, script: 30000}, unhandledPromptBehavior: dismiss and notify, webauthn:extension:credBlob: true, webauthn:extension:largeBlob: true, webauthn:virtualAuthenticators: true}
Session ID: be51114ada63af173f9fa7efbed9223a
*** Element info: {Using=xpath, value=//table/tbody/tr[1]/td[5]}
	at jdk.internal.reflect.GeneratedConstructorAccessor38.newInstance(Unknown Source)
	at java.base/jdk.internal.reflect.DelegatingConstructorAccessorImpl.newInstance(DelegatingConstructorAccessorImpl.java:45)
	at java.base/java.lang.reflect.Constructor.newInstance(Constructor.java:490)
	at org.openqa.selenium.remote.http.W3CHttpResponseCodec.createException(W3CHttpResponseCodec.java:187)
	at org.openqa.selenium.remote.http.W3CHttpResponseCodec.decode(W3CHttpResponseCodec.java:122)
	at org.openqa.selenium.remote.http.W3CHttpResponseCodec.decode(W3CHttpResponseCodec.java:49)
	at org.openqa.selenium.remote.HttpCommandExecutor.execute(HttpCommandExecutor.java:158)
	at org.openqa.selenium.remote.service.DriverCommandExecutor.execute(DriverCommandExecutor.java:83)
	at org.openqa.selenium.remote.RemoteWebDriver.execute(RemoteWebDriver.java:545)
	at org.openqa.selenium.remote.RemoteWebDriver.findElement(RemoteWebDriver.java:319)
	at org.openqa.selenium.remote.RemoteWebDriver.findElementByXPath(RemoteWebDriver.java:421)
	at org.openqa.selenium.By$ByXPath.findElement(By.java:361)
	at org.openqa.selenium.remote.RemoteWebDriver.findElement(RemoteWebDriver.java:311)
	at Company_Director.TC7_CD_Alt_JoiningBetweenTxYr.Click_gotoFiling_Management(TC7_CD_Alt_JoiningBetweenTxYr.java:507)
	at _1743PayrollDSB.TC711_712CheckTaxablePayForTwoMonths10.GoToUrlAssertUrlPositiveEnterEnterUsernamePositiveEnterEnterpasswordClickLoginButtonGoToUrlAs(TC711_712CheckTaxablePayForTwoMonths10.java:190)
	at java.base/jdk.internal.reflect.NativeMethodAccessorImpl.invoke0(Native Method)
	at java.base/jdk.internal.reflect.NativeMethodAccessorImpl.invoke(NativeMethodAccessorImpl.java:62)
	at java.base/jdk.internal.reflect.DelegatingMethodAccessorImpl.invoke(DelegatingMethodAccessorImpl.java:43)
	at java.base/java.lang.reflect.Method.invoke(Method.java:566)
	at org.testng.internal.MethodInvocationHelper.invokeMethod(MethodInvocationHelper.java:132)
	at org.testng.internal.TestInvoker.invokeMethod(TestInvoker.java:599)
	at org.testng.internal.TestInvoker.invokeTestMethod(TestInvoker.java:174)
	at org.testng.internal.MethodRunner.runInSequence(MethodRunner.java:46)
	at org.testng.internal.TestInvoker$MethodInvocationAgent.invoke(TestInvoker.java:822)
	at org.testng.internal.TestInvoker.invokeTestMethods(TestInvoker.java:147)
	at org.testng.internal.TestMethodWorker.invokeTestMethods(TestMethodWorker.java:146)
	at org.testng.internal.TestMethodWorker.run(TestMethodWorker.java:128)
	at java.base/java.util.ArrayList.forEach(ArrayList.java:1541)
	at org.testng.TestRunner.privateRun(TestRunner.java:764)
	at org.testng.TestRunner.run(TestRunner.java:585)
	at org.testng.SuiteRunner.runTest(SuiteRunner.java:384)
	at org.testng.SuiteRunner.runSequentially(SuiteRunner.java:378)
	at org.testng.SuiteRunner.privateRun(SuiteRunner.java:337)
	at org.testng.SuiteRunner.run(SuiteRunner.java:286)
	at org.testng.SuiteRunnerWorker.runSuite(SuiteRunnerWorker.java:53)
	at org.testng.SuiteRunnerWorker.run(SuiteRunnerWorker.java:96)
	at org.testng.TestNG.runSuitesSequentially(TestNG.java:1218)
	at org.testng.TestNG.runSuitesLocally(TestNG.java:1140)
	at org.testng.TestNG.runSuites(TestNG.java:1069)
	at org.testng.TestNG.run(TestNG.java:1037)
	at org.testng.remote.AbstractRemoteTestNG.run(AbstractRemoteTestNG.java:115)
	at org.testng.remote.RemoteTestNG.initAndRun(RemoteTestNG.java:251)
	at org.testng.remote.RemoteTestNG.main(RemoteTestNG.java:77)
</pre></div><a href='#' onClick='toggleBox("stack-trace1834583002", this, "Click to show all stack frames", "Click to hide stack frames")'>Click to show all stack frames</a>
<div class='stack-trace' id='stack-trace1834583002'><pre>org.openqa.selenium.NoSuchElementException: no such element: Unable to locate element: {&quot;method&quot;:&quot;xpath&quot;,&quot;selector&quot;:&quot;//table/tbody/tr[1]/td[5]&quot;}
  (Session info: chrome=96.0.4664.110)
For documentation on this error, please visit: http://seleniumhq.org/exceptions/no_such_element.html
Build info: version: &apos;3.11.0&apos;, revision: &apos;e59cfb3&apos;, time: &apos;2018-03-11T20:26:55.152Z&apos;
System info: host: &apos;NOM-31&apos;, ip: &apos;192.168.1.28&apos;, os.name: &apos;Windows 10&apos;, os.arch: &apos;amd64&apos;, os.version: &apos;10.0&apos;, java.version: &apos;11.0.12&apos;
Driver info: org.openqa.selenium.chrome.ChromeDriver
Capabilities {acceptInsecureCerts: false, browserName: chrome, browserVersion: 96.0.4664.110, chrome: {chromedriverVersion: 96.0.4664.45 (76e4c1bb2ab46..., userDataDir: C:\Users\ADMINI~1\AppData\L...}, goog:chromeOptions: {debuggerAddress: localhost:56844}, javascriptEnabled: true, networkConnectionEnabled: false, pageLoadStrategy: normal, platform: WINDOWS, platformName: WINDOWS, proxy: Proxy(), setWindowRect: true, strictFileInteractability: false, timeouts: {implicit: 0, pageLoad: 300000, script: 30000}, unhandledPromptBehavior: dismiss and notify, webauthn:extension:credBlob: true, webauthn:extension:largeBlob: true, webauthn:virtualAuthenticators: true}
Session ID: be51114ada63af173f9fa7efbed9223a
*** Element info: {Using=xpath, value=//table/tbody/tr[1]/td[5]}
	at jdk.internal.reflect.GeneratedConstructorAccessor38.newInstance(Unknown Source)
	at java.base/jdk.internal.reflect.DelegatingConstructorAccessorImpl.newInstance(DelegatingConstructorAccessorImpl.java:45)
	at java.base/java.lang.reflect.Constructor.newInstance(Constructor.java:490)
	at org.openqa.selenium.remote.http.W3CHttpResponseCodec.createException(W3CHttpResponseCodec.java:187)
	at org.openqa.selenium.remote.http.W3CHttpResponseCodec.decode(W3CHttpResponseCodec.java:122)
	at org.openqa.selenium.remote.http.W3CHttpResponseCodec.decode(W3CHttpResponseCodec.java:49)
	at org.openqa.selenium.remote.HttpCommandExecutor.execute(HttpCommandExecutor.java:158)
	at org.openqa.selenium.remote.service.DriverCommandExecutor.execute(DriverCommandExecutor.java:83)
	at org.openqa.selenium.remote.RemoteWebDriver.execute(RemoteWebDriver.java:545)
	at org.openqa.selenium.remote.RemoteWebDriver.findElement(RemoteWebDriver.java:319)
	at org.openqa.selenium.remote.RemoteWebDriver.findElementByXPath(RemoteWebDriver.java:421)
	at org.openqa.selenium.By$ByXPath.findElement(By.java:361)
	at org.openqa.selenium.remote.RemoteWebDriver.findElement(RemoteWebDriver.java:311)
	at Company_Director.TC7_CD_Alt_JoiningBetweenTxYr.Click_gotoFiling_Management(TC7_CD_Alt_JoiningBetweenTxYr.java:507)
	at _1743PayrollDSB.TC711_712CheckTaxablePayForTwoMonths10.GoToUrlAssertUrlPositiveEnterEnterUsernamePositiveEnterEnterpasswordClickLoginButtonGoToUrlAs(TC711_712CheckTaxablePayForTwoMonths10.java:190)
	at java.base/jdk.internal.reflect.NativeMethodAccessorImpl.invoke0(Native Method)
	at java.base/jdk.internal.reflect.NativeMethodAccessorImpl.invoke(NativeMethodAccessorImpl.java:62)
	at java.base/jdk.internal.reflect.DelegatingMethodAccessorImpl.invoke(DelegatingMethodAccessorImpl.java:43)
	at java.base/java.lang.reflect.Method.invoke(Method.java:566)
	at org.testng.internal.MethodInvocationHelper.invokeMethod(MethodInvocationHelper.java:132)
	at org.testng.internal.TestInvoker.invokeMethod(TestInvoker.java:599)
	at org.testng.internal.TestInvoker.invokeTestMethod(TestInvoker.java:174)
	at org.testng.internal.MethodRunner.runInSequence(MethodRunner.java:46)
	at org.testng.internal.TestInvoker$MethodInvocationAgent.invoke(TestInvoker.java:822)
	at org.testng.internal.TestInvoker.invokeTestMethods(TestInvoker.java:147)
	at org.testng.internal.TestMethodWorker.invokeTestMethods(TestMethodWorker.java:146)
	at org.testng.internal.TestMethodWorker.run(TestMethodWorker.java:128)
	at java.base/java.util.ArrayList.forEach(ArrayList.java:1541)
	at org.testng.TestRunner.privateRun(TestRunner.java:764)
	at org.testng.TestRunner.run(TestRunner.java:585)
	at org.testng.SuiteRunner.runTest(SuiteRunner.java:384)
	at org.testng.SuiteRunner.runSequentially(SuiteRunner.java:378)
	at org.testng.SuiteRunner.privateRun(SuiteRunner.java:337)
	at org.testng.SuiteRunner.run(SuiteRunner.java:286)
	at org.testng.SuiteRunnerWorker.runSuite(SuiteRunnerWorker.java:53)
	at org.testng.SuiteRunnerWorker.run(SuiteRunnerWorker.java:96)
	at org.testng.TestNG.runSuitesSequentially(TestNG.java:1218)
	at org.testng.TestNG.runSuitesLocally(TestNG.java:1140)
	at org.testng.TestNG.runSuites(TestNG.java:1069)
	at org.testng.TestNG.run(TestNG.java:1037)
	at org.testng.remote.AbstractRemoteTestNG.run(AbstractRemoteTestNG.java:115)
	at org.testng.remote.RemoteTestNG.initAndRun(RemoteTestNG.java:251)
	at org.testng.remote.RemoteTestNG.main(RemoteTestNG.java:77)
</pre></div></td>
<td>154</td>
<td>_1743PayrollDSB.TC711_712CheckTaxablePayForTwoMonths10@3e67f5f2</td></tr>
<tr>
<td title='_1743PayrollDSB.TC713_714CheckTaxablePayForTwoMonths10.GoToUrlAssertUrlPositiveEnterEnterUsernamePositiveEnterEnterpasswordClickLoginButtonGoToUrlAs()'><b>GoToUrlAssertUrlPositiveEnterEnterUsernamePositiveEnterEnterpasswordClickLoginButtonGoToUrlAs</b><br>Test class: _1743PayrollDSB.TC713_714CheckTaxablePayForTwoMonths10</td>
<td><div><pre>org.openqa.selenium.NoSuchElementException: no such element: Unable to locate element: {&quot;method&quot;:&quot;xpath&quot;,&quot;selector&quot;:&quot;//table/tbody/tr[1]/td[5]&quot;}
  (Session info: chrome=96.0.4664.110)
For documentation on this error, please visit: http://seleniumhq.org/exceptions/no_such_element.html
Build info: version: &apos;3.11.0&apos;, revision: &apos;e59cfb3&apos;, time: &apos;2018-03-11T20:26:55.152Z&apos;
System info: host: &apos;NOM-31&apos;, ip: &apos;192.168.1.28&apos;, os.name: &apos;Windows 10&apos;, os.arch: &apos;amd64&apos;, os.version: &apos;10.0&apos;, java.version: &apos;11.0.12&apos;
Driver info: org.openqa.selenium.chrome.ChromeDriver
Capabilities {acceptInsecureCerts: false, browserName: chrome, browserVersion: 96.0.4664.110, chrome: {chromedriverVersion: 96.0.4664.45 (76e4c1bb2ab46..., userDataDir: C:\Users\ADMINI~1\AppData\L...}, goog:chromeOptions: {debuggerAddress: localhost:58826}, javascriptEnabled: true, networkConnectionEnabled: false, pageLoadStrategy: normal, platform: WINDOWS, platformName: WINDOWS, proxy: Proxy(), setWindowRect: true, strictFileInteractability: false, timeouts: {implicit: 0, pageLoad: 300000, script: 30000}, unhandledPromptBehavior: dismiss and notify, webauthn:extension:credBlob: true, webauthn:extension:largeBlob: true, webauthn:virtualAuthenticators: true}
Session ID: 77d9b35d7f65bb6545d4c12766149976
*** Element info: {Using=xpath, value=//table/tbody/tr[1]/td[5]}
	at jdk.internal.reflect.GeneratedConstructorAccessor38.newInstance(Unknown Source)
	at java.base/jdk.internal.reflect.DelegatingConstructorAccessorImpl.newInstance(DelegatingConstructorAccessorImpl.java:45)
	at java.base/java.lang.reflect.Constructor.newInstance(Constructor.java:490)
	at org.openqa.selenium.remote.http.W3CHttpResponseCodec.createException(W3CHttpResponseCodec.java:187)
	at org.openqa.selenium.remote.http.W3CHttpResponseCodec.decode(W3CHttpResponseCodec.java:122)
	at org.openqa.selenium.remote.http.W3CHttpResponseCodec.decode(W3CHttpResponseCodec.java:49)
	at org.openqa.selenium.remote.HttpCommandExecutor.execute(HttpCommandExecutor.java:158)
	at org.openqa.selenium.remote.service.DriverCommandExecutor.execute(DriverCommandExecutor.java:83)
	at org.openqa.selenium.remote.RemoteWebDriver.execute(RemoteWebDriver.java:545)
	at org.openqa.selenium.remote.RemoteWebDriver.findElement(RemoteWebDriver.java:319)
	at org.openqa.selenium.remote.RemoteWebDriver.findElementByXPath(RemoteWebDriver.java:421)
	at org.openqa.selenium.By$ByXPath.findElement(By.java:361)
	at org.openqa.selenium.remote.RemoteWebDriver.findElement(RemoteWebDriver.java:311)
	at Company_Director.TC7_CD_Alt_JoiningBetweenTxYr.Click_gotoFiling_Management(TC7_CD_Alt_JoiningBetweenTxYr.java:507)
	at _1743PayrollDSB.TC713_714CheckTaxablePayForTwoMonths10.GoToUrlAssertUrlPositiveEnterEnterUsernamePositiveEnterEnterpasswordClickLoginButtonGoToUrlAs(TC713_714CheckTaxablePayForTwoMonths10.java:190)
	at java.base/jdk.internal.reflect.NativeMethodAccessorImpl.invoke0(Native Method)
	at java.base/jdk.internal.reflect.NativeMethodAccessorImpl.invoke(NativeMethodAccessorImpl.java:62)
	at java.base/jdk.internal.reflect.DelegatingMethodAccessorImpl.invoke(DelegatingMethodAccessorImpl.java:43)
	at java.base/java.lang.reflect.Method.invoke(Method.java:566)
	at org.testng.internal.MethodInvocationHelper.invokeMethod(MethodInvocationHelper.java:132)
	at org.testng.internal.TestInvoker.invokeMethod(TestInvoker.java:599)
	at org.testng.internal.TestInvoker.invokeTestMethod(TestInvoker.java:174)
	at org.testng.internal.MethodRunner.runInSequence(MethodRunner.java:46)
	at org.testng.internal.TestInvoker$MethodInvocationAgent.invoke(TestInvoker.java:822)
	at org.testng.internal.TestInvoker.invokeTestMethods(TestInvoker.java:147)
	at org.testng.internal.TestMethodWorker.invokeTestMethods(TestMethodWorker.java:146)
	at org.testng.internal.TestMethodWorker.run(TestMethodWorker.java:128)
	at java.base/java.util.ArrayList.forEach(ArrayList.java:1541)
	at org.testng.TestRunner.privateRun(TestRunner.java:764)
	at org.testng.TestRunner.run(TestRunner.java:585)
	at org.testng.SuiteRunner.runTest(SuiteRunner.java:384)
	at org.testng.SuiteRunner.runSequentially(SuiteRunner.java:378)
	at org.testng.SuiteRunner.privateRun(SuiteRunner.java:337)
	at org.testng.SuiteRunner.run(SuiteRunner.java:286)
	at org.testng.SuiteRunnerWorker.runSuite(SuiteRunnerWorker.java:53)
	at org.testng.SuiteRunnerWorker.run(SuiteRunnerWorker.java:96)
	at org.testng.TestNG.runSuitesSequentially(TestNG.java:1218)
	at org.testng.TestNG.runSuitesLocally(TestNG.java:1140)
	at org.testng.TestNG.runSuites(TestNG.java:1069)
	at org.testng.TestNG.run(TestNG.java:1037)
	at org.testng.remote.AbstractRemoteTestNG.run(AbstractRemoteTestNG.java:115)
	at org.testng.remote.RemoteTestNG.initAndRun(RemoteTestNG.java:251)
	at org.testng.remote.RemoteTestNG.main(RemoteTestNG.java:77)
</pre></div><a href='#' onClick='toggleBox("stack-trace1750081207", this, "Click to show all stack frames", "Click to hide stack frames")'>Click to show all stack frames</a>
<div class='stack-trace' id='stack-trace1750081207'><pre>org.openqa.selenium.NoSuchElementException: no such element: Unable to locate element: {&quot;method&quot;:&quot;xpath&quot;,&quot;selector&quot;:&quot;//table/tbody/tr[1]/td[5]&quot;}
  (Session info: chrome=96.0.4664.110)
For documentation on this error, please visit: http://seleniumhq.org/exceptions/no_such_element.html
Build info: version: &apos;3.11.0&apos;, revision: &apos;e59cfb3&apos;, time: &apos;2018-03-11T20:26:55.152Z&apos;
System info: host: &apos;NOM-31&apos;, ip: &apos;192.168.1.28&apos;, os.name: &apos;Windows 10&apos;, os.arch: &apos;amd64&apos;, os.version: &apos;10.0&apos;, java.version: &apos;11.0.12&apos;
Driver info: org.openqa.selenium.chrome.ChromeDriver
Capabilities {acceptInsecureCerts: false, browserName: chrome, browserVersion: 96.0.4664.110, chrome: {chromedriverVersion: 96.0.4664.45 (76e4c1bb2ab46..., userDataDir: C:\Users\ADMINI~1\AppData\L...}, goog:chromeOptions: {debuggerAddress: localhost:58826}, javascriptEnabled: true, networkConnectionEnabled: false, pageLoadStrategy: normal, platform: WINDOWS, platformName: WINDOWS, proxy: Proxy(), setWindowRect: true, strictFileInteractability: false, timeouts: {implicit: 0, pageLoad: 300000, script: 30000}, unhandledPromptBehavior: dismiss and notify, webauthn:extension:credBlob: true, webauthn:extension:largeBlob: true, webauthn:virtualAuthenticators: true}
Session ID: 77d9b35d7f65bb6545d4c12766149976
*** Element info: {Using=xpath, value=//table/tbody/tr[1]/td[5]}
	at jdk.internal.reflect.GeneratedConstructorAccessor38.newInstance(Unknown Source)
	at java.base/jdk.internal.reflect.DelegatingConstructorAccessorImpl.newInstance(DelegatingConstructorAccessorImpl.java:45)
	at java.base/java.lang.reflect.Constructor.newInstance(Constructor.java:490)
	at org.openqa.selenium.remote.http.W3CHttpResponseCodec.createException(W3CHttpResponseCodec.java:187)
	at org.openqa.selenium.remote.http.W3CHttpResponseCodec.decode(W3CHttpResponseCodec.java:122)
	at org.openqa.selenium.remote.http.W3CHttpResponseCodec.decode(W3CHttpResponseCodec.java:49)
	at org.openqa.selenium.remote.HttpCommandExecutor.execute(HttpCommandExecutor.java:158)
	at org.openqa.selenium.remote.service.DriverCommandExecutor.execute(DriverCommandExecutor.java:83)
	at org.openqa.selenium.remote.RemoteWebDriver.execute(RemoteWebDriver.java:545)
	at org.openqa.selenium.remote.RemoteWebDriver.findElement(RemoteWebDriver.java:319)
	at org.openqa.selenium.remote.RemoteWebDriver.findElementByXPath(RemoteWebDriver.java:421)
	at org.openqa.selenium.By$ByXPath.findElement(By.java:361)
	at org.openqa.selenium.remote.RemoteWebDriver.findElement(RemoteWebDriver.java:311)
	at Company_Director.TC7_CD_Alt_JoiningBetweenTxYr.Click_gotoFiling_Management(TC7_CD_Alt_JoiningBetweenTxYr.java:507)
	at _1743PayrollDSB.TC713_714CheckTaxablePayForTwoMonths10.GoToUrlAssertUrlPositiveEnterEnterUsernamePositiveEnterEnterpasswordClickLoginButtonGoToUrlAs(TC713_714CheckTaxablePayForTwoMonths10.java:190)
	at java.base/jdk.internal.reflect.NativeMethodAccessorImpl.invoke0(Native Method)
	at java.base/jdk.internal.reflect.NativeMethodAccessorImpl.invoke(NativeMethodAccessorImpl.java:62)
	at java.base/jdk.internal.reflect.DelegatingMethodAccessorImpl.invoke(DelegatingMethodAccessorImpl.java:43)
	at java.base/java.lang.reflect.Method.invoke(Method.java:566)
	at org.testng.internal.MethodInvocationHelper.invokeMethod(MethodInvocationHelper.java:132)
	at org.testng.internal.TestInvoker.invokeMethod(TestInvoker.java:599)
	at org.testng.internal.TestInvoker.invokeTestMethod(TestInvoker.java:174)
	at org.testng.internal.MethodRunner.runInSequence(MethodRunner.java:46)
	at org.testng.internal.TestInvoker$MethodInvocationAgent.invoke(TestInvoker.java:822)
	at org.testng.internal.TestInvoker.invokeTestMethods(TestInvoker.java:147)
	at org.testng.internal.TestMethodWorker.invokeTestMethods(TestMethodWorker.java:146)
	at org.testng.internal.TestMethodWorker.run(TestMethodWorker.java:128)
	at java.base/java.util.ArrayList.forEach(ArrayList.java:1541)
	at org.testng.TestRunner.privateRun(TestRunner.java:764)
	at org.testng.TestRunner.run(TestRunner.java:585)
	at org.testng.SuiteRunner.runTest(SuiteRunner.java:384)
	at org.testng.SuiteRunner.runSequentially(SuiteRunner.java:378)
	at org.testng.SuiteRunner.privateRun(SuiteRunner.java:337)
	at org.testng.SuiteRunner.run(SuiteRunner.java:286)
	at org.testng.SuiteRunnerWorker.runSuite(SuiteRunnerWorker.java:53)
	at org.testng.SuiteRunnerWorker.run(SuiteRunnerWorker.java:96)
	at org.testng.TestNG.runSuitesSequentially(TestNG.java:1218)
	at org.testng.TestNG.runSuitesLocally(TestNG.java:1140)
	at org.testng.TestNG.runSuites(TestNG.java:1069)
	at org.testng.TestNG.run(TestNG.java:1037)
	at org.testng.remote.AbstractRemoteTestNG.run(AbstractRemoteTestNG.java:115)
	at org.testng.remote.RemoteTestNG.initAndRun(RemoteTestNG.java:251)
	at org.testng.remote.RemoteTestNG.main(RemoteTestNG.java:77)
</pre></div></td>
<td>153</td>
<td>_1743PayrollDSB.TC713_714CheckTaxablePayForTwoMonths10@432f521f</td></tr>
<tr>
<td title='_1743PayrollDSB.TC709_710CheckTaxablePayForTwoMonths10.GoToUrlAssertUrlPositiveEnterEnterUsernamePositiveEnterEnterpasswordClickLoginButtonGoToUrlAs1()'><b>GoToUrlAssertUrlPositiveEnterEnterUsernamePositiveEnterEnterpasswordClickLoginButtonGoToUrlAs1</b><br>Test class: _1743PayrollDSB.TC709_710CheckTaxablePayForTwoMonths10</td>
<td><div><pre>java.lang.AssertionError: Unable to locate object: By.xpath: //A[@id=&apos;ctl00_ctl00_ParentContent_cPHFilter_btnUndoPayroll&apos;]
	at org.testng.Assert.fail(Assert.java:99)
	at PayrollDashboardUI.PayrollDoUndo.Click_Undo_Last_Payroll_(PayrollDoUndo.java:183)
	at _1743PayrollDSB.TC709_710CheckTaxablePayForTwoMonths10.GoToUrlAssertUrlPositiveEnterEnterUsernamePositiveEnterEnterpasswordClickLoginButtonGoToUrlAs1(TC709_710CheckTaxablePayForTwoMonths10.java:361)
	at java.base/jdk.internal.reflect.NativeMethodAccessorImpl.invoke0(Native Method)
	at java.base/jdk.internal.reflect.NativeMethodAccessorImpl.invoke(NativeMethodAccessorImpl.java:62)
	at java.base/jdk.internal.reflect.DelegatingMethodAccessorImpl.invoke(DelegatingMethodAccessorImpl.java:43)
	at java.base/java.lang.reflect.Method.invoke(Method.java:566)
	at org.testng.internal.MethodInvocationHelper.invokeMethod(MethodInvocationHelper.java:132)
	at org.testng.internal.TestInvoker.invokeMethod(TestInvoker.java:599)
	at org.testng.internal.TestInvoker.invokeTestMethod(TestInvoker.java:174)
	at org.testng.internal.MethodRunner.runInSequence(MethodRunner.java:46)
	at org.testng.internal.TestInvoker$MethodInvocationAgent.invoke(TestInvoker.java:822)
	at org.testng.internal.TestInvoker.invokeTestMethods(TestInvoker.java:147)
	at org.testng.internal.TestMethodWorker.invokeTestMethods(TestMethodWorker.java:146)
	at org.testng.internal.TestMethodWorker.run(TestMethodWorker.java:128)
	at java.base/java.util.ArrayList.forEach(ArrayList.java:1541)
	at org.testng.TestRunner.privateRun(TestRunner.java:764)
	at org.testng.TestRunner.run(TestRunner.java:585)
	at org.testng.SuiteRunner.runTest(SuiteRunner.java:384)
	at org.testng.SuiteRunner.runSequentially(SuiteRunner.java:378)
	at org.testng.SuiteRunner.privateRun(SuiteRunner.java:337)
	at org.testng.SuiteRunner.run(SuiteRunner.java:286)
	at org.testng.SuiteRunnerWorker.runSuite(SuiteRunnerWorker.java:53)
	at org.testng.SuiteRunnerWorker.run(SuiteRunnerWorker.java:96)
	at org.testng.TestNG.runSuitesSequentially(TestNG.java:1218)
	at org.testng.TestNG.runSuitesLocally(TestNG.java:1140)
	at org.testng.TestNG.runSuites(TestNG.java:1069)
	at org.testng.TestNG.run(TestNG.java:1037)
	at org.testng.remote.AbstractRemoteTestNG.run(AbstractRemoteTestNG.java:115)
	at org.testng.remote.RemoteTestNG.initAndRun(RemoteTestNG.java:251)
	at org.testng.remote.RemoteTestNG.main(RemoteTestNG.java:77)
</pre></div><a href='#' onClick='toggleBox("stack-trace2122366051", this, "Click to show all stack frames", "Click to hide stack frames")'>Click to show all stack frames</a>
<div class='stack-trace' id='stack-trace2122366051'><pre>java.lang.AssertionError: Unable to locate object: By.xpath: //A[@id=&apos;ctl00_ctl00_ParentContent_cPHFilter_btnUndoPayroll&apos;]
	at org.testng.Assert.fail(Assert.java:99)
	at PayrollDashboardUI.PayrollDoUndo.Click_Undo_Last_Payroll_(PayrollDoUndo.java:183)
	at _1743PayrollDSB.TC709_710CheckTaxablePayForTwoMonths10.GoToUrlAssertUrlPositiveEnterEnterUsernamePositiveEnterEnterpasswordClickLoginButtonGoToUrlAs1(TC709_710CheckTaxablePayForTwoMonths10.java:361)
	at java.base/jdk.internal.reflect.NativeMethodAccessorImpl.invoke0(Native Method)
	at java.base/jdk.internal.reflect.NativeMethodAccessorImpl.invoke(NativeMethodAccessorImpl.java:62)
	at java.base/jdk.internal.reflect.DelegatingMethodAccessorImpl.invoke(DelegatingMethodAccessorImpl.java:43)
	at java.base/java.lang.reflect.Method.invoke(Method.java:566)
	at org.testng.internal.MethodInvocationHelper.invokeMethod(MethodInvocationHelper.java:132)
	at org.testng.internal.TestInvoker.invokeMethod(TestInvoker.java:599)
	at org.testng.internal.TestInvoker.invokeTestMethod(TestInvoker.java:174)
	at org.testng.internal.MethodRunner.runInSequence(MethodRunner.java:46)
	at org.testng.internal.TestInvoker$MethodInvocationAgent.invoke(TestInvoker.java:822)
	at org.testng.internal.TestInvoker.invokeTestMethods(TestInvoker.java:147)
	at org.testng.internal.TestMethodWorker.invokeTestMethods(TestMethodWorker.java:146)
	at org.testng.internal.TestMethodWorker.run(TestMethodWorker.java:128)
	at java.base/java.util.ArrayList.forEach(ArrayList.java:1541)
	at org.testng.TestRunner.privateRun(TestRunner.java:764)
	at org.testng.TestRunner.run(TestRunner.java:585)
	at org.testng.SuiteRunner.runTest(SuiteRunner.java:384)
	at org.testng.SuiteRunner.runSequentially(SuiteRunner.java:378)
	at org.testng.SuiteRunner.privateRun(SuiteRunner.java:337)
	at org.testng.SuiteRunner.run(SuiteRunner.java:286)
	at org.testng.SuiteRunnerWorker.runSuite(SuiteRunnerWorker.java:53)
	at org.testng.SuiteRunnerWorker.run(SuiteRunnerWorker.java:96)
	at org.testng.TestNG.runSuitesSequentially(TestNG.java:1218)
	at org.testng.TestNG.runSuitesLocally(TestNG.java:1140)
	at org.testng.TestNG.runSuites(TestNG.java:1069)
	at org.testng.TestNG.run(TestNG.java:1037)
	at org.testng.remote.AbstractRemoteTestNG.run(AbstractRemoteTestNG.java:115)
	at org.testng.remote.RemoteTestNG.initAndRun(RemoteTestNG.java:251)
	at org.testng.remote.RemoteTestNG.main(RemoteTestNG.java:77)
</pre></div></td>
<td>156</td>
<td>_1743PayrollDSB.TC709_710CheckTaxablePayForTwoMonths10@53abfc07</td></tr>
<tr>
<td title='_1743PayrollDSB.TC711_712CheckTaxablePayForTwoMonths10.GoToUrlAssertUrlPositiveEnterEnterUsernamePositiveEnterEnterpasswordClickLoginButtonGoToUrlAs1()'><b>GoToUrlAssertUrlPositiveEnterEnterUsernamePositiveEnterEnterpasswordClickLoginButtonGoToUrlAs1</b><br>Test class: _1743PayrollDSB.TC711_712CheckTaxablePayForTwoMonths10</td>
<td><div><pre>java.lang.AssertionError: Unable to locate object: By.xpath: //A[@id=&apos;ctl00_ctl00_ParentContent_cPHFilter_btnUndoPayroll&apos;]
	at org.testng.Assert.fail(Assert.java:99)
	at PayrollDashboardUI.PayrollDoUndo.Click_Undo_Last_Payroll_(PayrollDoUndo.java:183)
	at _1743PayrollDSB.TC711_712CheckTaxablePayForTwoMonths10.GoToUrlAssertUrlPositiveEnterEnterUsernamePositiveEnterEnterpasswordClickLoginButtonGoToUrlAs1(TC711_712CheckTaxablePayForTwoMonths10.java:361)
	at java.base/jdk.internal.reflect.NativeMethodAccessorImpl.invoke0(Native Method)
	at java.base/jdk.internal.reflect.NativeMethodAccessorImpl.invoke(NativeMethodAccessorImpl.java:62)
	at java.base/jdk.internal.reflect.DelegatingMethodAccessorImpl.invoke(DelegatingMethodAccessorImpl.java:43)
	at java.base/java.lang.reflect.Method.invoke(Method.java:566)
	at org.testng.internal.MethodInvocationHelper.invokeMethod(MethodInvocationHelper.java:132)
	at org.testng.internal.TestInvoker.invokeMethod(TestInvoker.java:599)
	at org.testng.internal.TestInvoker.invokeTestMethod(TestInvoker.java:174)
	at org.testng.internal.MethodRunner.runInSequence(MethodRunner.java:46)
	at org.testng.internal.TestInvoker$MethodInvocationAgent.invoke(TestInvoker.java:822)
	at org.testng.internal.TestInvoker.invokeTestMethods(TestInvoker.java:147)
	at org.testng.internal.TestMethodWorker.invokeTestMethods(TestMethodWorker.java:146)
	at org.testng.internal.TestMethodWorker.run(TestMethodWorker.java:128)
	at java.base/java.util.ArrayList.forEach(ArrayList.java:1541)
	at org.testng.TestRunner.privateRun(TestRunner.java:764)
	at org.testng.TestRunner.run(TestRunner.java:585)
	at org.testng.SuiteRunner.runTest(SuiteRunner.java:384)
	at org.testng.SuiteRunner.runSequentially(SuiteRunner.java:378)
	at org.testng.SuiteRunner.privateRun(SuiteRunner.java:337)
	at org.testng.SuiteRunner.run(SuiteRunner.java:286)
	at org.testng.SuiteRunnerWorker.runSuite(SuiteRunnerWorker.java:53)
	at org.testng.SuiteRunnerWorker.run(SuiteRunnerWorker.java:96)
	at org.testng.TestNG.runSuitesSequentially(TestNG.java:1218)
	at org.testng.TestNG.runSuitesLocally(TestNG.java:1140)
	at org.testng.TestNG.runSuites(TestNG.java:1069)
	at org.testng.TestNG.run(TestNG.java:1037)
	at org.testng.remote.AbstractRemoteTestNG.run(AbstractRemoteTestNG.java:115)
	at org.testng.remote.RemoteTestNG.initAndRun(RemoteTestNG.java:251)
	at org.testng.remote.RemoteTestNG.main(RemoteTestNG.java:77)
</pre></div><a href='#' onClick='toggleBox("stack-trace509784188", this, "Click to show all stack frames", "Click to hide stack frames")'>Click to show all stack frames</a>
<div class='stack-trace' id='stack-trace509784188'><pre>java.lang.AssertionError: Unable to locate object: By.xpath: //A[@id=&apos;ctl00_ctl00_ParentContent_cPHFilter_btnUndoPayroll&apos;]
	at org.testng.Assert.fail(Assert.java:99)
	at PayrollDashboardUI.PayrollDoUndo.Click_Undo_Last_Payroll_(PayrollDoUndo.java:183)
	at _1743PayrollDSB.TC711_712CheckTaxablePayForTwoMonths10.GoToUrlAssertUrlPositiveEnterEnterUsernamePositiveEnterEnterpasswordClickLoginButtonGoToUrlAs1(TC711_712CheckTaxablePayForTwoMonths10.java:361)
	at java.base/jdk.internal.reflect.NativeMethodAccessorImpl.invoke0(Native Method)
	at java.base/jdk.internal.reflect.NativeMethodAccessorImpl.invoke(NativeMethodAccessorImpl.java:62)
	at java.base/jdk.internal.reflect.DelegatingMethodAccessorImpl.invoke(DelegatingMethodAccessorImpl.java:43)
	at java.base/java.lang.reflect.Method.invoke(Method.java:566)
	at org.testng.internal.MethodInvocationHelper.invokeMethod(MethodInvocationHelper.java:132)
	at org.testng.internal.TestInvoker.invokeMethod(TestInvoker.java:599)
	at org.testng.internal.TestInvoker.invokeTestMethod(TestInvoker.java:174)
	at org.testng.internal.MethodRunner.runInSequence(MethodRunner.java:46)
	at org.testng.internal.TestInvoker$MethodInvocationAgent.invoke(TestInvoker.java:822)
	at org.testng.internal.TestInvoker.invokeTestMethods(TestInvoker.java:147)
	at org.testng.internal.TestMethodWorker.invokeTestMethods(TestMethodWorker.java:146)
	at org.testng.internal.TestMethodWorker.run(TestMethodWorker.java:128)
	at java.base/java.util.ArrayList.forEach(ArrayList.java:1541)
	at org.testng.TestRunner.privateRun(TestRunner.java:764)
	at org.testng.TestRunner.run(TestRunner.java:585)
	at org.testng.SuiteRunner.runTest(SuiteRunner.java:384)
	at org.testng.SuiteRunner.runSequentially(SuiteRunner.java:378)
	at org.testng.SuiteRunner.privateRun(SuiteRunner.java:337)
	at org.testng.SuiteRunner.run(SuiteRunner.java:286)
	at org.testng.SuiteRunnerWorker.runSuite(SuiteRunnerWorker.java:53)
	at org.testng.SuiteRunnerWorker.run(SuiteRunnerWorker.java:96)
	at org.testng.TestNG.runSuitesSequentially(TestNG.java:1218)
	at org.testng.TestNG.runSuitesLocally(TestNG.java:1140)
	at org.testng.TestNG.runSuites(TestNG.java:1069)
	at org.testng.TestNG.run(TestNG.java:1037)
	at org.testng.remote.AbstractRemoteTestNG.run(AbstractRemoteTestNG.java:115)
	at org.testng.remote.RemoteTestNG.initAndRun(RemoteTestNG.java:251)
	at org.testng.remote.RemoteTestNG.main(RemoteTestNG.java:77)
</pre></div></td>
<td>158</td>
<td>_1743PayrollDSB.TC711_712CheckTaxablePayForTwoMonths10@3e67f5f2</td></tr>
<tr>
<td title='_1743PayrollDSB.TC713_714CheckTaxablePayForTwoMonths10.GoToUrlAssertUrlPositiveEnterEnterUsernamePositiveEnterEnterpasswordClickLoginButtonGoToUrlAs1()'><b>GoToUrlAssertUrlPositiveEnterEnterUsernamePositiveEnterEnterpasswordClickLoginButtonGoToUrlAs1</b><br>Test class: _1743PayrollDSB.TC713_714CheckTaxablePayForTwoMonths10</td>
<td><div><pre>java.lang.AssertionError: Unable to locate object: By.xpath: //A[@id=&apos;ctl00_ctl00_ParentContent_cPHFilter_btnUndoPayroll&apos;]
	at org.testng.Assert.fail(Assert.java:99)
	at PayrollDashboardUI.PayrollDoUndo.Click_Undo_Last_Payroll_(PayrollDoUndo.java:183)
	at _1743PayrollDSB.TC713_714CheckTaxablePayForTwoMonths10.GoToUrlAssertUrlPositiveEnterEnterUsernamePositiveEnterEnterpasswordClickLoginButtonGoToUrlAs1(TC713_714CheckTaxablePayForTwoMonths10.java:361)
	at java.base/jdk.internal.reflect.NativeMethodAccessorImpl.invoke0(Native Method)
	at java.base/jdk.internal.reflect.NativeMethodAccessorImpl.invoke(NativeMethodAccessorImpl.java:62)
	at java.base/jdk.internal.reflect.DelegatingMethodAccessorImpl.invoke(DelegatingMethodAccessorImpl.java:43)
	at java.base/java.lang.reflect.Method.invoke(Method.java:566)
	at org.testng.internal.MethodInvocationHelper.invokeMethod(MethodInvocationHelper.java:132)
	at org.testng.internal.TestInvoker.invokeMethod(TestInvoker.java:599)
	at org.testng.internal.TestInvoker.invokeTestMethod(TestInvoker.java:174)
	at org.testng.internal.MethodRunner.runInSequence(MethodRunner.java:46)
	at org.testng.internal.TestInvoker$MethodInvocationAgent.invoke(TestInvoker.java:822)
	at org.testng.internal.TestInvoker.invokeTestMethods(TestInvoker.java:147)
	at org.testng.internal.TestMethodWorker.invokeTestMethods(TestMethodWorker.java:146)
	at org.testng.internal.TestMethodWorker.run(TestMethodWorker.java:128)
	at java.base/java.util.ArrayList.forEach(ArrayList.java:1541)
	at org.testng.TestRunner.privateRun(TestRunner.java:764)
	at org.testng.TestRunner.run(TestRunner.java:585)
	at org.testng.SuiteRunner.runTest(SuiteRunner.java:384)
	at org.testng.SuiteRunner.runSequentially(SuiteRunner.java:378)
	at org.testng.SuiteRunner.privateRun(SuiteRunner.java:337)
	at org.testng.SuiteRunner.run(SuiteRunner.java:286)
	at org.testng.SuiteRunnerWorker.runSuite(SuiteRunnerWorker.java:53)
	at org.testng.SuiteRunnerWorker.run(SuiteRunnerWorker.java:96)
	at org.testng.TestNG.runSuitesSequentially(TestNG.java:1218)
	at org.testng.TestNG.runSuitesLocally(TestNG.java:1140)
	at org.testng.TestNG.runSuites(TestNG.java:1069)
	at org.testng.TestNG.run(TestNG.java:1037)
	at org.testng.remote.AbstractRemoteTestNG.run(AbstractRemoteTestNG.java:115)
	at org.testng.remote.RemoteTestNG.initAndRun(RemoteTestNG.java:251)
	at org.testng.remote.RemoteTestNG.main(RemoteTestNG.java:77)
</pre></div><a href='#' onClick='toggleBox("stack-trace23349203", this, "Click to show all stack frames", "Click to hide stack frames")'>Click to show all stack frames</a>
<div class='stack-trace' id='stack-trace23349203'><pre>java.lang.AssertionError: Unable to locate object: By.xpath: //A[@id=&apos;ctl00_ctl00_ParentContent_cPHFilter_btnUndoPayroll&apos;]
	at org.testng.Assert.fail(Assert.java:99)
	at PayrollDashboardUI.PayrollDoUndo.Click_Undo_Last_Payroll_(PayrollDoUndo.java:183)
	at _1743PayrollDSB.TC713_714CheckTaxablePayForTwoMonths10.GoToUrlAssertUrlPositiveEnterEnterUsernamePositiveEnterEnterpasswordClickLoginButtonGoToUrlAs1(TC713_714CheckTaxablePayForTwoMonths10.java:361)
	at java.base/jdk.internal.reflect.NativeMethodAccessorImpl.invoke0(Native Method)
	at java.base/jdk.internal.reflect.NativeMethodAccessorImpl.invoke(NativeMethodAccessorImpl.java:62)
	at java.base/jdk.internal.reflect.DelegatingMethodAccessorImpl.invoke(DelegatingMethodAccessorImpl.java:43)
	at java.base/java.lang.reflect.Method.invoke(Method.java:566)
	at org.testng.internal.MethodInvocationHelper.invokeMethod(MethodInvocationHelper.java:132)
	at org.testng.internal.TestInvoker.invokeMethod(TestInvoker.java:599)
	at org.testng.internal.TestInvoker.invokeTestMethod(TestInvoker.java:174)
	at org.testng.internal.MethodRunner.runInSequence(MethodRunner.java:46)
	at org.testng.internal.TestInvoker$MethodInvocationAgent.invoke(TestInvoker.java:822)
	at org.testng.internal.TestInvoker.invokeTestMethods(TestInvoker.java:147)
	at org.testng.internal.TestMethodWorker.invokeTestMethods(TestMethodWorker.java:146)
	at org.testng.internal.TestMethodWorker.run(TestMethodWorker.java:128)
	at java.base/java.util.ArrayList.forEach(ArrayList.java:1541)
	at org.testng.TestRunner.privateRun(TestRunner.java:764)
	at org.testng.TestRunner.run(TestRunner.java:585)
	at org.testng.SuiteRunner.runTest(SuiteRunner.java:384)
	at org.testng.SuiteRunner.runSequentially(SuiteRunner.java:378)
	at org.testng.SuiteRunner.privateRun(SuiteRunner.java:337)
	at org.testng.SuiteRunner.run(SuiteRunner.java:286)
	at org.testng.SuiteRunnerWorker.runSuite(SuiteRunnerWorker.java:53)
	at org.testng.SuiteRunnerWorker.run(SuiteRunnerWorker.java:96)
	at org.testng.TestNG.runSuitesSequentially(TestNG.java:1218)
	at org.testng.TestNG.runSuitesLocally(TestNG.java:1140)
	at org.testng.TestNG.runSuites(TestNG.java:1069)
	at org.testng.TestNG.run(TestNG.java:1037)
	at org.testng.remote.AbstractRemoteTestNG.run(AbstractRemoteTestNG.java:115)
	at org.testng.remote.RemoteTestNG.initAndRun(RemoteTestNG.java:251)
	at org.testng.remote.RemoteTestNG.main(RemoteTestNG.java:77)
</pre></div></td>
<td>155</td>
<td>_1743PayrollDSB.TC713_714CheckTaxablePayForTwoMonths10@432f521f</td></tr>
</table><p>
<table width='100%' border='1' class='invocation-passed'>
<tr><td colspan='4' align='center'><b>PASSED TESTS</b></td></tr>
<tr><td><b>Test method</b></td>
<td width="30%"><b>Exception</b></td>
<td width="10%"><b>Time (seconds)</b></td>
<td><b>Instance</b></td>
</tr>
<tr>
<td title='_1743PayrollDSB.TC738_743CheckPayroll_AwaitingApprovalClient.AwaitingApproval_1Month()'><b>AwaitingApproval_1Month</b><br>Test class: _1743PayrollDSB.TC738_743CheckPayroll_AwaitingApprovalClient</td>
<td></td>
<td>20</td>
<td>_1743PayrollDSB.TC738_743CheckPayroll_AwaitingApprovalClient@4b039c6d</td></tr>
<tr>
<td title='_1743PayrollDSB.TC768_773CheckPayroll_AwaitingApprovalClient.AwaitingApproval_1Month()'><b>AwaitingApproval_1Month</b><br>Test class: _1743PayrollDSB.TC768_773CheckPayroll_AwaitingApprovalClient</td>
<td></td>
<td>19</td>
<td>_1743PayrollDSB.TC768_773CheckPayroll_AwaitingApprovalClient@33ecbd6c</td></tr>
<tr>
<td title='_1743PayrollDSB.TC738_743CheckPayroll_AwaitingApprovalClient.AwaitingApproval_1week()'><b>AwaitingApproval_1week</b><br>Test class: _1743PayrollDSB.TC738_743CheckPayroll_AwaitingApprovalClient</td>
<td></td>
<td>20</td>
<td>_1743PayrollDSB.TC738_743CheckPayroll_AwaitingApprovalClient@4b039c6d</td></tr>
<tr>
<td title='_1743PayrollDSB.TC768_773CheckPayroll_AwaitingApprovalClient.AwaitingApproval_1week()'><b>AwaitingApproval_1week</b><br>Test class: _1743PayrollDSB.TC768_773CheckPayroll_AwaitingApprovalClient</td>
<td></td>
<td>19</td>
<td>_1743PayrollDSB.TC768_773CheckPayroll_AwaitingApprovalClient@33ecbd6c</td></tr>
<tr>
<td title='_1743PayrollDSB.TC738_743CheckPayroll_AwaitingApprovalClient.AwaitingApproval_2Month()'><b>AwaitingApproval_2Month</b><br>Test class: _1743PayrollDSB.TC738_743CheckPayroll_AwaitingApprovalClient</td>
<td></td>
<td>22</td>
<td>_1743PayrollDSB.TC738_743CheckPayroll_AwaitingApprovalClient@4b039c6d</td></tr>
<tr>
<td title='_1743PayrollDSB.TC768_773CheckPayroll_AwaitingApprovalClient.AwaitingApproval_2Month()'><b>AwaitingApproval_2Month</b><br>Test class: _1743PayrollDSB.TC768_773CheckPayroll_AwaitingApprovalClient</td>
<td></td>
<td>19</td>
<td>_1743PayrollDSB.TC768_773CheckPayroll_AwaitingApprovalClient@33ecbd6c</td></tr>
<tr>
<td title='_1743PayrollDSB.TC738_743CheckPayroll_AwaitingApprovalClient.AwaitingApproval_3_6Month()'><b>AwaitingApproval_3_6Month</b><br>Test class: _1743PayrollDSB.TC738_743CheckPayroll_AwaitingApprovalClient</td>
<td></td>
<td>20</td>
<td>_1743PayrollDSB.TC738_743CheckPayroll_AwaitingApprovalClient@4b039c6d</td></tr>
<tr>
<td title='_1743PayrollDSB.TC768_773CheckPayroll_AwaitingApprovalClient.AwaitingApproval_3_6Month()'><b>AwaitingApproval_3_6Month</b><br>Test class: _1743PayrollDSB.TC768_773CheckPayroll_AwaitingApprovalClient</td>
<td></td>
<td>20</td>
<td>_1743PayrollDSB.TC768_773CheckPayroll_AwaitingApprovalClient@33ecbd6c</td></tr>
<tr>
<td title='_1743PayrollDSB.TC738_743CheckPayroll_AwaitingApprovalClient.AwaitingApproval_6plusMonth()'><b>AwaitingApproval_6plusMonth</b><br>Test class: _1743PayrollDSB.TC738_743CheckPayroll_AwaitingApprovalClient</td>
<td></td>
<td>21</td>
<td>_1743PayrollDSB.TC738_743CheckPayroll_AwaitingApprovalClient@4b039c6d</td></tr>
<tr>
<td title='_1743PayrollDSB.TC768_773CheckPayroll_AwaitingApprovalClient.AwaitingApproval_6plusMonth()'><b>AwaitingApproval_6plusMonth</b><br>Test class: _1743PayrollDSB.TC768_773CheckPayroll_AwaitingApprovalClient</td>
<td></td>
<td>20</td>
<td>_1743PayrollDSB.TC768_773CheckPayroll_AwaitingApprovalClient@33ecbd6c</td></tr>
<tr>
<td title='_1743PayrollDSB.TC738_743CheckPayroll_AwaitingApprovalClient.AwaitingApproval_Overdue()'><b>AwaitingApproval_Overdue</b><br>Test class: _1743PayrollDSB.TC738_743CheckPayroll_AwaitingApprovalClient</td>
<td></td>
<td>20</td>
<td>_1743PayrollDSB.TC738_743CheckPayroll_AwaitingApprovalClient@4b039c6d</td></tr>
<tr>
<td title='_1743PayrollDSB.TC768_773CheckPayroll_AwaitingApprovalClient.AwaitingApproval_Overdue()'><b>AwaitingApproval_Overdue</b><br>Test class: _1743PayrollDSB.TC768_773CheckPayroll_AwaitingApprovalClient</td>
<td></td>
<td>21</td>
<td>_1743PayrollDSB.TC768_773CheckPayroll_AwaitingApprovalClient@33ecbd6c</td></tr>
<tr>
<td title='_1743PayrollDSB.TC732_737CheckPayroll_AwaitingReviewClient.AwaitingReview_1Month()'><b>AwaitingReview_1Month</b><br>Test class: _1743PayrollDSB.TC732_737CheckPayroll_AwaitingReviewClient</td>
<td></td>
<td>21</td>
<td>_1743PayrollDSB.TC732_737CheckPayroll_AwaitingReviewClient@440e3ce6</td></tr>
<tr>
<td title='_1743PayrollDSB.TC762_767CheckPayroll_AwaitingReviewClient.AwaitingReview_1Month()'><b>AwaitingReview_1Month</b><br>Test class: _1743PayrollDSB.TC762_767CheckPayroll_AwaitingReviewClient</td>
<td></td>
<td>20</td>
<td>_1743PayrollDSB.TC762_767CheckPayroll_AwaitingReviewClient@2d7a9786</td></tr>
<tr>
<td title='_1743PayrollDSB.TC732_737CheckPayroll_AwaitingReviewClient.AwaitingReview_1week()'><b>AwaitingReview_1week</b><br>Test class: _1743PayrollDSB.TC732_737CheckPayroll_AwaitingReviewClient</td>
<td></td>
<td>20</td>
<td>_1743PayrollDSB.TC732_737CheckPayroll_AwaitingReviewClient@440e3ce6</td></tr>
<tr>
<td title='_1743PayrollDSB.TC762_767CheckPayroll_AwaitingReviewClient.AwaitingReview_1week()'><b>AwaitingReview_1week</b><br>Test class: _1743PayrollDSB.TC762_767CheckPayroll_AwaitingReviewClient</td>
<td></td>
<td>21</td>
<td>_1743PayrollDSB.TC762_767CheckPayroll_AwaitingReviewClient@2d7a9786</td></tr>
<tr>
<td title='_1743PayrollDSB.TC732_737CheckPayroll_AwaitingReviewClient.AwaitingReview_2Month()'><b>AwaitingReview_2Month</b><br>Test class: _1743PayrollDSB.TC732_737CheckPayroll_AwaitingReviewClient</td>
<td></td>
<td>21</td>
<td>_1743PayrollDSB.TC732_737CheckPayroll_AwaitingReviewClient@440e3ce6</td></tr>
<tr>
<td title='_1743PayrollDSB.TC762_767CheckPayroll_AwaitingReviewClient.AwaitingReview_2Month()'><b>AwaitingReview_2Month</b><br>Test class: _1743PayrollDSB.TC762_767CheckPayroll_AwaitingReviewClient</td>
<td></td>
<td>21</td>
<td>_1743PayrollDSB.TC762_767CheckPayroll_AwaitingReviewClient@2d7a9786</td></tr>
<tr>
<td title='_1743PayrollDSB.TC732_737CheckPayroll_AwaitingReviewClient.AwaitingReview_3_6Month()'><b>AwaitingReview_3_6Month</b><br>Test class: _1743PayrollDSB.TC732_737CheckPayroll_AwaitingReviewClient</td>
<td></td>
<td>25</td>
<td>_1743PayrollDSB.TC732_737CheckPayroll_AwaitingReviewClient@440e3ce6</td></tr>
<tr>
<td title='_1743PayrollDSB.TC762_767CheckPayroll_AwaitingReviewClient.AwaitingReview_3_6Month()'><b>AwaitingReview_3_6Month</b><br>Test class: _1743PayrollDSB.TC762_767CheckPayroll_AwaitingReviewClient</td>
<td></td>
<td>21</td>
<td>_1743PayrollDSB.TC762_767CheckPayroll_AwaitingReviewClient@2d7a9786</td></tr>
<tr>
<td title='_1743PayrollDSB.TC732_737CheckPayroll_AwaitingReviewClient.AwaitingReview_6plusMonth()'><b>AwaitingReview_6plusMonth</b><br>Test class: _1743PayrollDSB.TC732_737CheckPayroll_AwaitingReviewClient</td>
<td></td>
<td>22</td>
<td>_1743PayrollDSB.TC732_737CheckPayroll_AwaitingReviewClient@440e3ce6</td></tr>
<tr>
<td title='_1743PayrollDSB.TC762_767CheckPayroll_AwaitingReviewClient.AwaitingReview_6plusMonth()'><b>AwaitingReview_6plusMonth</b><br>Test class: _1743PayrollDSB.TC762_767CheckPayroll_AwaitingReviewClient</td>
<td></td>
<td>21</td>
<td>_1743PayrollDSB.TC762_767CheckPayroll_AwaitingReviewClient@2d7a9786</td></tr>
<tr>
<td title='_1743PayrollDSB.TC732_737CheckPayroll_AwaitingReviewClient.AwaitingReview_Overdue()'><b>AwaitingReview_Overdue</b><br>Test class: _1743PayrollDSB.TC732_737CheckPayroll_AwaitingReviewClient</td>
<td></td>
<td>22</td>
<td>_1743PayrollDSB.TC732_737CheckPayroll_AwaitingReviewClient@440e3ce6</td></tr>
<tr>
<td title='_1743PayrollDSB.TC762_767CheckPayroll_AwaitingReviewClient.AwaitingReview_Overdue()'><b>AwaitingReview_Overdue</b><br>Test class: _1743PayrollDSB.TC762_767CheckPayroll_AwaitingReviewClient</td>
<td></td>
<td>21</td>
<td>_1743PayrollDSB.TC762_767CheckPayroll_AwaitingReviewClient@2d7a9786</td></tr>
<tr>
<td title='_1743PayrollDSB.TC774_779CheckPayroll_DefferedClient.Deffered_6plusMonth()'><b>Deffered_6plusMonth</b><br>Test class: _1743PayrollDSB.TC774_779CheckPayroll_DefferedClient</td>
<td></td>
<td>22</td>
<td>_1743PayrollDSB.TC774_779CheckPayroll_DefferedClient@7132a9dc</td></tr>
<tr>
<td title='_1743PayrollDSB.TC744_749CheckPayroll_DefferedClient.Deffered_6plusMonth()'><b>Deffered_6plusMonth</b><br>Test class: _1743PayrollDSB.TC744_749CheckPayroll_DefferedClient</td>
<td></td>
<td>21</td>
<td>_1743PayrollDSB.TC744_749CheckPayroll_DefferedClient@2da66a44</td></tr>
<tr>
<td title='_1743PayrollDSB.TC700_701CheckTaxablePayJoinMidFourWeekly7.GoToUrlAssertUrlPositiveEnterEnterUsernamePositiveEnterEnterpasswordClickLoginButtonGoToUrlAs()'><b>GoToUrlAssertUrlPositiveEnterEnterUsernamePositiveEnterEnterpasswordClickLoginButtonGoToUrlAs</b><br>Test class: _1743PayrollDSB.TC700_701CheckTaxablePayJoinMidFourWeekly7</td>
<td></td>
<td>54</td>
<td>_1743PayrollDSB.TC700_701CheckTaxablePayJoinMidFourWeekly7@4601203a</td></tr>
<tr>
<td title='_1743PayrollDSB.TC702CheckTaxablePayJoinMidFourWeekly8.GoToUrlAssertUrlPositiveEnterEnterUsernamePositiveEnterEnterpasswordClickLoginButtonGoToUrlAs()'><b>GoToUrlAssertUrlPositiveEnterEnterUsernamePositiveEnterEnterpasswordClickLoginButtonGoToUrlAs</b><br>Test class: _1743PayrollDSB.TC702CheckTaxablePayJoinMidFourWeekly8</td>
<td></td>
<td>46</td>
<td>_1743PayrollDSB.TC702CheckTaxablePayJoinMidFourWeekly8@2c8c16c0</td></tr>
<tr>
<td title='_1743PayrollDSB.TC707CheckTotalClient.GoToUrlAssertUrlPositiveEnterEnterUsernamePositiveEnterEnterpasswordClickLoginButtonGoToUrlAs()'><b>GoToUrlAssertUrlPositiveEnterEnterUsernamePositiveEnterEnterpasswordClickLoginButtonGoToUrlAs</b><br>Test class: _1743PayrollDSB.TC707CheckTotalClient</td>
<td></td>
<td>22</td>
<td>_1743PayrollDSB.TC707CheckTotalClient@80bfa9d</td></tr>
<tr>
<td title='_1743PayrollDSB.TC708CheckPayroll_Overdue_NotStarted.GoToUrlAssertUrlPositiveEnterEnterUsernamePositiveEnterEnterpasswordClickLoginButtonGoToUrlAs()'><b>GoToUrlAssertUrlPositiveEnterEnterUsernamePositiveEnterEnterpasswordClickLoginButtonGoToUrlAs</b><br>Test class: _1743PayrollDSB.TC708CheckPayroll_Overdue_NotStarted</td>
<td></td>
<td>20</td>
<td>_1743PayrollDSB.TC708CheckPayroll_Overdue_NotStarted@7f5b9db</td></tr>
<tr>
<td title='_1743PayrollDSB.TC702CheckTaxablePayJoinMidFourWeeklyA.GoToUrlAssertUrlPositiveEnterEnterUsernamePositiveEnterEnterpasswordClickLoginButtonGoToUrlAs()'><b>GoToUrlAssertUrlPositiveEnterEnterUsernamePositiveEnterEnterpasswordClickLoginButtonGoToUrlAs</b><br>Test class: _1743PayrollDSB.TC702CheckTaxablePayJoinMidFourWeeklyA</td>
<td></td>
<td>50</td>
<td>_1743PayrollDSB.TC702CheckTaxablePayJoinMidFourWeeklyA@507d64aa</td></tr>
<tr>
<td title='_1743PayrollDSB.TC704CheckManualPayroll.GoToUrlAssertUrlPositiveEnterEnterUsernamePositiveEnterEnterpasswordClickLoginButtonGoToUrlAs()'><b>GoToUrlAssertUrlPositiveEnterEnterUsernamePositiveEnterEnterpasswordClickLoginButtonGoToUrlAs</b><br>Test class: _1743PayrollDSB.TC704CheckManualPayroll</td>
<td></td>
<td>22</td>
<td>_1743PayrollDSB.TC704CheckManualPayroll@37045b48</td></tr>
<tr>
<td title='_1743PayrollDSB.TC698_699CheckTaxablePayJoinMidFortNightC.GoToUrlAssertUrlPositiveEnterEnterUsernamePositiveEnterEnterpasswordClickLoginButtonGoToUrlAs()'><b>GoToUrlAssertUrlPositiveEnterEnterUsernamePositiveEnterEnterpasswordClickLoginButtonGoToUrlAs</b><br>Test class: _1743PayrollDSB.TC698_699CheckTaxablePayJoinMidFortNightC</td>
<td></td>
<td>53</td>
<td>_1743PayrollDSB.TC698_699CheckTaxablePayJoinMidFortNightC@71c17a57</td></tr>
<tr>
<td title='_1743PayrollDSB.TC719CheckPayroll_6plusMonths_NotStarte.GoToUrlAssertUrlPositiveEnterEnterUsernamePositiveEnterEnterpasswordClickLoginButtonGoToUrlAs()'><b>GoToUrlAssertUrlPositiveEnterEnterUsernamePositiveEnterEnterpasswordClickLoginButtonGoToUrlAs</b><br>Test class: _1743PayrollDSB.TC719CheckPayroll_6plusMonths_NotStarte</td>
<td></td>
<td>20</td>
<td>_1743PayrollDSB.TC719CheckPayroll_6plusMonths_NotStarte@640ab13c</td></tr>
<tr>
<td title='_1743PayrollDSB.TC706CheckP11DClient.GoToUrlAssertUrlPositiveEnterEnterUsernamePositiveEnterEnterpasswordClickLoginButtonGoToUrlAs()'><b>GoToUrlAssertUrlPositiveEnterEnterUsernamePositiveEnterEnterpasswordClickLoginButtonGoToUrlAs</b><br>Test class: _1743PayrollDSB.TC706CheckP11DClient</td>
<td></td>
<td>23</td>
<td>_1743PayrollDSB.TC706CheckP11DClient@1e0a864d</td></tr>
<tr>
<td title='_1743PayrollDSB.TC715CheckPayroll_1Week_NotStarted.GoToUrlAssertUrlPositiveEnterEnterUsernamePositiveEnterEnterpasswordClickLoginButtonGoToUrlAs()'><b>GoToUrlAssertUrlPositiveEnterEnterUsernamePositiveEnterEnterpasswordClickLoginButtonGoToUrlAs</b><br>Test class: _1743PayrollDSB.TC715CheckPayroll_1Week_NotStarted</td>
<td></td>
<td>21</td>
<td>_1743PayrollDSB.TC715CheckPayroll_1Week_NotStarted@fd53053</td></tr>
<tr>
<td title='_1743PayrollDSB.TC700_701CheckTaxablePayJoinMidFourWeekly15.GoToUrlAssertUrlPositiveEnterEnterUsernamePositiveEnterEnterpasswordClickLoginButtonGoToUrlAs()'><b>GoToUrlAssertUrlPositiveEnterEnterUsernamePositiveEnterEnterpasswordClickLoginButtonGoToUrlAs</b><br>Test class: _1743PayrollDSB.TC700_701CheckTaxablePayJoinMidFourWeekly15</td>
<td></td>
<td>51</td>
<td>_1743PayrollDSB.TC700_701CheckTaxablePayJoinMidFourWeekly15@4527f70a</td></tr>
<tr>
<td title='_1743PayrollDSB.TC703CheckAutoPayroll.GoToUrlAssertUrlPositiveEnterEnterUsernamePositiveEnterEnterpasswordClickLoginButtonGoToUrlAs()'><b>GoToUrlAssertUrlPositiveEnterEnterUsernamePositiveEnterEnterpasswordClickLoginButtonGoToUrlAs</b><br>Test class: _1743PayrollDSB.TC703CheckAutoPayroll</td>
<td></td>
<td>26</td>
<td>_1743PayrollDSB.TC703CheckAutoPayroll@707b1a44</td></tr>
<tr>
<td title='_1743PayrollDSB.TC702CheckTaxablePayJoinMidFourWeekly16.GoToUrlAssertUrlPositiveEnterEnterUsernamePositiveEnterEnterpasswordClickLoginButtonGoToUrlAs()'><b>GoToUrlAssertUrlPositiveEnterEnterUsernamePositiveEnterEnterpasswordClickLoginButtonGoToUrlAs</b><br>Test class: _1743PayrollDSB.TC702CheckTaxablePayJoinMidFourWeekly16</td>
<td></td>
<td>46</td>
<td>_1743PayrollDSB.TC702CheckTaxablePayJoinMidFourWeekly16@527fc8e</td></tr>
<tr>
<td title='_1743PayrollDSB.TC716CheckPayroll_1Months_NotStarted.GoToUrlAssertUrlPositiveEnterEnterUsernamePositiveEnterEnterpasswordClickLoginButtonGoToUrlAs()'><b>GoToUrlAssertUrlPositiveEnterEnterUsernamePositiveEnterEnterpasswordClickLoginButtonGoToUrlAs</b><br>Test class: _1743PayrollDSB.TC716CheckPayroll_1Months_NotStarted</td>
<td></td>
<td>21</td>
<td>_1743PayrollDSB.TC716CheckPayroll_1Months_NotStarted@61bfc9bf</td></tr>
<tr>
<td title='_1743PayrollDSB.TC718CheckPayroll_3_6Months_NotStarte.GoToUrlAssertUrlPositiveEnterEnterUsernamePositiveEnterEnterpasswordClickLoginButtonGoToUrlAs()'><b>GoToUrlAssertUrlPositiveEnterEnterUsernamePositiveEnterEnterpasswordClickLoginButtonGoToUrlAs</b><br>Test class: _1743PayrollDSB.TC718CheckPayroll_3_6Months_NotStarte</td>
<td></td>
<td>20</td>
<td>_1743PayrollDSB.TC718CheckPayroll_3_6Months_NotStarte@2c7106d9</td></tr>
<tr>
<td title='_1743PayrollDSB.TC717CheckPayroll_3Months_NotStarted.GoToUrlAssertUrlPositiveEnterEnterUsernamePositiveEnterEnterpasswordClickLoginButtonGoToUrlAs()'><b>GoToUrlAssertUrlPositiveEnterEnterUsernamePositiveEnterEnterpasswordClickLoginButtonGoToUrlAs</b><br>Test class: _1743PayrollDSB.TC717CheckPayroll_3Months_NotStarted</td>
<td></td>
<td>21</td>
<td>_1743PayrollDSB.TC717CheckPayroll_3Months_NotStarted@862f408</td></tr>
<tr>
<td title='_1743PayrollDSB.TC705CheckPensionClient.GoToUrlAssertUrlPositiveEnterEnterUsernamePositiveEnterEnterpasswordClickLoginButtonGoToUrlAs()'><b>GoToUrlAssertUrlPositiveEnterEnterUsernamePositiveEnterEnterpasswordClickLoginButtonGoToUrlAs</b><br>Test class: _1743PayrollDSB.TC705CheckPensionClient</td>
<td></td>
<td>21</td>
<td>_1743PayrollDSB.TC705CheckPensionClient@5c723f2d</td></tr>
<tr>
<td title='_1743PayrollDSB.TC698_699CheckTaxablePayJoinMidFortNight6.GoToUrlAssertUrlPositiveEnterEnterUsernamePositiveEnterEnterpasswordClickLoginButtonGoToUrlAs()'><b>GoToUrlAssertUrlPositiveEnterEnterUsernamePositiveEnterEnterpasswordClickLoginButtonGoToUrlAs</b><br>Test class: _1743PayrollDSB.TC698_699CheckTaxablePayJoinMidFortNight6</td>
<td></td>
<td>51</td>
<td>_1743PayrollDSB.TC698_699CheckTaxablePayJoinMidFortNight6@7bab5898</td></tr>
<tr>
<td title='_1743PayrollDSB.TC700_701CheckTaxablePayJoinMidFourWeeklyB.GoToUrlAssertUrlPositiveEnterEnterUsernamePositiveEnterEnterpasswordClickLoginButtonGoToUrlAs()'><b>GoToUrlAssertUrlPositiveEnterEnterUsernamePositiveEnterEnterpasswordClickLoginButtonGoToUrlAs</b><br>Test class: _1743PayrollDSB.TC700_701CheckTaxablePayJoinMidFourWeeklyB</td>
<td></td>
<td>50</td>
<td>_1743PayrollDSB.TC700_701CheckTaxablePayJoinMidFourWeeklyB@feb98ef</td></tr>
<tr>
<td title='_1743PayrollDSB.TC700_701CheckTaxablePayJoinMidFourWeekly7.GoToUrlAssertUrlPositiveEnterEnterUsernamePositiveEnterEnterpasswordClickLoginButtonGoToUrlAs1()'><b>GoToUrlAssertUrlPositiveEnterEnterUsernamePositiveEnterEnterpasswordClickLoginButtonGoToUrlAs1</b><br>Test class: _1743PayrollDSB.TC700_701CheckTaxablePayJoinMidFourWeekly7</td>
<td></td>
<td>39</td>
<td>_1743PayrollDSB.TC700_701CheckTaxablePayJoinMidFourWeekly7@4601203a</td></tr>
<tr>
<td title='_1743PayrollDSB.TC698_699CheckTaxablePayJoinMidFortNightC.GoToUrlAssertUrlPositiveEnterEnterUsernamePositiveEnterEnterpasswordClickLoginButtonGoToUrlAs1()'><b>GoToUrlAssertUrlPositiveEnterEnterUsernamePositiveEnterEnterpasswordClickLoginButtonGoToUrlAs1</b><br>Test class: _1743PayrollDSB.TC698_699CheckTaxablePayJoinMidFortNightC</td>
<td></td>
<td>40</td>
<td>_1743PayrollDSB.TC698_699CheckTaxablePayJoinMidFortNightC@71c17a57</td></tr>
<tr>
<td title='_1743PayrollDSB.TC700_701CheckTaxablePayJoinMidFourWeekly15.GoToUrlAssertUrlPositiveEnterEnterUsernamePositiveEnterEnterpasswordClickLoginButtonGoToUrlAs1()'><b>GoToUrlAssertUrlPositiveEnterEnterUsernamePositiveEnterEnterpasswordClickLoginButtonGoToUrlAs1</b><br>Test class: _1743PayrollDSB.TC700_701CheckTaxablePayJoinMidFourWeekly15</td>
<td></td>
<td>39</td>
<td>_1743PayrollDSB.TC700_701CheckTaxablePayJoinMidFourWeekly15@4527f70a</td></tr>
<tr>
<td title='_1743PayrollDSB.TC698_699CheckTaxablePayJoinMidFortNight6.GoToUrlAssertUrlPositiveEnterEnterUsernamePositiveEnterEnterpasswordClickLoginButtonGoToUrlAs1()'><b>GoToUrlAssertUrlPositiveEnterEnterUsernamePositiveEnterEnterpasswordClickLoginButtonGoToUrlAs1</b><br>Test class: _1743PayrollDSB.TC698_699CheckTaxablePayJoinMidFortNight6</td>
<td></td>
<td>37</td>
<td>_1743PayrollDSB.TC698_699CheckTaxablePayJoinMidFortNight6@7bab5898</td></tr>
<tr>
<td title='_1743PayrollDSB.TC700_701CheckTaxablePayJoinMidFourWeeklyB.GoToUrlAssertUrlPositiveEnterEnterUsernamePositiveEnterEnterpasswordClickLoginButtonGoToUrlAs1()'><b>GoToUrlAssertUrlPositiveEnterEnterUsernamePositiveEnterEnterpasswordClickLoginButtonGoToUrlAs1</b><br>Test class: _1743PayrollDSB.TC700_701CheckTaxablePayJoinMidFourWeeklyB</td>
<td></td>
<td>39</td>
<td>_1743PayrollDSB.TC700_701CheckTaxablePayJoinMidFourWeeklyB@feb98ef</td></tr>
<tr>
<td title='_1743PayrollDSB.TC720_725CheckPayroll_InprogressClient.Inprogress_1Month()'><b>Inprogress_1Month</b><br>Test class: _1743PayrollDSB.TC720_725CheckPayroll_InprogressClient</td>
<td></td>
<td>53</td>
<td>_1743PayrollDSB.TC720_725CheckPayroll_InprogressClient@4aa21f9d</td></tr>
<tr>
<td title='_1743PayrollDSB.TC750_755CheckPention_InprogressClient.Inprogress_1Month()'><b>Inprogress_1Month</b><br>Test class: _1743PayrollDSB.TC750_755CheckPention_InprogressClient</td>
<td></td>
<td>22</td>
<td>_1743PayrollDSB.TC750_755CheckPention_InprogressClient@329bad59</td></tr>
<tr>
<td title='_1743PayrollDSB.TC720_725CheckPayroll_InprogressClient.Inprogress_1week()'><b>Inprogress_1week</b><br>Test class: _1743PayrollDSB.TC720_725CheckPayroll_InprogressClient</td>
<td></td>
<td>42</td>
<td>_1743PayrollDSB.TC720_725CheckPayroll_InprogressClient@4aa21f9d</td></tr>
<tr>
<td title='_1743PayrollDSB.TC750_755CheckPention_InprogressClient.Inprogress_1week()'><b>Inprogress_1week</b><br>Test class: _1743PayrollDSB.TC750_755CheckPention_InprogressClient</td>
<td></td>
<td>20</td>
<td>_1743PayrollDSB.TC750_755CheckPention_InprogressClient@329bad59</td></tr>
<tr>
<td title='_1743PayrollDSB.TC720_725CheckPayroll_InprogressClient.Inprogress_2Month()'><b>Inprogress_2Month</b><br>Test class: _1743PayrollDSB.TC720_725CheckPayroll_InprogressClient</td>
<td></td>
<td>73</td>
<td>_1743PayrollDSB.TC720_725CheckPayroll_InprogressClient@4aa21f9d</td></tr>
<tr>
<td title='_1743PayrollDSB.TC750_755CheckPention_InprogressClient.Inprogress_2Month()'><b>Inprogress_2Month</b><br>Test class: _1743PayrollDSB.TC750_755CheckPention_InprogressClient</td>
<td></td>
<td>20</td>
<td>_1743PayrollDSB.TC750_755CheckPention_InprogressClient@329bad59</td></tr>
<tr>
<td title='_1743PayrollDSB.TC720_725CheckPayroll_InprogressClient.Inprogress_3_6Month()'><b>Inprogress_3_6Month</b><br>Test class: _1743PayrollDSB.TC720_725CheckPayroll_InprogressClient</td>
<td></td>
<td>91</td>
<td>_1743PayrollDSB.TC720_725CheckPayroll_InprogressClient@4aa21f9d</td></tr>
<tr>
<td title='_1743PayrollDSB.TC750_755CheckPention_InprogressClient.Inprogress_3_6Month()'><b>Inprogress_3_6Month</b><br>Test class: _1743PayrollDSB.TC750_755CheckPention_InprogressClient</td>
<td></td>
<td>19</td>
<td>_1743PayrollDSB.TC750_755CheckPention_InprogressClient@329bad59</td></tr>
<tr>
<td title='_1743PayrollDSB.TC720_725CheckPayroll_InprogressClient.Inprogress_6plusMonth()'><b>Inprogress_6plusMonth</b><br>Test class: _1743PayrollDSB.TC720_725CheckPayroll_InprogressClient</td>
<td></td>
<td>21</td>
<td>_1743PayrollDSB.TC720_725CheckPayroll_InprogressClient@4aa21f9d</td></tr>
<tr>
<td title='_1743PayrollDSB.TC750_755CheckPention_InprogressClient.Inprogress_6plusMonth()'><b>Inprogress_6plusMonth</b><br>Test class: _1743PayrollDSB.TC750_755CheckPention_InprogressClient</td>
<td></td>
<td>21</td>
<td>_1743PayrollDSB.TC750_755CheckPention_InprogressClient@329bad59</td></tr>
<tr>
<td title='_1743PayrollDSB.TC720_725CheckPayroll_InprogressClient.Inprogress_Overdue()'><b>Inprogress_Overdue</b><br>Test class: _1743PayrollDSB.TC720_725CheckPayroll_InprogressClient</td>
<td></td>
<td>20</td>
<td>_1743PayrollDSB.TC720_725CheckPayroll_InprogressClient@4aa21f9d</td></tr>
<tr>
<td title='_1743PayrollDSB.TC750_755CheckPention_InprogressClient.Inprogress_Overdue()'><b>Inprogress_Overdue</b><br>Test class: _1743PayrollDSB.TC750_755CheckPention_InprogressClient</td>
<td></td>
<td>21</td>
<td>_1743PayrollDSB.TC750_755CheckPention_InprogressClient@329bad59</td></tr>
<tr>
<td title='_1743PayrollDSB.TC780_785CheckPension_Overdue.Notstarted1Month()'><b>Notstarted1Month</b><br>Test class: _1743PayrollDSB.TC780_785CheckPension_Overdue</td>
<td></td>
<td>21</td>
<td>_1743PayrollDSB.TC780_785CheckPension_Overdue@178f268a</td></tr>
<tr>
<td title='_1743PayrollDSB.TC780_785CheckPension_Overdue.Notstarted1Week()'><b>Notstarted1Week</b><br>Test class: _1743PayrollDSB.TC780_785CheckPension_Overdue</td>
<td></td>
<td>20</td>
<td>_1743PayrollDSB.TC780_785CheckPension_Overdue@178f268a</td></tr>
<tr>
<td title='_1743PayrollDSB.TC780_785CheckPension_Overdue.Notstarted2Months()'><b>Notstarted2Months</b><br>Test class: _1743PayrollDSB.TC780_785CheckPension_Overdue</td>
<td></td>
<td>23</td>
<td>_1743PayrollDSB.TC780_785CheckPension_Overdue@178f268a</td></tr>
<tr>
<td title='_1743PayrollDSB.TC780_785CheckPension_Overdue.Notstarted3_6Months()'><b>Notstarted3_6Months</b><br>Test class: _1743PayrollDSB.TC780_785CheckPension_Overdue</td>
<td></td>
<td>20</td>
<td>_1743PayrollDSB.TC780_785CheckPension_Overdue@178f268a</td></tr>
<tr>
<td title='_1743PayrollDSB.TC780_785CheckPension_Overdue.Notstarted6plus()'><b>Notstarted6plus</b><br>Test class: _1743PayrollDSB.TC780_785CheckPension_Overdue</td>
<td></td>
<td>20</td>
<td>_1743PayrollDSB.TC780_785CheckPension_Overdue@178f268a</td></tr>
<tr>
<td title='_1743PayrollDSB.TC780_785CheckPension_Overdue.NotstartedOverdue()'><b>NotstartedOverdue</b><br>Test class: _1743PayrollDSB.TC780_785CheckPension_Overdue</td>
<td></td>
<td>21</td>
<td>_1743PayrollDSB.TC780_785CheckPension_Overdue@178f268a</td></tr>
<tr>
<td title='_1743PayrollDSB.TC726_731CheckPayroll_OnHoldClient.OnHold_1Month()'><b>OnHold_1Month</b><br>Test class: _1743PayrollDSB.TC726_731CheckPayroll_OnHoldClient</td>
<td></td>
<td>28</td>
<td>_1743PayrollDSB.TC726_731CheckPayroll_OnHoldClient@47c40b56</td></tr>
<tr>
<td title='_1743PayrollDSB.TC756_761CheckPayroll_OnHoldClient.OnHold_1Month()'><b>OnHold_1Month</b><br>Test class: _1743PayrollDSB.TC756_761CheckPayroll_OnHoldClient</td>
<td></td>
<td>21</td>
<td>_1743PayrollDSB.TC756_761CheckPayroll_OnHoldClient@366d8b97</td></tr>
<tr>
<td title='_1743PayrollDSB.TC726_731CheckPayroll_OnHoldClient.OnHold_1week()'><b>OnHold_1week</b><br>Test class: _1743PayrollDSB.TC726_731CheckPayroll_OnHoldClient</td>
<td></td>
<td>28</td>
<td>_1743PayrollDSB.TC726_731CheckPayroll_OnHoldClient@47c40b56</td></tr>
<tr>
<td title='_1743PayrollDSB.TC756_761CheckPayroll_OnHoldClient.OnHold_1week()'><b>OnHold_1week</b><br>Test class: _1743PayrollDSB.TC756_761CheckPayroll_OnHoldClient</td>
<td></td>
<td>20</td>
<td>_1743PayrollDSB.TC756_761CheckPayroll_OnHoldClient@366d8b97</td></tr>
<tr>
<td title='_1743PayrollDSB.TC726_731CheckPayroll_OnHoldClient.OnHold_2Month()'><b>OnHold_2Month</b><br>Test class: _1743PayrollDSB.TC726_731CheckPayroll_OnHoldClient</td>
<td></td>
<td>30</td>
<td>_1743PayrollDSB.TC726_731CheckPayroll_OnHoldClient@47c40b56</td></tr>
<tr>
<td title='_1743PayrollDSB.TC756_761CheckPayroll_OnHoldClient.OnHold_2Month()'><b>OnHold_2Month</b><br>Test class: _1743PayrollDSB.TC756_761CheckPayroll_OnHoldClient</td>
<td></td>
<td>20</td>
<td>_1743PayrollDSB.TC756_761CheckPayroll_OnHoldClient@366d8b97</td></tr>
<tr>
<td title='_1743PayrollDSB.TC726_731CheckPayroll_OnHoldClient.OnHold_3_6Month()'><b>OnHold_3_6Month</b><br>Test class: _1743PayrollDSB.TC726_731CheckPayroll_OnHoldClient</td>
<td></td>
<td>20</td>
<td>_1743PayrollDSB.TC726_731CheckPayroll_OnHoldClient@47c40b56</td></tr>
<tr>
<td title='_1743PayrollDSB.TC756_761CheckPayroll_OnHoldClient.OnHold_3_6Month()'><b>OnHold_3_6Month</b><br>Test class: _1743PayrollDSB.TC756_761CheckPayroll_OnHoldClient</td>
<td></td>
<td>20</td>
<td>_1743PayrollDSB.TC756_761CheckPayroll_OnHoldClient@366d8b97</td></tr>
<tr>
<td title='_1743PayrollDSB.TC726_731CheckPayroll_OnHoldClient.OnHold_6plusMonth()'><b>OnHold_6plusMonth</b><br>Test class: _1743PayrollDSB.TC726_731CheckPayroll_OnHoldClient</td>
<td></td>
<td>24</td>
<td>_1743PayrollDSB.TC726_731CheckPayroll_OnHoldClient@47c40b56</td></tr>
<tr>
<td title='_1743PayrollDSB.TC756_761CheckPayroll_OnHoldClient.OnHold_6plusMonth()'><b>OnHold_6plusMonth</b><br>Test class: _1743PayrollDSB.TC756_761CheckPayroll_OnHoldClient</td>
<td></td>
<td>21</td>
<td>_1743PayrollDSB.TC756_761CheckPayroll_OnHoldClient@366d8b97</td></tr>
<tr>
<td title='_1743PayrollDSB.TC726_731CheckPayroll_OnHoldClient.OnHold_Overdue()'><b>OnHold_Overdue</b><br>Test class: _1743PayrollDSB.TC726_731CheckPayroll_OnHoldClient</td>
<td></td>
<td>23</td>
<td>_1743PayrollDSB.TC726_731CheckPayroll_OnHoldClient@47c40b56</td></tr>
<tr>
<td title='_1743PayrollDSB.TC756_761CheckPayroll_OnHoldClient.OnHold_Overdue()'><b>OnHold_Overdue</b><br>Test class: _1743PayrollDSB.TC756_761CheckPayroll_OnHoldClient</td>
<td></td>
<td>21</td>
<td>_1743PayrollDSB.TC756_761CheckPayroll_OnHoldClient@366d8b97</td></tr>
<tr>
<td title='_1743PayrollDSB.TC786CheckPayrollDeadlineByAccountant.PayrollAccountantOverdueAscendingCheck()'><b>PayrollAccountantOverdueAscendingCheck</b><br>Test class: _1743PayrollDSB.TC786CheckPayrollDeadlineByAccountant</td>
<td></td>
<td>15</td>
<td>_1743PayrollDSB.TC786CheckPayrollDeadlineByAccountant@60b34931</td></tr>
<tr>
<td title='_1743PayrollDSB.TC787CheckPensionDeadlineByAccountant.PensionAccountantOverdueAscendingCheck()'><b>PensionAccountantOverdueAscendingCheck</b><br>Test class: _1743PayrollDSB.TC787CheckPensionDeadlineByAccountant</td>
<td></td>
<td>15</td>
<td>_1743PayrollDSB.TC787CheckPensionDeadlineByAccountant@57435801</td></tr>
</table><p>
</body>
</html>