<html>
<head>
<title>TestNG:  _1748Test</title>
<link href="../testng.css" rel="stylesheet" type="text/css" />
<link href="../my-testng.css" rel="stylesheet" type="text/css" />

<style type="text/css">
.log { display: none;} 
.stack-trace { display: none;} 
</style>
<script type="text/javascript">
<!--
function flip(e) {
  current = e.style.display;
  if (current == 'block') {
    e.style.display = 'none';
    return 0;
  }
  else {
    e.style.display = 'block';
    return 1;
  }
}

function toggleBox(szDivId, elem, msg1, msg2)
{
  var res = -1;  if (document.getElementById) {
    res = flip(document.getElementById(szDivId));
  }
  else if (document.all) {
    // this is the way old msie versions work
    res = flip(document.all[szDivId]);
  }
  if(elem) {
    if(res == 0) elem.innerHTML = msg1; else elem.innerHTML = msg2;
  }

}

function toggleAllBoxes() {
  if (document.getElementsByTagName) {
    d = document.getElementsByTagName('div');
    for (i = 0; i < d.length; i++) {
      if (d[i].className == 'log') {
        flip(d[i]);
      }
    }
  }
}

// -->
</script>

</head>
<body>
<h2 align='center'>_1748Test</h2><table border='1' align="center">
<tr>
<td>Tests passed/Failed/Skipped:</td><td>30/2/0</td>
</tr><tr>
<td>Started on:</td><td>Fri Dec 24 14:05:39 IST 2021</td>
</tr>
<tr><td>Total time:</td><td>1821 seconds (1821964 ms)</td>
</tr><tr>
<td>Included groups:</td><td></td>
</tr><tr>
<td>Excluded groups:</td><td></td>
</tr>
</table><p/>
<small><i>(Hover the method name to see the test class name)</i></small><p/>
<table width='100%' border='1' class='invocation-failed'>
<tr><td colspan='4' align='center'><b>FAILED TESTS</b></td></tr>
<tr><td><b>Test method</b></td>
<td width="30%"><b>Exception</b></td>
<td width="10%"><b>Time (seconds)</b></td>
<td><b>Instance</b></td>
</tr>
<tr>
<td title='_1748RunPayrollfromAgent.TC726_731CheckPayroll_OnHoldClient1.OnHold_6plusMonth()'><b>OnHold_6plusMonth</b><br>Test class: _1748RunPayrollfromAgent.TC726_731CheckPayroll_OnHoldClient1</td>
<td><div><pre>org.openqa.selenium.ElementClickInterceptedException: element click intercepted: Element &lt;span class=&quot;side_nav_text&quot;&gt;...&lt;/span&gt; is not clickable at point (80, 355). Other element would receive the click: &lt;div id=&quot;walkme-overlay-all&quot; style=&quot;position: fixed; height: 100%; width: 100%; top: 0px; left: 0px; z-index: 2147483632; background-color: rgb(0, 0, 0); opacity: 0.5;&quot;&gt;&lt;/div&gt;
  (Session info: chrome=96.0.4664.110)
Build info: version: &apos;3.11.0&apos;, revision: &apos;e59cfb3&apos;, time: &apos;2018-03-11T20:26:55.152Z&apos;
System info: host: &apos;NOM-31&apos;, ip: &apos;192.168.1.28&apos;, os.name: &apos;Windows 10&apos;, os.arch: &apos;amd64&apos;, os.version: &apos;10.0&apos;, java.version: &apos;11.0.12&apos;
Driver info: org.openqa.selenium.chrome.ChromeDriver
Capabilities {acceptInsecureCerts: false, browserName: chrome, browserVersion: 96.0.4664.110, chrome: {chromedriverVersion: 96.0.4664.45 (76e4c1bb2ab46..., userDataDir: C:\Users\ADMINI~1\AppData\L...}, goog:chromeOptions: {debuggerAddress: localhost:57936}, javascriptEnabled: true, networkConnectionEnabled: false, pageLoadStrategy: normal, platform: WINDOWS, platformName: WINDOWS, proxy: Proxy(), setWindowRect: true, strictFileInteractability: false, timeouts: {implicit: 0, pageLoad: 300000, script: 30000}, unhandledPromptBehavior: dismiss and notify, webauthn:extension:credBlob: true, webauthn:extension:largeBlob: true, webauthn:virtualAuthenticators: true}
Session ID: 51d72ac63a2c2a3e072d1409da353c1a
	at java.base/jdk.internal.reflect.NativeConstructorAccessorImpl.newInstance0(Native Method)
	at java.base/jdk.internal.reflect.NativeConstructorAccessorImpl.newInstance(NativeConstructorAccessorImpl.java:62)
	at java.base/jdk.internal.reflect.DelegatingConstructorAccessorImpl.newInstance(DelegatingConstructorAccessorImpl.java:45)
	at java.base/java.lang.reflect.Constructor.newInstance(Constructor.java:490)
	at org.openqa.selenium.remote.http.W3CHttpResponseCodec.createException(W3CHttpResponseCodec.java:187)
	at org.openqa.selenium.remote.http.W3CHttpResponseCodec.decode(W3CHttpResponseCodec.java:122)
	at org.openqa.selenium.remote.http.W3CHttpResponseCodec.decode(W3CHttpResponseCodec.java:49)
	at org.openqa.selenium.remote.HttpCommandExecutor.execute(HttpCommandExecutor.java:158)
	at org.openqa.selenium.remote.service.DriverCommandExecutor.execute(DriverCommandExecutor.java:83)
	at org.openqa.selenium.remote.RemoteWebDriver.execute(RemoteWebDriver.java:545)
	at org.openqa.selenium.remote.RemoteWebElement.execute(RemoteWebElement.java:279)
	at org.openqa.selenium.remote.RemoteWebElement.click(RemoteWebElement.java:83)
	at _1743Agent_Dashboard.Agent_Payroll_DSB.Click__Payroll_(Agent_Payroll_DSB.java:85)
	at _1748RunPayrollfromAgent.TC726_731CheckPayroll_OnHoldClient1.OnHold_6plusMonth(TC726_731CheckPayroll_OnHoldClient1.java:459)
	at java.base/jdk.internal.reflect.NativeMethodAccessorImpl.invoke0(Native Method)
	at java.base/jdk.internal.reflect.NativeMethodAccessorImpl.invoke(NativeMethodAccessorImpl.java:62)
	at java.base/jdk.internal.reflect.DelegatingMethodAccessorImpl.invoke(DelegatingMethodAccessorImpl.java:43)
	at java.base/java.lang.reflect.Method.invoke(Method.java:566)
	at org.testng.internal.MethodInvocationHelper.invokeMethod(MethodInvocationHelper.java:132)
	at org.testng.internal.TestInvoker.invokeMethod(TestInvoker.java:599)
	at org.testng.internal.TestInvoker.invokeTestMethod(TestInvoker.java:174)
	at org.testng.internal.MethodRunner.runInSequence(MethodRunner.java:46)
	at org.testng.internal.TestInvoker$MethodInvocationAgent.invoke(TestInvoker.java:822)
	at org.testng.internal.TestInvoker.invokeTestMethods(TestInvoker.java:147)
	at org.testng.internal.TestMethodWorker.invokeTestMethods(TestMethodWorker.java:146)
	at org.testng.internal.TestMethodWorker.run(TestMethodWorker.java:128)
	at java.base/java.util.ArrayList.forEach(ArrayList.java:1541)
	at org.testng.TestRunner.privateRun(TestRunner.java:764)
	at org.testng.TestRunner.run(TestRunner.java:585)
	at org.testng.SuiteRunner.runTest(SuiteRunner.java:384)
	at org.testng.SuiteRunner.runSequentially(SuiteRunner.java:378)
	at org.testng.SuiteRunner.privateRun(SuiteRunner.java:337)
	at org.testng.SuiteRunner.run(SuiteRunner.java:286)
	at org.testng.SuiteRunnerWorker.runSuite(SuiteRunnerWorker.java:53)
	at org.testng.SuiteRunnerWorker.run(SuiteRunnerWorker.java:96)
	at org.testng.TestNG.runSuitesSequentially(TestNG.java:1218)
	at org.testng.TestNG.runSuitesLocally(TestNG.java:1140)
	at org.testng.TestNG.runSuites(TestNG.java:1069)
	at org.testng.TestNG.run(TestNG.java:1037)
	at org.testng.remote.AbstractRemoteTestNG.run(AbstractRemoteTestNG.java:115)
	at org.testng.remote.RemoteTestNG.initAndRun(RemoteTestNG.java:251)
	at org.testng.remote.RemoteTestNG.main(RemoteTestNG.java:77)
</pre></div><a href='#' onClick='toggleBox("stack-trace942494874", this, "Click to show all stack frames", "Click to hide stack frames")'>Click to show all stack frames</a>
<div class='stack-trace' id='stack-trace942494874'><pre>org.openqa.selenium.ElementClickInterceptedException: element click intercepted: Element &lt;span class=&quot;side_nav_text&quot;&gt;...&lt;/span&gt; is not clickable at point (80, 355). Other element would receive the click: &lt;div id=&quot;walkme-overlay-all&quot; style=&quot;position: fixed; height: 100%; width: 100%; top: 0px; left: 0px; z-index: 2147483632; background-color: rgb(0, 0, 0); opacity: 0.5;&quot;&gt;&lt;/div&gt;
  (Session info: chrome=96.0.4664.110)
Build info: version: &apos;3.11.0&apos;, revision: &apos;e59cfb3&apos;, time: &apos;2018-03-11T20:26:55.152Z&apos;
System info: host: &apos;NOM-31&apos;, ip: &apos;192.168.1.28&apos;, os.name: &apos;Windows 10&apos;, os.arch: &apos;amd64&apos;, os.version: &apos;10.0&apos;, java.version: &apos;11.0.12&apos;
Driver info: org.openqa.selenium.chrome.ChromeDriver
Capabilities {acceptInsecureCerts: false, browserName: chrome, browserVersion: 96.0.4664.110, chrome: {chromedriverVersion: 96.0.4664.45 (76e4c1bb2ab46..., userDataDir: C:\Users\ADMINI~1\AppData\L...}, goog:chromeOptions: {debuggerAddress: localhost:57936}, javascriptEnabled: true, networkConnectionEnabled: false, pageLoadStrategy: normal, platform: WINDOWS, platformName: WINDOWS, proxy: Proxy(), setWindowRect: true, strictFileInteractability: false, timeouts: {implicit: 0, pageLoad: 300000, script: 30000}, unhandledPromptBehavior: dismiss and notify, webauthn:extension:credBlob: true, webauthn:extension:largeBlob: true, webauthn:virtualAuthenticators: true}
Session ID: 51d72ac63a2c2a3e072d1409da353c1a
	at java.base/jdk.internal.reflect.NativeConstructorAccessorImpl.newInstance0(Native Method)
	at java.base/jdk.internal.reflect.NativeConstructorAccessorImpl.newInstance(NativeConstructorAccessorImpl.java:62)
	at java.base/jdk.internal.reflect.DelegatingConstructorAccessorImpl.newInstance(DelegatingConstructorAccessorImpl.java:45)
	at java.base/java.lang.reflect.Constructor.newInstance(Constructor.java:490)
	at org.openqa.selenium.remote.http.W3CHttpResponseCodec.createException(W3CHttpResponseCodec.java:187)
	at org.openqa.selenium.remote.http.W3CHttpResponseCodec.decode(W3CHttpResponseCodec.java:122)
	at org.openqa.selenium.remote.http.W3CHttpResponseCodec.decode(W3CHttpResponseCodec.java:49)
	at org.openqa.selenium.remote.HttpCommandExecutor.execute(HttpCommandExecutor.java:158)
	at org.openqa.selenium.remote.service.DriverCommandExecutor.execute(DriverCommandExecutor.java:83)
	at org.openqa.selenium.remote.RemoteWebDriver.execute(RemoteWebDriver.java:545)
	at org.openqa.selenium.remote.RemoteWebElement.execute(RemoteWebElement.java:279)
	at org.openqa.selenium.remote.RemoteWebElement.click(RemoteWebElement.java:83)
	at _1743Agent_Dashboard.Agent_Payroll_DSB.Click__Payroll_(Agent_Payroll_DSB.java:85)
	at _1748RunPayrollfromAgent.TC726_731CheckPayroll_OnHoldClient1.OnHold_6plusMonth(TC726_731CheckPayroll_OnHoldClient1.java:459)
	at java.base/jdk.internal.reflect.NativeMethodAccessorImpl.invoke0(Native Method)
	at java.base/jdk.internal.reflect.NativeMethodAccessorImpl.invoke(NativeMethodAccessorImpl.java:62)
	at java.base/jdk.internal.reflect.DelegatingMethodAccessorImpl.invoke(DelegatingMethodAccessorImpl.java:43)
	at java.base/java.lang.reflect.Method.invoke(Method.java:566)
	at org.testng.internal.MethodInvocationHelper.invokeMethod(MethodInvocationHelper.java:132)
	at org.testng.internal.TestInvoker.invokeMethod(TestInvoker.java:599)
	at org.testng.internal.TestInvoker.invokeTestMethod(TestInvoker.java:174)
	at org.testng.internal.MethodRunner.runInSequence(MethodRunner.java:46)
	at org.testng.internal.TestInvoker$MethodInvocationAgent.invoke(TestInvoker.java:822)
	at org.testng.internal.TestInvoker.invokeTestMethods(TestInvoker.java:147)
	at org.testng.internal.TestMethodWorker.invokeTestMethods(TestMethodWorker.java:146)
	at org.testng.internal.TestMethodWorker.run(TestMethodWorker.java:128)
	at java.base/java.util.ArrayList.forEach(ArrayList.java:1541)
	at org.testng.TestRunner.privateRun(TestRunner.java:764)
	at org.testng.TestRunner.run(TestRunner.java:585)
	at org.testng.SuiteRunner.runTest(SuiteRunner.java:384)
	at org.testng.SuiteRunner.runSequentially(SuiteRunner.java:378)
	at org.testng.SuiteRunner.privateRun(SuiteRunner.java:337)
	at org.testng.SuiteRunner.run(SuiteRunner.java:286)
	at org.testng.SuiteRunnerWorker.runSuite(SuiteRunnerWorker.java:53)
	at org.testng.SuiteRunnerWorker.run(SuiteRunnerWorker.java:96)
	at org.testng.TestNG.runSuitesSequentially(TestNG.java:1218)
	at org.testng.TestNG.runSuitesLocally(TestNG.java:1140)
	at org.testng.TestNG.runSuites(TestNG.java:1069)
	at org.testng.TestNG.run(TestNG.java:1037)
	at org.testng.remote.AbstractRemoteTestNG.run(AbstractRemoteTestNG.java:115)
	at org.testng.remote.RemoteTestNG.initAndRun(RemoteTestNG.java:251)
	at org.testng.remote.RemoteTestNG.main(RemoteTestNG.java:77)
</pre></div></td>
<td>23</td>
<td>_1748RunPayrollfromAgent.TC726_731CheckPayroll_OnHoldClient1@13c3c1e1</td></tr>
<tr>
<td title='_1748RunPayrollfromAgent.TC792_808AgentRunPayrollPDF_EE.runPayrollPopupNoRTI()'><b>runPayrollPopupNoRTI</b><br>Test class: _1748RunPayrollfromAgent.TC792_808AgentRunPayrollPDF_EE</td>
<td><div><pre>org.openqa.selenium.ElementNotInteractableException: element not interactable: Element is not currently visible and may not be manipulated
  (Session info: chrome=96.0.4664.110)
Build info: version: &apos;3.11.0&apos;, revision: &apos;e59cfb3&apos;, time: &apos;2018-03-11T20:26:55.152Z&apos;
System info: host: &apos;NOM-31&apos;, ip: &apos;192.168.1.28&apos;, os.name: &apos;Windows 10&apos;, os.arch: &apos;amd64&apos;, os.version: &apos;10.0&apos;, java.version: &apos;11.0.12&apos;
Driver info: org.openqa.selenium.chrome.ChromeDriver
Capabilities {acceptInsecureCerts: false, browserName: chrome, browserVersion: 96.0.4664.110, chrome: {chromedriverVersion: 96.0.4664.45 (76e4c1bb2ab46..., userDataDir: C:\Users\ADMINI~1\AppData\L...}, goog:chromeOptions: {debuggerAddress: localhost:59557}, javascriptEnabled: true, networkConnectionEnabled: false, pageLoadStrategy: normal, platform: WINDOWS, platformName: WINDOWS, proxy: Proxy(), setWindowRect: true, strictFileInteractability: false, timeouts: {implicit: 0, pageLoad: 300000, script: 30000}, unhandledPromptBehavior: dismiss and notify, webauthn:extension:credBlob: true, webauthn:extension:largeBlob: true, webauthn:virtualAuthenticators: true}
Session ID: 5d5cdfc457f180d059fef8e4a02e61a6
	at java.base/jdk.internal.reflect.NativeConstructorAccessorImpl.newInstance0(Native Method)
	at java.base/jdk.internal.reflect.NativeConstructorAccessorImpl.newInstance(NativeConstructorAccessorImpl.java:62)
	at java.base/jdk.internal.reflect.DelegatingConstructorAccessorImpl.newInstance(DelegatingConstructorAccessorImpl.java:45)
	at java.base/java.lang.reflect.Constructor.newInstance(Constructor.java:490)
	at org.openqa.selenium.remote.http.W3CHttpResponseCodec.createException(W3CHttpResponseCodec.java:187)
	at org.openqa.selenium.remote.http.W3CHttpResponseCodec.decode(W3CHttpResponseCodec.java:122)
	at org.openqa.selenium.remote.http.W3CHttpResponseCodec.decode(W3CHttpResponseCodec.java:49)
	at org.openqa.selenium.remote.HttpCommandExecutor.execute(HttpCommandExecutor.java:158)
	at org.openqa.selenium.remote.service.DriverCommandExecutor.execute(DriverCommandExecutor.java:83)
	at org.openqa.selenium.remote.RemoteWebDriver.execute(RemoteWebDriver.java:545)
	at org.openqa.selenium.remote.RemoteWebElement.execute(RemoteWebElement.java:279)
	at org.openqa.selenium.remote.RemoteWebElement.click(RemoteWebElement.java:83)
	at org.openqa.selenium.support.ui.Select.setSelected(Select.java:324)
	at org.openqa.selenium.support.ui.Select.selectByVisibleText(Select.java:120)
	at NewPages.Agent_Payroll_RunPayroll.Select_SendPayslipDropdown(Agent_Payroll_RunPayroll.java:150)
	at _1748RunPayrollfromAgent.TC792_808AgentRunPayrollPDF_EE.runPayrollPopupNoRTI(TC792_808AgentRunPayrollPDF_EE.java:2939)
	at java.base/jdk.internal.reflect.NativeMethodAccessorImpl.invoke0(Native Method)
	at java.base/jdk.internal.reflect.NativeMethodAccessorImpl.invoke(NativeMethodAccessorImpl.java:62)
	at java.base/jdk.internal.reflect.DelegatingMethodAccessorImpl.invoke(DelegatingMethodAccessorImpl.java:43)
	at java.base/java.lang.reflect.Method.invoke(Method.java:566)
	at org.testng.internal.MethodInvocationHelper.invokeMethod(MethodInvocationHelper.java:132)
	at org.testng.internal.TestInvoker.invokeMethod(TestInvoker.java:599)
	at org.testng.internal.TestInvoker.invokeTestMethod(TestInvoker.java:174)
	at org.testng.internal.MethodRunner.runInSequence(MethodRunner.java:46)
	at org.testng.internal.TestInvoker$MethodInvocationAgent.invoke(TestInvoker.java:822)
	at org.testng.internal.TestInvoker.invokeTestMethods(TestInvoker.java:147)
	at org.testng.internal.TestMethodWorker.invokeTestMethods(TestMethodWorker.java:146)
	at org.testng.internal.TestMethodWorker.run(TestMethodWorker.java:128)
	at java.base/java.util.ArrayList.forEach(ArrayList.java:1541)
	at org.testng.TestRunner.privateRun(TestRunner.java:764)
	at org.testng.TestRunner.run(TestRunner.java:585)
	at org.testng.SuiteRunner.runTest(SuiteRunner.java:384)
	at org.testng.SuiteRunner.runSequentially(SuiteRunner.java:378)
	at org.testng.SuiteRunner.privateRun(SuiteRunner.java:337)
	at org.testng.SuiteRunner.run(SuiteRunner.java:286)
	at org.testng.SuiteRunnerWorker.runSuite(SuiteRunnerWorker.java:53)
	at org.testng.SuiteRunnerWorker.run(SuiteRunnerWorker.java:96)
	at org.testng.TestNG.runSuitesSequentially(TestNG.java:1218)
	at org.testng.TestNG.runSuitesLocally(TestNG.java:1140)
	at org.testng.TestNG.runSuites(TestNG.java:1069)
	at org.testng.TestNG.run(TestNG.java:1037)
	at org.testng.remote.AbstractRemoteTestNG.run(AbstractRemoteTestNG.java:115)
	at org.testng.remote.RemoteTestNG.initAndRun(RemoteTestNG.java:251)
	at org.testng.remote.RemoteTestNG.main(RemoteTestNG.java:77)
</pre></div><a href='#' onClick='toggleBox("stack-trace2077884890", this, "Click to show all stack frames", "Click to hide stack frames")'>Click to show all stack frames</a>
<div class='stack-trace' id='stack-trace2077884890'><pre>org.openqa.selenium.ElementNotInteractableException: element not interactable: Element is not currently visible and may not be manipulated
  (Session info: chrome=96.0.4664.110)
Build info: version: &apos;3.11.0&apos;, revision: &apos;e59cfb3&apos;, time: &apos;2018-03-11T20:26:55.152Z&apos;
System info: host: &apos;NOM-31&apos;, ip: &apos;192.168.1.28&apos;, os.name: &apos;Windows 10&apos;, os.arch: &apos;amd64&apos;, os.version: &apos;10.0&apos;, java.version: &apos;11.0.12&apos;
Driver info: org.openqa.selenium.chrome.ChromeDriver
Capabilities {acceptInsecureCerts: false, browserName: chrome, browserVersion: 96.0.4664.110, chrome: {chromedriverVersion: 96.0.4664.45 (76e4c1bb2ab46..., userDataDir: C:\Users\ADMINI~1\AppData\L...}, goog:chromeOptions: {debuggerAddress: localhost:59557}, javascriptEnabled: true, networkConnectionEnabled: false, pageLoadStrategy: normal, platform: WINDOWS, platformName: WINDOWS, proxy: Proxy(), setWindowRect: true, strictFileInteractability: false, timeouts: {implicit: 0, pageLoad: 300000, script: 30000}, unhandledPromptBehavior: dismiss and notify, webauthn:extension:credBlob: true, webauthn:extension:largeBlob: true, webauthn:virtualAuthenticators: true}
Session ID: 5d5cdfc457f180d059fef8e4a02e61a6
	at java.base/jdk.internal.reflect.NativeConstructorAccessorImpl.newInstance0(Native Method)
	at java.base/jdk.internal.reflect.NativeConstructorAccessorImpl.newInstance(NativeConstructorAccessorImpl.java:62)
	at java.base/jdk.internal.reflect.DelegatingConstructorAccessorImpl.newInstance(DelegatingConstructorAccessorImpl.java:45)
	at java.base/java.lang.reflect.Constructor.newInstance(Constructor.java:490)
	at org.openqa.selenium.remote.http.W3CHttpResponseCodec.createException(W3CHttpResponseCodec.java:187)
	at org.openqa.selenium.remote.http.W3CHttpResponseCodec.decode(W3CHttpResponseCodec.java:122)
	at org.openqa.selenium.remote.http.W3CHttpResponseCodec.decode(W3CHttpResponseCodec.java:49)
	at org.openqa.selenium.remote.HttpCommandExecutor.execute(HttpCommandExecutor.java:158)
	at org.openqa.selenium.remote.service.DriverCommandExecutor.execute(DriverCommandExecutor.java:83)
	at org.openqa.selenium.remote.RemoteWebDriver.execute(RemoteWebDriver.java:545)
	at org.openqa.selenium.remote.RemoteWebElement.execute(RemoteWebElement.java:279)
	at org.openqa.selenium.remote.RemoteWebElement.click(RemoteWebElement.java:83)
	at org.openqa.selenium.support.ui.Select.setSelected(Select.java:324)
	at org.openqa.selenium.support.ui.Select.selectByVisibleText(Select.java:120)
	at NewPages.Agent_Payroll_RunPayroll.Select_SendPayslipDropdown(Agent_Payroll_RunPayroll.java:150)
	at _1748RunPayrollfromAgent.TC792_808AgentRunPayrollPDF_EE.runPayrollPopupNoRTI(TC792_808AgentRunPayrollPDF_EE.java:2939)
	at java.base/jdk.internal.reflect.NativeMethodAccessorImpl.invoke0(Native Method)
	at java.base/jdk.internal.reflect.NativeMethodAccessorImpl.invoke(NativeMethodAccessorImpl.java:62)
	at java.base/jdk.internal.reflect.DelegatingMethodAccessorImpl.invoke(DelegatingMethodAccessorImpl.java:43)
	at java.base/java.lang.reflect.Method.invoke(Method.java:566)
	at org.testng.internal.MethodInvocationHelper.invokeMethod(MethodInvocationHelper.java:132)
	at org.testng.internal.TestInvoker.invokeMethod(TestInvoker.java:599)
	at org.testng.internal.TestInvoker.invokeTestMethod(TestInvoker.java:174)
	at org.testng.internal.MethodRunner.runInSequence(MethodRunner.java:46)
	at org.testng.internal.TestInvoker$MethodInvocationAgent.invoke(TestInvoker.java:822)
	at org.testng.internal.TestInvoker.invokeTestMethods(TestInvoker.java:147)
	at org.testng.internal.TestMethodWorker.invokeTestMethods(TestMethodWorker.java:146)
	at org.testng.internal.TestMethodWorker.run(TestMethodWorker.java:128)
	at java.base/java.util.ArrayList.forEach(ArrayList.java:1541)
	at org.testng.TestRunner.privateRun(TestRunner.java:764)
	at org.testng.TestRunner.run(TestRunner.java:585)
	at org.testng.SuiteRunner.runTest(SuiteRunner.java:384)
	at org.testng.SuiteRunner.runSequentially(SuiteRunner.java:378)
	at org.testng.SuiteRunner.privateRun(SuiteRunner.java:337)
	at org.testng.SuiteRunner.run(SuiteRunner.java:286)
	at org.testng.SuiteRunnerWorker.runSuite(SuiteRunnerWorker.java:53)
	at org.testng.SuiteRunnerWorker.run(SuiteRunnerWorker.java:96)
	at org.testng.TestNG.runSuitesSequentially(TestNG.java:1218)
	at org.testng.TestNG.runSuitesLocally(TestNG.java:1140)
	at org.testng.TestNG.runSuites(TestNG.java:1069)
	at org.testng.TestNG.run(TestNG.java:1037)
	at org.testng.remote.AbstractRemoteTestNG.run(AbstractRemoteTestNG.java:115)
	at org.testng.remote.RemoteTestNG.initAndRun(RemoteTestNG.java:251)
	at org.testng.remote.RemoteTestNG.main(RemoteTestNG.java:77)
</pre></div></td>
<td>24</td>
<td>_1748RunPayrollfromAgent.TC792_808AgentRunPayrollPDF_EE@1d8062d2</td></tr>
</table><p>
<table width='100%' border='1' class='invocation-passed'>
<tr><td colspan='4' align='center'><b>PASSED TESTS</b></td></tr>
<tr><td><b>Test method</b></td>
<td width="30%"><b>Exception</b></td>
<td width="10%"><b>Time (seconds)</b></td>
<td><b>Instance</b></td>
</tr>
<tr>
<td title='_1748RunPayrollfromAgent.TC792_808AgentRunPayrollPDF_EE.AgentRunPayrollNoProt_Both()'><b>AgentRunPayrollNoProt_Both</b><br>Test class: _1748RunPayrollfromAgent.TC792_808AgentRunPayrollPDF_EE</td>
<td></td>
<td>80</td>
<td>_1748RunPayrollfromAgent.TC792_808AgentRunPayrollPDF_EE@1d8062d2</td></tr>
<tr>
<td title='_1748RunPayrollfromAgent.TC792_808AgentRunPayrollPDF_EE.AgentRunPayrollNoProt_Dont()'><b>AgentRunPayrollNoProt_Dont</b><br>Test class: _1748RunPayrollfromAgent.TC792_808AgentRunPayrollPDF_EE</td>
<td></td>
<td>82</td>
<td>_1748RunPayrollfromAgent.TC792_808AgentRunPayrollPDF_EE@1d8062d2</td></tr>
<tr>
<td title='_1748RunPayrollfromAgent.TC792_808AgentRunPayrollPDF_EE.AgentRunPayrollNoProt_EE()'><b>AgentRunPayrollNoProt_EE</b><br>Test class: _1748RunPayrollfromAgent.TC792_808AgentRunPayrollPDF_EE</td>
<td></td>
<td>80</td>
<td>_1748RunPayrollfromAgent.TC792_808AgentRunPayrollPDF_EE@1d8062d2</td></tr>
<tr>
<td title='_1748RunPayrollfromAgent.TC792_808AgentRunPayrollPDF_EE.AgentRunPayrollNoProt_ER()'><b>AgentRunPayrollNoProt_ER</b><br>Test class: _1748RunPayrollfromAgent.TC792_808AgentRunPayrollPDF_EE</td>
<td></td>
<td>80</td>
<td>_1748RunPayrollfromAgent.TC792_808AgentRunPayrollPDF_EE@1d8062d2</td></tr>
<tr>
<td title='_1748RunPayrollfromAgent.TC792_808AgentRunPayrollPDF_EE.AgentRunPayrollPDF_Both()'><b>AgentRunPayrollPDF_Both</b><br>Test class: _1748RunPayrollfromAgent.TC792_808AgentRunPayrollPDF_EE</td>
<td></td>
<td>82</td>
<td>_1748RunPayrollfromAgent.TC792_808AgentRunPayrollPDF_EE@1d8062d2</td></tr>
<tr>
<td title='_1748RunPayrollfromAgent.TC792_808AgentRunPayrollPDF_EE.AgentRunPayrollPDF_BothWithRTI()'><b>AgentRunPayrollPDF_BothWithRTI</b><br>Test class: _1748RunPayrollfromAgent.TC792_808AgentRunPayrollPDF_EE</td>
<td></td>
<td>109</td>
<td>_1748RunPayrollfromAgent.TC792_808AgentRunPayrollPDF_EE@1d8062d2</td></tr>
<tr>
<td title='_1748RunPayrollfromAgent.TC792_808AgentRunPayrollPDF_EE.AgentRunPayrollPDF_Dont()'><b>AgentRunPayrollPDF_Dont</b><br>Test class: _1748RunPayrollfromAgent.TC792_808AgentRunPayrollPDF_EE</td>
<td></td>
<td>68</td>
<td>_1748RunPayrollfromAgent.TC792_808AgentRunPayrollPDF_EE@1d8062d2</td></tr>
<tr>
<td title='_1748RunPayrollfromAgent.TC792_808AgentRunPayrollPDF_EE.AgentRunPayrollPDF_EE()'><b>AgentRunPayrollPDF_EE</b><br>Test class: _1748RunPayrollfromAgent.TC792_808AgentRunPayrollPDF_EE</td>
<td></td>
<td>87</td>
<td>_1748RunPayrollfromAgent.TC792_808AgentRunPayrollPDF_EE@1d8062d2</td></tr>
<tr>
<td title='_1748RunPayrollfromAgent.TC792_808AgentRunPayrollPDF_EE.AgentRunPayrollPDF_EEwithRTI()'><b>AgentRunPayrollPDF_EEwithRTI</b><br>Test class: _1748RunPayrollfromAgent.TC792_808AgentRunPayrollPDF_EE</td>
<td></td>
<td>106</td>
<td>_1748RunPayrollfromAgent.TC792_808AgentRunPayrollPDF_EE@1d8062d2</td></tr>
<tr>
<td title='_1748RunPayrollfromAgent.TC792_808AgentRunPayrollPDF_EE.AgentRunPayrollPDF_ER()'><b>AgentRunPayrollPDF_ER</b><br>Test class: _1748RunPayrollfromAgent.TC792_808AgentRunPayrollPDF_EE</td>
<td></td>
<td>81</td>
<td>_1748RunPayrollfromAgent.TC792_808AgentRunPayrollPDF_EE@1d8062d2</td></tr>
<tr>
<td title='_1748RunPayrollfromAgent.TC792_808AgentRunPayrollPDF_EE.AgentRunPayrollZIP_Both()'><b>AgentRunPayrollZIP_Both</b><br>Test class: _1748RunPayrollfromAgent.TC792_808AgentRunPayrollPDF_EE</td>
<td></td>
<td>81</td>
<td>_1748RunPayrollfromAgent.TC792_808AgentRunPayrollPDF_EE@1d8062d2</td></tr>
<tr>
<td title='_1748RunPayrollfromAgent.TC792_808AgentRunPayrollPDF_EE.AgentRunPayrollZIP_Dont()'><b>AgentRunPayrollZIP_Dont</b><br>Test class: _1748RunPayrollfromAgent.TC792_808AgentRunPayrollPDF_EE</td>
<td></td>
<td>69</td>
<td>_1748RunPayrollfromAgent.TC792_808AgentRunPayrollPDF_EE@1d8062d2</td></tr>
<tr>
<td title='_1748RunPayrollfromAgent.TC792_808AgentRunPayrollPDF_EE.AgentRunPayrollZIP_EE()'><b>AgentRunPayrollZIP_EE</b><br>Test class: _1748RunPayrollfromAgent.TC792_808AgentRunPayrollPDF_EE</td>
<td></td>
<td>85</td>
<td>_1748RunPayrollfromAgent.TC792_808AgentRunPayrollPDF_EE@1d8062d2</td></tr>
<tr>
<td title='_1748RunPayrollfromAgent.TC792_808AgentRunPayrollPDF_EE.AgentRunPayrollZIP_ER()'><b>AgentRunPayrollZIP_ER</b><br>Test class: _1748RunPayrollfromAgent.TC792_808AgentRunPayrollPDF_EE</td>
<td></td>
<td>68</td>
<td>_1748RunPayrollfromAgent.TC792_808AgentRunPayrollPDF_EE@1d8062d2</td></tr>
<tr>
<td title='_1748RunPayrollfromAgent.TC792_808AgentRunPayrollPDF_EE.AgentRunPayrollZIP_ERwithRTI()'><b>AgentRunPayrollZIP_ERwithRTI</b><br>Test class: _1748RunPayrollfromAgent.TC792_808AgentRunPayrollPDF_EE</td>
<td></td>
<td>110</td>
<td>_1748RunPayrollfromAgent.TC792_808AgentRunPayrollPDF_EE@1d8062d2</td></tr>
<tr>
<td title='_1748RunPayrollfromAgent.TC732_737CheckPayroll_AwaitingReviewClient2.AwaitingReview_1Month()'><b>AwaitingReview_1Month</b><br>Test class: _1748RunPayrollfromAgent.TC732_737CheckPayroll_AwaitingReviewClient2</td>
<td></td>
<td>25</td>
<td>_1748RunPayrollfromAgent.TC732_737CheckPayroll_AwaitingReviewClient2@5b40ceb</td></tr>
<tr>
<td title='_1748RunPayrollfromAgent.TC732_737CheckPayroll_AwaitingReviewClient2.AwaitingReview_1week()'><b>AwaitingReview_1week</b><br>Test class: _1748RunPayrollfromAgent.TC732_737CheckPayroll_AwaitingReviewClient2</td>
<td></td>
<td>25</td>
<td>_1748RunPayrollfromAgent.TC732_737CheckPayroll_AwaitingReviewClient2@5b40ceb</td></tr>
<tr>
<td title='_1748RunPayrollfromAgent.TC732_737CheckPayroll_AwaitingReviewClient2.AwaitingReview_2Month()'><b>AwaitingReview_2Month</b><br>Test class: _1748RunPayrollfromAgent.TC732_737CheckPayroll_AwaitingReviewClient2</td>
<td></td>
<td>24</td>
<td>_1748RunPayrollfromAgent.TC732_737CheckPayroll_AwaitingReviewClient2@5b40ceb</td></tr>
<tr>
<td title='_1748RunPayrollfromAgent.TC732_737CheckPayroll_AwaitingReviewClient2.AwaitingReview_3_6Month()'><b>AwaitingReview_3_6Month</b><br>Test class: _1748RunPayrollfromAgent.TC732_737CheckPayroll_AwaitingReviewClient2</td>
<td></td>
<td>25</td>
<td>_1748RunPayrollfromAgent.TC732_737CheckPayroll_AwaitingReviewClient2@5b40ceb</td></tr>
<tr>
<td title='_1748RunPayrollfromAgent.TC732_737CheckPayroll_AwaitingReviewClient2.AwaitingReview_6plusMonth()'><b>AwaitingReview_6plusMonth</b><br>Test class: _1748RunPayrollfromAgent.TC732_737CheckPayroll_AwaitingReviewClient2</td>
<td></td>
<td>24</td>
<td>_1748RunPayrollfromAgent.TC732_737CheckPayroll_AwaitingReviewClient2@5b40ceb</td></tr>
<tr>
<td title='_1748RunPayrollfromAgent.TC732_737CheckPayroll_AwaitingReviewClient2.AwaitingReview_Overdue()'><b>AwaitingReview_Overdue</b><br>Test class: _1748RunPayrollfromAgent.TC732_737CheckPayroll_AwaitingReviewClient2</td>
<td></td>
<td>25</td>
<td>_1748RunPayrollfromAgent.TC732_737CheckPayroll_AwaitingReviewClient2@5b40ceb</td></tr>
<tr>
<td title='_1748RunPayrollfromAgent.TC726_731CheckPayroll_OnHoldClient1.OnHold_1Month()'><b>OnHold_1Month</b><br>Test class: _1748RunPayrollfromAgent.TC726_731CheckPayroll_OnHoldClient1</td>
<td></td>
<td>34</td>
<td>_1748RunPayrollfromAgent.TC726_731CheckPayroll_OnHoldClient1@13c3c1e1</td></tr>
<tr>
<td title='_1748RunPayrollfromAgent.TC726_731CheckPayroll_OnHoldClient1.OnHold_1week()'><b>OnHold_1week</b><br>Test class: _1748RunPayrollfromAgent.TC726_731CheckPayroll_OnHoldClient1</td>
<td></td>
<td>33</td>
<td>_1748RunPayrollfromAgent.TC726_731CheckPayroll_OnHoldClient1@13c3c1e1</td></tr>
<tr>
<td title='_1748RunPayrollfromAgent.TC726_731CheckPayroll_OnHoldClient1.OnHold_2Month()'><b>OnHold_2Month</b><br>Test class: _1748RunPayrollfromAgent.TC726_731CheckPayroll_OnHoldClient1</td>
<td></td>
<td>44</td>
<td>_1748RunPayrollfromAgent.TC726_731CheckPayroll_OnHoldClient1@13c3c1e1</td></tr>
<tr>
<td title='_1748RunPayrollfromAgent.TC726_731CheckPayroll_OnHoldClient1.OnHold_3_6Month()'><b>OnHold_3_6Month</b><br>Test class: _1748RunPayrollfromAgent.TC726_731CheckPayroll_OnHoldClient1</td>
<td></td>
<td>40</td>
<td>_1748RunPayrollfromAgent.TC726_731CheckPayroll_OnHoldClient1@13c3c1e1</td></tr>
<tr>
<td title='_1748RunPayrollfromAgent.TC726_731CheckPayroll_OnHoldClient1.OnHold_Overdue()'><b>OnHold_Overdue</b><br>Test class: _1748RunPayrollfromAgent.TC726_731CheckPayroll_OnHoldClient1</td>
<td></td>
<td>26</td>
<td>_1748RunPayrollfromAgent.TC726_731CheckPayroll_OnHoldClient1@13c3c1e1</td></tr>
<tr>
<td title='_1748RunPayrollfromAgent.TC809_811RunPayrollTable.runPayrollPageAccMngrinAlphabetic()'><b>runPayrollPageAccMngrinAlphabetic</b><br>Test class: _1748RunPayrollfromAgent.TC809_811RunPayrollTable</td>
<td></td>
<td>19</td>
<td>_1748RunPayrollfromAgent.TC809_811RunPayrollTable@618c5d94</td></tr>
<tr>
<td title='_1748RunPayrollfromAgent.TC809_811RunPayrollTable.runPayrollPageShowSelectedAccoutMngrClient()'><b>runPayrollPageShowSelectedAccoutMngrClient</b><br>Test class: _1748RunPayrollfromAgent.TC809_811RunPayrollTable</td>
<td></td>
<td>22</td>
<td>_1748RunPayrollfromAgent.TC809_811RunPayrollTable@618c5d94</td></tr>
<tr>
<td title='_1748RunPayrollfromAgent.TC809_811RunPayrollTable.runPayrollPageTable()'><b>runPayrollPageTable</b><br>Test class: _1748RunPayrollfromAgent.TC809_811RunPayrollTable</td>
<td></td>
<td>20</td>
<td>_1748RunPayrollfromAgent.TC809_811RunPayrollTable@618c5d94</td></tr>
<tr>
<td title='_1748RunPayrollfromAgent.TC792_808AgentRunPayrollPDF_EE.runPayrollPopup()'><b>runPayrollPopup</b><br>Test class: _1748RunPayrollfromAgent.TC792_808AgentRunPayrollPDF_EE</td>
<td></td>
<td>30</td>
<td>_1748RunPayrollfromAgent.TC792_808AgentRunPayrollPDF_EE@1d8062d2</td></tr>
</table><p>
</body>
</html>