<html>
<head>
<title>TestNG:  Test</title>
<link href="../testng.css" rel="stylesheet" type="text/css" />
<link href="../my-testng.css" rel="stylesheet" type="text/css" />

<style type="text/css">
.log { display: none;} 
.stack-trace { display: none;} 
</style>
<script type="text/javascript">
<!--
function flip(e) {
  current = e.style.display;
  if (current == 'block') {
    e.style.display = 'none';
    return 0;
  }
  else {
    e.style.display = 'block';
    return 1;
  }
}

function toggleBox(szDivId, elem, msg1, msg2)
{
  var res = -1;  if (document.getElementById) {
    res = flip(document.getElementById(szDivId));
  }
  else if (document.all) {
    // this is the way old msie versions work
    res = flip(document.all[szDivId]);
  }
  if(elem) {
    if(res == 0) elem.innerHTML = msg1; else elem.innerHTML = msg2;
  }

}

function toggleAllBoxes() {
  if (document.getElementsByTagName) {
    d = document.getElementsByTagName('div');
    for (i = 0; i < d.length; i++) {
      if (d[i].className == 'log') {
        flip(d[i]);
      }
    }
  }
}

// -->
</script>

</head>
<body>
<h2 align='center'>Test</h2><table border='1' align="center">
<tr>
<td>Tests passed/Failed/Skipped:</td><td>18/1/0</td>
</tr><tr>
<td>Started on:</td><td>Mon Mar 14 13:44:58 IST 2022</td>
</tr>
<tr><td>Total time:</td><td>1162 seconds (1162294 ms)</td>
</tr><tr>
<td>Included groups:</td><td></td>
</tr><tr>
<td>Excluded groups:</td><td></td>
</tr>
</table><p/>
<small><i>(Hover the method name to see the test class name)</i></small><p/>
<table width='100%' border='1' class='invocation-failed'>
<tr><td colspan='4' align='center'><b>FAILED TESTS</b></td></tr>
<tr><td><b>Test method</b></td>
<td width="30%"><b>Exception</b></td>
<td width="10%"><b>Time (seconds)</b></td>
<td><b>Instance</b></td>
</tr>
<tr>
<td title='tests.TC04ClosePayeWithoutRunPayrollSubscript.GoToUrlAssertUrlPositiveEnterEnterUsernamePositiveEnterEnterpasswordClickLoginButtonGoToUrlAs1()'><b>GoToUrlAssertUrlPositiveEnterEnterUsernamePositiveEnterEnterpasswordClickLoginButtonGoToUrlAs1</b><br>Test class: tests.TC04ClosePayeWithoutRunPayrollSubscript</td>
<td><div><pre>java.lang.AssertionError: Unable to locate object: By.xpath: //INPUT[@name=&apos;ctl00$ctl00$ParentContent$cPH$txtDeRegistrationDate&apos;]
	at org.testng.Assert.fail(Assert.java:99)
	at pages.verifyClosePayeErrorMessageOOPS.Enter_EnterDeRegistrationDate(verifyClosePayeErrorMessageOOPS.java:226)
	at tests.TC04ClosePayeWithoutRunPayrollSubscript.GoToUrlAssertUrlPositiveEnterEnterUsernamePositiveEnterEnterpasswordClickLoginButtonGoToUrlAs1(TC04ClosePayeWithoutRunPayrollSubscript.java:130)
	at java.base/jdk.internal.reflect.NativeMethodAccessorImpl.invoke0(Native Method)
	at java.base/jdk.internal.reflect.NativeMethodAccessorImpl.invoke(NativeMethodAccessorImpl.java:62)
	at java.base/jdk.internal.reflect.DelegatingMethodAccessorImpl.invoke(DelegatingMethodAccessorImpl.java:43)
	at java.base/java.lang.reflect.Method.invoke(Method.java:566)
	at org.testng.internal.MethodInvocationHelper.invokeMethod(MethodInvocationHelper.java:132)
	at org.testng.internal.TestInvoker.invokeMethod(TestInvoker.java:599)
	at org.testng.internal.TestInvoker.invokeTestMethod(TestInvoker.java:174)
	at org.testng.internal.MethodRunner.runInSequence(MethodRunner.java:46)
	at org.testng.internal.TestInvoker$MethodInvocationAgent.invoke(TestInvoker.java:822)
	at org.testng.internal.TestInvoker.invokeTestMethods(TestInvoker.java:147)
	at org.testng.internal.TestMethodWorker.invokeTestMethods(TestMethodWorker.java:146)
	at org.testng.internal.TestMethodWorker.run(TestMethodWorker.java:128)
	at java.base/java.util.ArrayList.forEach(ArrayList.java:1541)
	at org.testng.TestRunner.privateRun(TestRunner.java:764)
	at org.testng.TestRunner.run(TestRunner.java:585)
	at org.testng.SuiteRunner.runTest(SuiteRunner.java:384)
	at org.testng.SuiteRunner.runSequentially(SuiteRunner.java:378)
	at org.testng.SuiteRunner.privateRun(SuiteRunner.java:337)
	at org.testng.SuiteRunner.run(SuiteRunner.java:286)
	at org.testng.SuiteRunnerWorker.runSuite(SuiteRunnerWorker.java:53)
	at org.testng.SuiteRunnerWorker.run(SuiteRunnerWorker.java:96)
	at org.testng.TestNG.runSuitesSequentially(TestNG.java:1218)
	at org.testng.TestNG.runSuitesLocally(TestNG.java:1140)
	at org.testng.TestNG.runSuites(TestNG.java:1069)
	at org.testng.TestNG.run(TestNG.java:1037)
	at org.testng.remote.AbstractRemoteTestNG.run(AbstractRemoteTestNG.java:115)
	at org.testng.remote.RemoteTestNG.initAndRun(RemoteTestNG.java:251)
	at org.testng.remote.RemoteTestNG.main(RemoteTestNG.java:77)
</pre></div><a href='#' onClick='toggleBox("stack-trace718992903", this, "Click to show all stack frames", "Click to hide stack frames")'>Click to show all stack frames</a>
<div class='stack-trace' id='stack-trace718992903'><pre>java.lang.AssertionError: Unable to locate object: By.xpath: //INPUT[@name=&apos;ctl00$ctl00$ParentContent$cPH$txtDeRegistrationDate&apos;]
	at org.testng.Assert.fail(Assert.java:99)
	at pages.verifyClosePayeErrorMessageOOPS.Enter_EnterDeRegistrationDate(verifyClosePayeErrorMessageOOPS.java:226)
	at tests.TC04ClosePayeWithoutRunPayrollSubscript.GoToUrlAssertUrlPositiveEnterEnterUsernamePositiveEnterEnterpasswordClickLoginButtonGoToUrlAs1(TC04ClosePayeWithoutRunPayrollSubscript.java:130)
	at java.base/jdk.internal.reflect.NativeMethodAccessorImpl.invoke0(Native Method)
	at java.base/jdk.internal.reflect.NativeMethodAccessorImpl.invoke(NativeMethodAccessorImpl.java:62)
	at java.base/jdk.internal.reflect.DelegatingMethodAccessorImpl.invoke(DelegatingMethodAccessorImpl.java:43)
	at java.base/java.lang.reflect.Method.invoke(Method.java:566)
	at org.testng.internal.MethodInvocationHelper.invokeMethod(MethodInvocationHelper.java:132)
	at org.testng.internal.TestInvoker.invokeMethod(TestInvoker.java:599)
	at org.testng.internal.TestInvoker.invokeTestMethod(TestInvoker.java:174)
	at org.testng.internal.MethodRunner.runInSequence(MethodRunner.java:46)
	at org.testng.internal.TestInvoker$MethodInvocationAgent.invoke(TestInvoker.java:822)
	at org.testng.internal.TestInvoker.invokeTestMethods(TestInvoker.java:147)
	at org.testng.internal.TestMethodWorker.invokeTestMethods(TestMethodWorker.java:146)
	at org.testng.internal.TestMethodWorker.run(TestMethodWorker.java:128)
	at java.base/java.util.ArrayList.forEach(ArrayList.java:1541)
	at org.testng.TestRunner.privateRun(TestRunner.java:764)
	at org.testng.TestRunner.run(TestRunner.java:585)
	at org.testng.SuiteRunner.runTest(SuiteRunner.java:384)
	at org.testng.SuiteRunner.runSequentially(SuiteRunner.java:378)
	at org.testng.SuiteRunner.privateRun(SuiteRunner.java:337)
	at org.testng.SuiteRunner.run(SuiteRunner.java:286)
	at org.testng.SuiteRunnerWorker.runSuite(SuiteRunnerWorker.java:53)
	at org.testng.SuiteRunnerWorker.run(SuiteRunnerWorker.java:96)
	at org.testng.TestNG.runSuitesSequentially(TestNG.java:1218)
	at org.testng.TestNG.runSuitesLocally(TestNG.java:1140)
	at org.testng.TestNG.runSuites(TestNG.java:1069)
	at org.testng.TestNG.run(TestNG.java:1037)
	at org.testng.remote.AbstractRemoteTestNG.run(AbstractRemoteTestNG.java:115)
	at org.testng.remote.RemoteTestNG.initAndRun(RemoteTestNG.java:251)
	at org.testng.remote.RemoteTestNG.main(RemoteTestNG.java:77)
</pre></div></td>
<td>45</td>
<td>tests.TC04ClosePayeWithoutRunPayrollSubscript@76c548f</td></tr>
</table><p>
<table width='100%' border='1' class='invocation-passed'>
<tr><td colspan='4' align='center'><b>PASSED TESTS</b></td></tr>
<tr><td><b>Test method</b></td>
<td width="30%"><b>Exception</b></td>
<td width="10%"><b>Time (seconds)</b></td>
<td><b>Instance</b></td>
</tr>
<tr>
<td title='tests.TC19subscriptEmployerOpeningBalance_DefaultProfile.GoToUrlAssertUrlPositiveEnterEnterUsernamePositiveEnterEnterpasswordClickLoginButtonGoToUrlAs()'><b>GoToUrlAssertUrlPositiveEnterEnterUsernamePositiveEnterEnterpasswordClickLoginButtonGoToUrlAs</b><br>Test class: tests.TC19subscriptEmployerOpeningBalance_DefaultProfile</td>
<td></td>
<td>59</td>
<td>tests.TC19subscriptEmployerOpeningBalance_DefaultProfile@8bffb8b</td></tr>
<tr>
<td title='tests.TC15subScriptOpeningBalance_DefaultProfile.GoToUrlAssertUrlPositiveEnterEnterUsernamePositiveEnterEnterpasswordClickLoginButtonGoToUrlAs()'><b>GoToUrlAssertUrlPositiveEnterEnterUsernamePositiveEnterEnterpasswordClickLoginButtonGoToUrlAs</b><br>Test class: tests.TC15subScriptOpeningBalance_DefaultProfile</td>
<td></td>
<td>78</td>
<td>tests.TC15subScriptOpeningBalance_DefaultProfile@692fd26</td></tr>
<tr>
<td title='tests.TC16subScriptAutomaticPayroll_DefaultProfile.GoToUrlAssertUrlPositiveEnterEnterUsernamePositiveEnterEnterpasswordClickLoginButtonGoToUrlAs()'><b>GoToUrlAssertUrlPositiveEnterEnterUsernamePositiveEnterEnterpasswordClickLoginButtonGoToUrlAs</b><br>Test class: tests.TC16subScriptAutomaticPayroll_DefaultProfile</td>
<td></td>
<td>53</td>
<td>tests.TC16subScriptAutomaticPayroll_DefaultProfile@36f1046f</td></tr>
<tr>
<td title='tests.TC17subScriptMannualPayroll_DefaultProfile.GoToUrlAssertUrlPositiveEnterEnterUsernamePositiveEnterEnterpasswordClickLoginButtonGoToUrlAs()'><b>GoToUrlAssertUrlPositiveEnterEnterUsernamePositiveEnterEnterpasswordClickLoginButtonGoToUrlAs</b><br>Test class: tests.TC17subScriptMannualPayroll_DefaultProfile</td>
<td></td>
<td>48</td>
<td>tests.TC17subScriptMannualPayroll_DefaultProfile@6b667cb3</td></tr>
<tr>
<td title='tests.TC02CompanyInactiveSubscript_DefaultProfile.GoToUrlAssertUrlPositiveEnterEnterUsernamePositiveEnterEnterpasswordClickLoginButtonGoToUrlAs1()'><b>GoToUrlAssertUrlPositiveEnterEnterUsernamePositiveEnterEnterpasswordClickLoginButtonGoToUrlAs1</b><br>Test class: tests.TC02CompanyInactiveSubscript_DefaultProfile</td>
<td></td>
<td>55</td>
<td>tests.TC02CompanyInactiveSubscript_DefaultProfile@dc7b462</td></tr>
<tr>
<td title='tests.TC03WrongPayeCloseSubscript_DefaultProfile.GoToUrlAssertUrlPositiveEnterEnterUsernamePositiveEnterEnterpasswordClickLoginButtonGoToUrlAs1()'><b>GoToUrlAssertUrlPositiveEnterEnterUsernamePositiveEnterEnterpasswordClickLoginButtonGoToUrlAs1</b><br>Test class: tests.TC03WrongPayeCloseSubscript_DefaultProfile</td>
<td></td>
<td>37</td>
<td>tests.TC03WrongPayeCloseSubscript_DefaultProfile@1f51431</td></tr>
<tr>
<td title='tests.TC07subscript_DefaultProfile.GoToUrlAssertUrlPositiveEnterEnterUsernamePositiveEnterEnterpasswordClickLoginButtonGoToUrlAs1()'><b>GoToUrlAssertUrlPositiveEnterEnterUsernamePositiveEnterEnterpasswordClickLoginButtonGoToUrlAs1</b><br>Test class: tests.TC07subscript_DefaultProfile</td>
<td></td>
<td>63</td>
<td>tests.TC07subscript_DefaultProfile@26a2f7f9</td></tr>
<tr>
<td title='tests.TC05LeaverSubscript_DefaultProfileWrongDate.GoToUrlAssertUrlPositiveEnterEnterUsernamePositiveEnterEnterpasswordClickLoginButtonGoToUrlAs1()'><b>GoToUrlAssertUrlPositiveEnterEnterUsernamePositiveEnterEnterpasswordClickLoginButtonGoToUrlAs1</b><br>Test class: tests.TC05LeaverSubscript_DefaultProfileWrongDate</td>
<td></td>
<td>33</td>
<td>tests.TC05LeaverSubscript_DefaultProfileWrongDate@38eb2c50</td></tr>
<tr>
<td title='tests.TC13SubscriptPswdProtectionZIP_DefaultProfile.GoToUrlAssertUrlPositiveEnterEnterUsernamePositiveEnterEnterpasswordClickLoginButtonGoToUrlAs1()'><b>GoToUrlAssertUrlPositiveEnterEnterUsernamePositiveEnterEnterpasswordClickLoginButtonGoToUrlAs1</b><br>Test class: tests.TC13SubscriptPswdProtectionZIP_DefaultProfile</td>
<td></td>
<td>41</td>
<td>tests.TC13SubscriptPswdProtectionZIP_DefaultProfile@21422231</td></tr>
<tr>
<td title='tests.TC09BluepayslipSubscript_DefaultProfile.GoToUrlAssertUrlPositiveEnterEnterUsernamePositiveEnterEnterpasswordClickLoginButtonGoToUrlAs1()'><b>GoToUrlAssertUrlPositiveEnterEnterUsernamePositiveEnterEnterpasswordClickLoginButtonGoToUrlAs1</b><br>Test class: tests.TC09BluepayslipSubscript_DefaultProfile</td>
<td></td>
<td>56</td>
<td>tests.TC09BluepayslipSubscript_DefaultProfile@10ee04df</td></tr>
<tr>
<td title='tests.TC11SubscriptNomismaStartDate_DefaultProfile.GoToUrlAssertUrlPositiveEnterEnterUsernamePositiveEnterEnterpasswordClickLoginButtonGoToUrlAs1()'><b>GoToUrlAssertUrlPositiveEnterEnterUsernamePositiveEnterEnterpasswordClickLoginButtonGoToUrlAs1</b><br>Test class: tests.TC11SubscriptNomismaStartDate_DefaultProfile</td>
<td></td>
<td>59</td>
<td>tests.TC11SubscriptNomismaStartDate_DefaultProfile@7186333e</td></tr>
<tr>
<td title='tests.TC18subScriptPayFrequency_DefaultProfile.GoToUrlAssertUrlPositiveEnterEnterUsernamePositiveEnterEnterpasswordClickLoginButtonGoToUrlAs1()'><b>GoToUrlAssertUrlPositiveEnterEnterUsernamePositiveEnterEnterpasswordClickLoginButtonGoToUrlAs1</b><br>Test class: tests.TC18subScriptPayFrequency_DefaultProfile</td>
<td></td>
<td>48</td>
<td>tests.TC18subScriptPayFrequency_DefaultProfile@56d93692</td></tr>
<tr>
<td title='tests.TC14SubscriptPswdProtectionNoProtection_DefaultProfile.GoToUrlAssertUrlPositiveEnterEnterUsernamePositiveEnterEnterpasswordClickLoginButtonGoToUrlAs1()'><b>GoToUrlAssertUrlPositiveEnterEnterUsernamePositiveEnterEnterpasswordClickLoginButtonGoToUrlAs1</b><br>Test class: tests.TC14SubscriptPswdProtectionNoProtection_DefaultProfile</td>
<td></td>
<td>38</td>
<td>tests.TC14SubscriptPswdProtectionNoProtection_DefaultProfile@1686f0b4</td></tr>
<tr>
<td title='tests.TC12SubscriptPswdProtectionPDF_DefaultProfile.GoToUrlAssertUrlPositiveEnterEnterUsernamePositiveEnterEnterpasswordClickLoginButtonGoToUrlAs1()'><b>GoToUrlAssertUrlPositiveEnterEnterUsernamePositiveEnterEnterpasswordClickLoginButtonGoToUrlAs1</b><br>Test class: tests.TC12SubscriptPswdProtectionPDF_DefaultProfile</td>
<td></td>
<td>38</td>
<td>tests.TC12SubscriptPswdProtectionPDF_DefaultProfile@3900fa71</td></tr>
<tr>
<td title='tests.TC06LeaverSubscript_DefaultProfile.GoToUrlAssertUrlPositiveEnterEnterUsernamePositiveEnterEnterpasswordClickLoginButtonGoToUrlAs1()'><b>GoToUrlAssertUrlPositiveEnterEnterUsernamePositiveEnterEnterpasswordClickLoginButtonGoToUrlAs1</b><br>Test class: tests.TC06LeaverSubscript_DefaultProfile</td>
<td></td>
<td>43</td>
<td>tests.TC06LeaverSubscript_DefaultProfile@26722665</td></tr>
<tr>
<td title='tests.TC01CompanyStatusSubscript_DefaultProfile.GoToUrlAssertUrlPositiveEnterEnterUsernamePositiveEnterEnterpasswordClickLoginButtonGoToUrlAs1()'><b>GoToUrlAssertUrlPositiveEnterEnterUsernamePositiveEnterEnterpasswordClickLoginButtonGoToUrlAs1</b><br>Test class: tests.TC01CompanyStatusSubscript_DefaultProfile</td>
<td></td>
<td>68</td>
<td>tests.TC01CompanyStatusSubscript_DefaultProfile@7d0614f</td></tr>
<tr>
<td title='tests.TC08GreenpayslipSubscript_DefaultProfile.GoToUrlAssertUrlPositiveEnterEnterUsernamePositiveEnterEnterpasswordClickLoginButtonGoToUrlAs1()'><b>GoToUrlAssertUrlPositiveEnterEnterUsernamePositiveEnterEnterpasswordClickLoginButtonGoToUrlAs1</b><br>Test class: tests.TC08GreenpayslipSubscript_DefaultProfile</td>
<td></td>
<td>48</td>
<td>tests.TC08GreenpayslipSubscript_DefaultProfile@627d8516</td></tr>
<tr>
<td title='tests.TC10subscriptDeregisterWithEmploye_DefaultProfile.GoToUrlAssertUrlPositiveSelectStatusSearch1ClickSelectCheckBoxPositiveSelectSubmitReasonClickS1()'><b>GoToUrlAssertUrlPositiveSelectStatusSearch1ClickSelectCheckBoxPositiveSelectSubmitReasonClickS1</b><br>Test class: tests.TC10subscriptDeregisterWithEmploye_DefaultProfile</td>
<td></td>
<td>195</td>
<td>tests.TC10subscriptDeregisterWithEmploye_DefaultProfile@5c10285a</td></tr>
</table><p>
</body>
</html>