<?xml version="1.0" encoding="UTF-8"?>
<!-- Generated by org.testng.reporters.JUnitReportReporter -->
<testsuite hostname="Nom-31" failures="1" tests="1" name="Nidhi.LedgerBookTest" time="155.359" errors="0" timestamp="2021-08-17T15:33:44 IST" skipped="0">
  <testcase classname="Nidhi.LedgerBookTest" name="GoToUrlAssertUrlPositiveEnterEnterUsernamePositiveEnterEnterpasswordClickLoginButtonGoToUrlAs1" time="155.359">
    <failure message="The following asserts failed:
	Text not match=Income b/f expected [1] but found [0],
	Text not match=Sales - VAT Consultancy Work expected [1] but found [0],
	Text not match=Sales - Personal/Individual Tax expected [1] but found [0],
	Text not match=Sales - Bookkeeping Services expected [1] but found [0],
	Text not match=Sales - Payroll Services expected [1] but found [0],
	Text not match=Sales - Management Accounts expected [1] but found [0],
	Text not match=Sales - Company Registrations expected [1] but found [0],
	Text not match=Flat Rate Savings expected [1] but found [0],
	Text not match=Flat Rate Saving expected [1] but found [0],
	Text not match=Directors National Insurance expected [1] but found [0],
	Text not match=Employers National Insurance Allowance expected [1] but found [0],
	Text not match=Expense b/f expected [1] but found [0]" type="java.lang.AssertionError">
      <![CDATA[java.lang.AssertionError: The following asserts failed:
Text not match=Income b/f expected [1] but found [0],
Text not match=Sales - VAT Consultancy Work expected [1] but found [0],
Text not match=Sales - Personal/Individual Tax expected [1] but found [0],
Text not match=Sales - Bookkeeping Services expected [1] but found [0],
Text not match=Sales - Payroll Services expected [1] but found [0],
Text not match=Sales - Management Accounts expected [1] but found [0],
Text not match=Sales - Company Registrations expected [1] but found [0],
Text not match=Flat Rate Savings expected [1] but found [0],
Text not match=Flat Rate Saving expected [1] but found [0],
Text not match=Directors National Insurance expected [1] but found [0],
Text not match=Employers National Insurance Allowance expected [1] but found [0],
Text not match=Expense b/f expected [1] but found [0]
at org.testng.asserts.SoftAssert.assertAll(SoftAssert.java:47)
at org.testng.asserts.SoftAssert.assertAll(SoftAssert.java:31)
at Nidhi.LedgerBook.matchFromExcel(LedgerBook.java:345)
at Nidhi.LedgerBookTest.GoToUrlAssertUrlPositiveEnterEnterUsernamePositiveEnterEnterpasswordClickLoginButtonGoToUrlAs1(LedgerBookTest.java:126)
at java.base/jdk.internal.reflect.NativeMethodAccessorImpl.invoke0(Native Method)
at java.base/jdk.internal.reflect.NativeMethodAccessorImpl.invoke(NativeMethodAccessorImpl.java:62)
at java.base/jdk.internal.reflect.DelegatingMethodAccessorImpl.invoke(DelegatingMethodAccessorImpl.java:43)
at java.base/java.lang.reflect.Method.invoke(Method.java:567)
at org.testng.internal.MethodInvocationHelper.invokeMethod(MethodInvocationHelper.java:132)
at org.testng.internal.TestInvoker.invokeMethod(TestInvoker.java:599)
at org.testng.internal.TestInvoker.invokeTestMethod(TestInvoker.java:174)
at org.testng.internal.MethodRunner.runInSequence(MethodRunner.java:46)
at org.testng.internal.TestInvoker$MethodInvocationAgent.invoke(TestInvoker.java:822)
at org.testng.internal.TestInvoker.invokeTestMethods(TestInvoker.java:147)
at org.testng.internal.TestMethodWorker.invokeTestMethods(TestMethodWorker.java:146)
at org.testng.internal.TestMethodWorker.run(TestMethodWorker.java:128)
at java.base/java.util.ArrayList.forEach(ArrayList.java:1507)
at org.testng.TestRunner.privateRun(TestRunner.java:764)
at org.testng.TestRunner.run(TestRunner.java:585)
at org.testng.SuiteRunner.runTest(SuiteRunner.java:384)
at org.testng.SuiteRunner.runSequentially(SuiteRunner.java:378)
at org.testng.SuiteRunner.privateRun(SuiteRunner.java:337)
at org.testng.SuiteRunner.run(SuiteRunner.java:286)
at org.testng.SuiteRunnerWorker.runSuite(SuiteRunnerWorker.java:53)
at org.testng.SuiteRunnerWorker.run(SuiteRunnerWorker.java:96)
at org.testng.TestNG.runSuitesSequentially(TestNG.java:1218)
at org.testng.TestNG.runSuitesLocally(TestNG.java:1140)
at org.testng.TestNG.runSuites(TestNG.java:1069)
at org.testng.TestNG.run(TestNG.java:1037)
at org.testng.remote.AbstractRemoteTestNG.run(AbstractRemoteTestNG.java:115)
at org.testng.remote.RemoteTestNG.initAndRun(RemoteTestNG.java:251)
at org.testng.remote.RemoteTestNG.main(RemoteTestNG.java:77)
]]>
    </failure>
  </testcase> <!-- GoToUrlAssertUrlPositiveEnterEnterUsernamePositiveEnterEnterpasswordClickLoginButtonGoToUrlAs1 -->
  <system-out/>
</testsuite> <!-- Nidhi.LedgerBookTest -->
