<?xml version="1.0" encoding="UTF-8"?>
<!-- Generated by org.testng.reporters.JUnitReportReporter -->
<testsuite hostname="Nom-31" failures="1" tests="20" name="_1540EEInfoImport.TC932EEIInfomport" time="832.893" errors="0" timestamp="2022-03-14T15:26:38 IST" skipped="0">
  <testcase classname="_1540EEInfoImport.TC932EEIInfomport" name="verifyJobTitle" time="44.355"/>
  <system-out/>
  <testcase classname="_1540EEInfoImport.TC932EEIInfomport" name="verifyGender" time="41.647"/>
  <system-out/>
  <testcase classname="_1540EEInfoImport.TC932EEIInfomport" name="verifyDOB" time="42.488"/>
  <system-out/>
  <testcase classname="_1540EEInfoImport.TC932EEIInfomport" name="verifyAddress" time="40.271"/>
  <system-out/>
  <testcase classname="_1540EEInfoImport.TC932EEIInfomport" name="verifyJoiningDate" time="42.817"/>
  <system-out/>
  <testcase classname="_1540EEInfoImport.TC932EEIInfomport" name="verifyPayrollID" time="42.487"/>
  <system-out/>
  <testcase classname="_1540EEInfoImport.TC932EEIInfomport" name="verifyRTISubmissionID" time="43.465"/>
  <system-out/>
  <testcase classname="_1540EEInfoImport.TC932EEIInfomport" name="verifyPayFrequency" time="42.681"/>
  <system-out/>
  <testcase classname="_1540EEInfoImport.TC932EEIInfomport" name="verifyBankDetails" time="45.860"/>
  <system-out/>
  <testcase classname="_1540EEInfoImport.TC932EEIInfomport" name="verifyNI_Category" time="44.111"/>
  <system-out/>
  <testcase classname="_1540EEInfoImport.TC932EEIInfomport" name="verifyTax_Code" time="44.096"/>
  <system-out/>
  <testcase classname="_1540EEInfoImport.TC932EEIInfomport" name="verifyDirector_Import" time="42.907"/>
  <system-out/>
  <testcase classname="_1540EEInfoImport.TC932EEIInfomport" name="verifySalary_Import" time="30.680">
    <failure message="Unable to locate object: By.xpath: //INPUT[@name=&#039;ctl00$ctl00$ParentContent$cPHFilter$txtSearchCompany&#039;]" type="java.lang.AssertionError">
      <![CDATA[java.lang.AssertionError: Unable to locate object: By.xpath: //INPUT[@name='ctl00$ctl00$ParentContent$cPHFilter$txtSearchCompany']
at org.testng.Assert.fail(Assert.java:99)
at pages.SearchClient2.Enter_EnterClientName(SearchClient2.java:104)
at _1540EEInfoImport.TC932EEIInfomport.verifySalary_Import(TC932EEIInfomport.java:1630)
at java.base/jdk.internal.reflect.NativeMethodAccessorImpl.invoke0(Native Method)
at java.base/jdk.internal.reflect.NativeMethodAccessorImpl.invoke(NativeMethodAccessorImpl.java:62)
at java.base/jdk.internal.reflect.DelegatingMethodAccessorImpl.invoke(DelegatingMethodAccessorImpl.java:43)
at java.base/java.lang.reflect.Method.invoke(Method.java:566)
at org.testng.internal.MethodInvocationHelper.invokeMethod(MethodInvocationHelper.java:132)
at org.testng.internal.TestInvoker.invokeMethod(TestInvoker.java:599)
at org.testng.internal.TestInvoker.invokeTestMethod(TestInvoker.java:174)
at org.testng.internal.MethodRunner.runInSequence(MethodRunner.java:46)
at org.testng.internal.TestInvoker$MethodInvocationAgent.invoke(TestInvoker.java:822)
at org.testng.internal.TestInvoker.invokeTestMethods(TestInvoker.java:147)
at org.testng.internal.TestMethodWorker.invokeTestMethods(TestMethodWorker.java:146)
at org.testng.internal.TestMethodWorker.run(TestMethodWorker.java:128)
at java.base/java.util.ArrayList.forEach(ArrayList.java:1541)
at org.testng.TestRunner.privateRun(TestRunner.java:764)
at org.testng.TestRunner.run(TestRunner.java:585)
at org.testng.SuiteRunner.runTest(SuiteRunner.java:384)
at org.testng.SuiteRunner.runSequentially(SuiteRunner.java:378)
at org.testng.SuiteRunner.privateRun(SuiteRunner.java:337)
at org.testng.SuiteRunner.run(SuiteRunner.java:286)
at org.testng.SuiteRunnerWorker.runSuite(SuiteRunnerWorker.java:53)
at org.testng.SuiteRunnerWorker.run(SuiteRunnerWorker.java:96)
at org.testng.TestNG.runSuitesSequentially(TestNG.java:1218)
at org.testng.TestNG.runSuitesLocally(TestNG.java:1140)
at org.testng.TestNG.runSuites(TestNG.java:1069)
at org.testng.TestNG.run(TestNG.java:1037)
at org.testng.remote.AbstractRemoteTestNG.run(AbstractRemoteTestNG.java:115)
at org.testng.remote.RemoteTestNG.initAndRun(RemoteTestNG.java:251)
at org.testng.remote.RemoteTestNG.main(RemoteTestNG.java:77)
]]>
    </failure>
  </testcase> <!-- verifySalary_Import -->
  <system-out/>
  <testcase classname="_1540EEInfoImport.TC932EEIInfomport" name="verifyApprenticeDate_Import" time="42.515"/>
  <system-out/>
  <testcase classname="_1540EEInfoImport.TC932EEIInfomport" name="verifyOpening_Balance" time="41.785"/>
  <system-out/>
  <testcase classname="_1540EEInfoImport.TC932EEIInfomport" name="verifypension_Balance" time="41.042"/>
  <system-out/>
  <testcase classname="_1540EEInfoImport.TC932EEIInfomport" name="verifypension_BalancePopup" time="39.119"/>
  <system-out/>
  <testcase classname="_1540EEInfoImport.TC932EEIInfomport" name="verifypension_BalanceAmount" time="40.128"/>
  <system-out/>
  <testcase classname="_1540EEInfoImport.TC932EEIInfomport" name="verifypension_BalanceYELAmount" time="39.966"/>
  <system-out/>
  <testcase classname="_1540EEInfoImport.TC932EEIInfomport" name="verifypension_BalancePopup1" time="40.473"/>
  <system-out/>
</testsuite> <!-- _1540EEInfoImport.TC932EEIInfomport -->
