<?xml version="1.0" encoding="UTF-8"?>
<!-- Generated by org.testng.reporters.JUnitReportReporter -->
<testsuite hostname="Nom-31" failures="1" tests="1" name="tests.clickenable_DefaultProfile" time="6.390" errors="0" timestamp="2021-03-30T11:40:01 IST" skipped="0">
  <testcase classname="tests.clickenable_DefaultProfile" name="GoToUrlAssertUrlClickclickEnable" time="6.390">
    <failure message="Expecting URL - http://sandbox4.nomismasolution.co.uk/PayrollUI/Popup/CompanyEditor.aspx?Action=Edit&amp;PayrollCompanyCode=11909&amp;TaxYearCode=7 Found http://sandbox4.nomismasolution.co.uk/ssoui/Signin.aspx?token=9538cc18-f8bd-4eab-96b9-bfd8ac35817b" type="java.lang.AssertionError">
      <![CDATA[java.lang.AssertionError: Expecting URL - http://sandbox4.nomismasolution.co.uk/PayrollUI/Popup/CompanyEditor.aspx?Action=Edit&PayrollCompanyCode=11909&TaxYearCode=7 Found http://sandbox4.nomismasolution.co.uk/ssoui/Signin.aspx?token=9538cc18-f8bd-4eab-96b9-bfd8ac35817b
at org.testng.Assert.fail(Assert.java:99)
at pages.enableclick.AssertUrl(enableclick.java:50)
at tests.clickenable_DefaultProfile.GoToUrlAssertUrlClickclickEnable(clickenable_DefaultProfile.java:34)
at java.base/jdk.internal.reflect.NativeMethodAccessorImpl.invoke0(Native Method)
at java.base/jdk.internal.reflect.NativeMethodAccessorImpl.invoke(NativeMethodAccessorImpl.java:62)
at java.base/jdk.internal.reflect.DelegatingMethodAccessorImpl.invoke(DelegatingMethodAccessorImpl.java:43)
at java.base/java.lang.reflect.Method.invoke(Method.java:567)
at org.testng.internal.MethodInvocationHelper.invokeMethod(MethodInvocationHelper.java:132)
at org.testng.internal.TestInvoker.invokeMethod(TestInvoker.java:599)
at org.testng.internal.TestInvoker.invokeTestMethod(TestInvoker.java:174)
at org.testng.internal.MethodRunner.runInSequence(MethodRunner.java:46)
at org.testng.internal.TestInvoker$MethodInvocationAgent.invoke(TestInvoker.java:822)
at org.testng.internal.TestInvoker.invokeTestMethods(TestInvoker.java:147)
at org.testng.internal.TestMethodWorker.invokeTestMethods(TestMethodWorker.java:146)
at org.testng.internal.TestMethodWorker.run(TestMethodWorker.java:128)
at java.base/java.util.ArrayList.forEach(ArrayList.java:1507)
at org.testng.TestRunner.privateRun(TestRunner.java:764)
at org.testng.TestRunner.run(TestRunner.java:585)
at org.testng.SuiteRunner.runTest(SuiteRunner.java:384)
at org.testng.SuiteRunner.runSequentially(SuiteRunner.java:378)
at org.testng.SuiteRunner.privateRun(SuiteRunner.java:337)
at org.testng.SuiteRunner.run(SuiteRunner.java:286)
at org.testng.SuiteRunnerWorker.runSuite(SuiteRunnerWorker.java:53)
at org.testng.SuiteRunnerWorker.run(SuiteRunnerWorker.java:96)
at org.testng.TestNG.runSuitesSequentially(TestNG.java:1218)
at org.testng.TestNG.runSuitesLocally(TestNG.java:1140)
at org.testng.TestNG.runSuites(TestNG.java:1069)
at org.testng.TestNG.run(TestNG.java:1037)
at org.testng.remote.AbstractRemoteTestNG.run(AbstractRemoteTestNG.java:115)
at org.testng.remote.RemoteTestNG.initAndRun(RemoteTestNG.java:251)
at org.testng.remote.RemoteTestNG.main(RemoteTestNG.java:77)
]]>
    </failure>
  </testcase> <!-- GoToUrlAssertUrlClickclickEnable -->
  <system-out/>
</testsuite> <!-- tests.clickenable_DefaultProfile -->
