<?xml version="1.0" encoding="UTF-8"?>
<!-- Generated by org.testng.reporters.JUnitReportReporter -->
<testsuite hostname="Nom-31" failures="3" tests="3" name="tests.leavertesting_DefaultProfile" time="17.025" errors="0" timestamp="2021-03-26T11:40:01 IST" skipped="0">
  <testcase classname="tests.leavertesting_DefaultProfile" name="GoToUrlAssertUrlClickgotoPayrollClickClickThreeDotClickSelectLeaverPositiveEnterEnterLeavingDa2" time="5.491">
    <failure message="Expecting URL - http://sandbox4.nomismasolution.co.uk/PayrollUI/FilingManagment.aspx?PayrollCompanyCode=12001 Found http://sandbox4.nomismasolution.co.uk/ssoui/Signin.aspx?token=ada28a5d-5a7e-430f-96f6-33d460f719f0" type="java.lang.AssertionError">
      <![CDATA[java.lang.AssertionError: Expecting URL - http://sandbox4.nomismasolution.co.uk/PayrollUI/FilingManagment.aspx?PayrollCompanyCode=12001 Found http://sandbox4.nomismasolution.co.uk/ssoui/Signin.aspx?token=ada28a5d-5a7e-430f-96f6-33d460f719f0
at org.testng.Assert.fail(Assert.java:99)
at pages.leavertesting.AssertUrl(leavertesting.java:66)
at tests.leavertesting_DefaultProfile.GoToUrlAssertUrlClickgotoPayrollClickClickThreeDotClickSelectLeaverPositiveEnterEnterLeavingDa2(leavertesting_DefaultProfile.java:74)
at java.base/jdk.internal.reflect.NativeMethodAccessorImpl.invoke0(Native Method)
at java.base/jdk.internal.reflect.NativeMethodAccessorImpl.invoke(NativeMethodAccessorImpl.java:62)
at java.base/jdk.internal.reflect.DelegatingMethodAccessorImpl.invoke(DelegatingMethodAccessorImpl.java:43)
at java.base/java.lang.reflect.Method.invoke(Method.java:567)
at org.testng.internal.MethodInvocationHelper.invokeMethod(MethodInvocationHelper.java:132)
at org.testng.internal.TestInvoker.invokeMethod(TestInvoker.java:599)
at org.testng.internal.TestInvoker.invokeTestMethod(TestInvoker.java:174)
at org.testng.internal.MethodRunner.runInSequence(MethodRunner.java:46)
at org.testng.internal.TestInvoker$MethodInvocationAgent.invoke(TestInvoker.java:822)
at org.testng.internal.TestInvoker.invokeTestMethods(TestInvoker.java:147)
at org.testng.internal.TestMethodWorker.invokeTestMethods(TestMethodWorker.java:146)
at org.testng.internal.TestMethodWorker.run(TestMethodWorker.java:128)
at java.base/java.util.ArrayList.forEach(ArrayList.java:1507)
at org.testng.TestRunner.privateRun(TestRunner.java:764)
at org.testng.TestRunner.run(TestRunner.java:585)
at org.testng.SuiteRunner.runTest(SuiteRunner.java:384)
at org.testng.SuiteRunner.runSequentially(SuiteRunner.java:378)
at org.testng.SuiteRunner.privateRun(SuiteRunner.java:337)
at org.testng.SuiteRunner.run(SuiteRunner.java:286)
at org.testng.SuiteRunnerWorker.runSuite(SuiteRunnerWorker.java:53)
at org.testng.SuiteRunnerWorker.run(SuiteRunnerWorker.java:96)
at org.testng.TestNG.runSuitesSequentially(TestNG.java:1218)
at org.testng.TestNG.runSuitesLocally(TestNG.java:1140)
at org.testng.TestNG.runSuites(TestNG.java:1069)
at org.testng.TestNG.run(TestNG.java:1037)
at org.testng.remote.AbstractRemoteTestNG.run(AbstractRemoteTestNG.java:115)
at org.testng.remote.RemoteTestNG.initAndRun(RemoteTestNG.java:251)
at org.testng.remote.RemoteTestNG.main(RemoteTestNG.java:77)
]]>
    </failure>
  </testcase> <!-- GoToUrlAssertUrlClickgotoPayrollClickClickThreeDotClickSelectLeaverPositiveEnterEnterLeavingDa2 -->
  <system-out/>
  <testcase classname="tests.leavertesting_DefaultProfile" name="GoToUrlAssertUrlClickgotoPayrollClickClickThreeDotClickSelectLeaverPositiveEnterEnterLeavingDa1" time="5.910">
    <failure message="Expecting URL - http://sandbox4.nomismasolution.co.uk/PayrollUI/FilingManagment.aspx?PayrollCompanyCode=12001 Found http://sandbox4.nomismasolution.co.uk/ssoui/Signin.aspx?token=db632c1f-5126-4845-a635-448b93cbfb69" type="java.lang.AssertionError">
      <![CDATA[java.lang.AssertionError: Expecting URL - http://sandbox4.nomismasolution.co.uk/PayrollUI/FilingManagment.aspx?PayrollCompanyCode=12001 Found http://sandbox4.nomismasolution.co.uk/ssoui/Signin.aspx?token=db632c1f-5126-4845-a635-448b93cbfb69
at org.testng.Assert.fail(Assert.java:99)
at pages.leavertesting.AssertUrl(leavertesting.java:66)
at tests.leavertesting_DefaultProfile.GoToUrlAssertUrlClickgotoPayrollClickClickThreeDotClickSelectLeaverPositiveEnterEnterLeavingDa1(leavertesting_DefaultProfile.java:34)
at java.base/jdk.internal.reflect.NativeMethodAccessorImpl.invoke0(Native Method)
at java.base/jdk.internal.reflect.NativeMethodAccessorImpl.invoke(NativeMethodAccessorImpl.java:62)
at java.base/jdk.internal.reflect.DelegatingMethodAccessorImpl.invoke(DelegatingMethodAccessorImpl.java:43)
at java.base/java.lang.reflect.Method.invoke(Method.java:567)
at org.testng.internal.MethodInvocationHelper.invokeMethod(MethodInvocationHelper.java:132)
at org.testng.internal.TestInvoker.invokeMethod(TestInvoker.java:599)
at org.testng.internal.TestInvoker.invokeTestMethod(TestInvoker.java:174)
at org.testng.internal.MethodRunner.runInSequence(MethodRunner.java:46)
at org.testng.internal.TestInvoker$MethodInvocationAgent.invoke(TestInvoker.java:822)
at org.testng.internal.TestInvoker.invokeTestMethods(TestInvoker.java:147)
at org.testng.internal.TestMethodWorker.invokeTestMethods(TestMethodWorker.java:146)
at org.testng.internal.TestMethodWorker.run(TestMethodWorker.java:128)
at java.base/java.util.ArrayList.forEach(ArrayList.java:1507)
at org.testng.TestRunner.privateRun(TestRunner.java:764)
at org.testng.TestRunner.run(TestRunner.java:585)
at org.testng.SuiteRunner.runTest(SuiteRunner.java:384)
at org.testng.SuiteRunner.runSequentially(SuiteRunner.java:378)
at org.testng.SuiteRunner.privateRun(SuiteRunner.java:337)
at org.testng.SuiteRunner.run(SuiteRunner.java:286)
at org.testng.SuiteRunnerWorker.runSuite(SuiteRunnerWorker.java:53)
at org.testng.SuiteRunnerWorker.run(SuiteRunnerWorker.java:96)
at org.testng.TestNG.runSuitesSequentially(TestNG.java:1218)
at org.testng.TestNG.runSuitesLocally(TestNG.java:1140)
at org.testng.TestNG.runSuites(TestNG.java:1069)
at org.testng.TestNG.run(TestNG.java:1037)
at org.testng.remote.AbstractRemoteTestNG.run(AbstractRemoteTestNG.java:115)
at org.testng.remote.RemoteTestNG.initAndRun(RemoteTestNG.java:251)
at org.testng.remote.RemoteTestNG.main(RemoteTestNG.java:77)
]]>
    </failure>
  </testcase> <!-- GoToUrlAssertUrlClickgotoPayrollClickClickThreeDotClickSelectLeaverPositiveEnterEnterLeavingDa1 -->
  <system-out/>
  <testcase classname="tests.leavertesting_DefaultProfile" name="GoToUrlAssertUrlClickgotoPayrollClickClickThreeDotClickSelectLeaverPositiveEnterEnterLeavingDa3" time="5.624">
    <failure message="Expecting URL - http://sandbox4.nomismasolution.co.uk/PayrollUI/FilingManagment.aspx?PayrollCompanyCode=12001 Found http://sandbox4.nomismasolution.co.uk/ssoui/Signin.aspx?token=016634f1-d338-4373-ab07-dd6f6da970de" type="java.lang.AssertionError">
      <![CDATA[java.lang.AssertionError: Expecting URL - http://sandbox4.nomismasolution.co.uk/PayrollUI/FilingManagment.aspx?PayrollCompanyCode=12001 Found http://sandbox4.nomismasolution.co.uk/ssoui/Signin.aspx?token=016634f1-d338-4373-ab07-dd6f6da970de
at org.testng.Assert.fail(Assert.java:99)
at pages.leavertesting.AssertUrl(leavertesting.java:66)
at tests.leavertesting_DefaultProfile.GoToUrlAssertUrlClickgotoPayrollClickClickThreeDotClickSelectLeaverPositiveEnterEnterLeavingDa3(leavertesting_DefaultProfile.java:114)
at java.base/jdk.internal.reflect.NativeMethodAccessorImpl.invoke0(Native Method)
at java.base/jdk.internal.reflect.NativeMethodAccessorImpl.invoke(NativeMethodAccessorImpl.java:62)
at java.base/jdk.internal.reflect.DelegatingMethodAccessorImpl.invoke(DelegatingMethodAccessorImpl.java:43)
at java.base/java.lang.reflect.Method.invoke(Method.java:567)
at org.testng.internal.MethodInvocationHelper.invokeMethod(MethodInvocationHelper.java:132)
at org.testng.internal.TestInvoker.invokeMethod(TestInvoker.java:599)
at org.testng.internal.TestInvoker.invokeTestMethod(TestInvoker.java:174)
at org.testng.internal.MethodRunner.runInSequence(MethodRunner.java:46)
at org.testng.internal.TestInvoker$MethodInvocationAgent.invoke(TestInvoker.java:822)
at org.testng.internal.TestInvoker.invokeTestMethods(TestInvoker.java:147)
at org.testng.internal.TestMethodWorker.invokeTestMethods(TestMethodWorker.java:146)
at org.testng.internal.TestMethodWorker.run(TestMethodWorker.java:128)
at java.base/java.util.ArrayList.forEach(ArrayList.java:1507)
at org.testng.TestRunner.privateRun(TestRunner.java:764)
at org.testng.TestRunner.run(TestRunner.java:585)
at org.testng.SuiteRunner.runTest(SuiteRunner.java:384)
at org.testng.SuiteRunner.runSequentially(SuiteRunner.java:378)
at org.testng.SuiteRunner.privateRun(SuiteRunner.java:337)
at org.testng.SuiteRunner.run(SuiteRunner.java:286)
at org.testng.SuiteRunnerWorker.runSuite(SuiteRunnerWorker.java:53)
at org.testng.SuiteRunnerWorker.run(SuiteRunnerWorker.java:96)
at org.testng.TestNG.runSuitesSequentially(TestNG.java:1218)
at org.testng.TestNG.runSuitesLocally(TestNG.java:1140)
at org.testng.TestNG.runSuites(TestNG.java:1069)
at org.testng.TestNG.run(TestNG.java:1037)
at org.testng.remote.AbstractRemoteTestNG.run(AbstractRemoteTestNG.java:115)
at org.testng.remote.RemoteTestNG.initAndRun(RemoteTestNG.java:251)
at org.testng.remote.RemoteTestNG.main(RemoteTestNG.java:77)
]]>
    </failure>
  </testcase> <!-- GoToUrlAssertUrlClickgotoPayrollClickClickThreeDotClickSelectLeaverPositiveEnterEnterLeavingDa3 -->
  <system-out/>
</testsuite> <!-- tests.leavertesting_DefaultProfile -->
