<?xml version="1.0" encoding="UTF-8"?>
<!-- Generated by org.testng.reporters.JUnitReportReporter -->
<testsuite hostname="Nom-31" failures="3" tests="3" name="tests1.gotoPayrollDashboard" time="17.946" errors="0" timestamp="2021-04-08T23:51:50 IST" skipped="0">
  <testcase classname="tests1.gotoPayrollDashboard" name="GoToUrlAssertUrlClickClickPayrollClickgotoEditCompanyClickgotoPayrollDetailsClickClosePAYEtoYe1" time="6.560">
    <failure message="Expecting URL - http://sandbox4.nomismasolution.co.uk/PayrollUI/Popup/CompanyEditor.aspx?Action=Edit&amp;PayrollCompanyCode=11983&amp;TaxYearCode=8 Found http://sandbox4.nomismasolution.co.uk/ssoui/Signin.aspx?token=d91d0f39-63bd-4dfe-8151-1a81bebc3863" type="java.lang.AssertionError">
      <![CDATA[java.lang.AssertionError: Expecting URL - http://sandbox4.nomismasolution.co.uk/PayrollUI/Popup/CompanyEditor.aspx?Action=Edit&PayrollCompanyCode=11983&TaxYearCode=8 Found http://sandbox4.nomismasolution.co.uk/ssoui/Signin.aspx?token=d91d0f39-63bd-4dfe-8151-1a81bebc3863
at org.testng.Assert.fail(Assert.java:99)
at pages1.gotoPayrollDashboard.AssertUrl(gotoPayrollDashboard.java:62)
at tests1.gotoPayrollDashboard.GoToUrlAssertUrlClickClickPayrollClickgotoEditCompanyClickgotoPayrollDetailsClickClosePAYEtoYe1(gotoPayrollDashboard.java:35)
at java.base/jdk.internal.reflect.NativeMethodAccessorImpl.invoke0(Native Method)
at java.base/jdk.internal.reflect.NativeMethodAccessorImpl.invoke(NativeMethodAccessorImpl.java:62)
at java.base/jdk.internal.reflect.DelegatingMethodAccessorImpl.invoke(DelegatingMethodAccessorImpl.java:43)
at java.base/java.lang.reflect.Method.invoke(Method.java:567)
at org.testng.internal.MethodInvocationHelper.invokeMethod(MethodInvocationHelper.java:132)
at org.testng.internal.TestInvoker.invokeMethod(TestInvoker.java:599)
at org.testng.internal.TestInvoker.invokeTestMethod(TestInvoker.java:174)
at org.testng.internal.MethodRunner.runInSequence(MethodRunner.java:46)
at org.testng.internal.TestInvoker$MethodInvocationAgent.invoke(TestInvoker.java:822)
at org.testng.internal.TestInvoker.invokeTestMethods(TestInvoker.java:147)
at org.testng.internal.TestMethodWorker.invokeTestMethods(TestMethodWorker.java:146)
at org.testng.internal.TestMethodWorker.run(TestMethodWorker.java:128)
at java.base/java.util.ArrayList.forEach(ArrayList.java:1507)
at org.testng.TestRunner.privateRun(TestRunner.java:764)
at org.testng.TestRunner.run(TestRunner.java:585)
at org.testng.SuiteRunner.runTest(SuiteRunner.java:384)
at org.testng.SuiteRunner.runSequentially(SuiteRunner.java:378)
at org.testng.SuiteRunner.privateRun(SuiteRunner.java:337)
at org.testng.SuiteRunner.run(SuiteRunner.java:286)
at org.testng.SuiteRunnerWorker.runSuite(SuiteRunnerWorker.java:53)
at org.testng.SuiteRunnerWorker.run(SuiteRunnerWorker.java:96)
at org.testng.TestNG.runSuitesSequentially(TestNG.java:1218)
at org.testng.TestNG.runSuitesLocally(TestNG.java:1140)
at org.testng.TestNG.runSuites(TestNG.java:1069)
at org.testng.TestNG.run(TestNG.java:1037)
at org.testng.remote.AbstractRemoteTestNG.run(AbstractRemoteTestNG.java:115)
at org.testng.remote.RemoteTestNG.initAndRun(RemoteTestNG.java:251)
at org.testng.remote.RemoteTestNG.main(RemoteTestNG.java:77)
]]>
    </failure>
  </testcase> <!-- GoToUrlAssertUrlClickClickPayrollClickgotoEditCompanyClickgotoPayrollDetailsClickClosePAYEtoYe1 -->
  <system-out/>
  <testcase classname="tests1.gotoPayrollDashboard" name="GoToUrlAssertUrlClickClickPayrollClickgotoEditCompanyClickgotoPayrollDetailsClickClosePAYEtoYe3" time="5.966">
    <failure message="Expecting URL - http://sandbox4.nomismasolution.co.uk/PayrollUI/Popup/CompanyEditor.aspx?Action=Edit&amp;PayrollCompanyCode=11983&amp;TaxYearCode=8 Found http://sandbox4.nomismasolution.co.uk/ssoui/Signin.aspx?token=d86bbe19-f4e6-42ec-a898-4116b7f3fdec" type="java.lang.AssertionError">
      <![CDATA[java.lang.AssertionError: Expecting URL - http://sandbox4.nomismasolution.co.uk/PayrollUI/Popup/CompanyEditor.aspx?Action=Edit&PayrollCompanyCode=11983&TaxYearCode=8 Found http://sandbox4.nomismasolution.co.uk/ssoui/Signin.aspx?token=d86bbe19-f4e6-42ec-a898-4116b7f3fdec
at org.testng.Assert.fail(Assert.java:99)
at pages.verifyClosePayeErrorMessage.AssertUrl(verifyClosePayeErrorMessage.java:62)
at tests1.gotoPayrollDashboard.GoToUrlAssertUrlClickClickPayrollClickgotoEditCompanyClickgotoPayrollDetailsClickClosePAYEtoYe3(gotoPayrollDashboard.java:115)
at java.base/jdk.internal.reflect.NativeMethodAccessorImpl.invoke0(Native Method)
at java.base/jdk.internal.reflect.NativeMethodAccessorImpl.invoke(NativeMethodAccessorImpl.java:62)
at java.base/jdk.internal.reflect.DelegatingMethodAccessorImpl.invoke(DelegatingMethodAccessorImpl.java:43)
at java.base/java.lang.reflect.Method.invoke(Method.java:567)
at org.testng.internal.MethodInvocationHelper.invokeMethod(MethodInvocationHelper.java:132)
at org.testng.internal.TestInvoker.invokeMethod(TestInvoker.java:599)
at org.testng.internal.TestInvoker.invokeTestMethod(TestInvoker.java:174)
at org.testng.internal.MethodRunner.runInSequence(MethodRunner.java:46)
at org.testng.internal.TestInvoker$MethodInvocationAgent.invoke(TestInvoker.java:822)
at org.testng.internal.TestInvoker.invokeTestMethods(TestInvoker.java:147)
at org.testng.internal.TestMethodWorker.invokeTestMethods(TestMethodWorker.java:146)
at org.testng.internal.TestMethodWorker.run(TestMethodWorker.java:128)
at java.base/java.util.ArrayList.forEach(ArrayList.java:1507)
at org.testng.TestRunner.privateRun(TestRunner.java:764)
at org.testng.TestRunner.run(TestRunner.java:585)
at org.testng.SuiteRunner.runTest(SuiteRunner.java:384)
at org.testng.SuiteRunner.runSequentially(SuiteRunner.java:378)
at org.testng.SuiteRunner.privateRun(SuiteRunner.java:337)
at org.testng.SuiteRunner.run(SuiteRunner.java:286)
at org.testng.SuiteRunnerWorker.runSuite(SuiteRunnerWorker.java:53)
at org.testng.SuiteRunnerWorker.run(SuiteRunnerWorker.java:96)
at org.testng.TestNG.runSuitesSequentially(TestNG.java:1218)
at org.testng.TestNG.runSuitesLocally(TestNG.java:1140)
at org.testng.TestNG.runSuites(TestNG.java:1069)
at org.testng.TestNG.run(TestNG.java:1037)
at org.testng.remote.AbstractRemoteTestNG.run(AbstractRemoteTestNG.java:115)
at org.testng.remote.RemoteTestNG.initAndRun(RemoteTestNG.java:251)
at org.testng.remote.RemoteTestNG.main(RemoteTestNG.java:77)
]]>
    </failure>
  </testcase> <!-- GoToUrlAssertUrlClickClickPayrollClickgotoEditCompanyClickgotoPayrollDetailsClickClosePAYEtoYe3 -->
  <system-out/>
  <testcase classname="tests1.gotoPayrollDashboard" name="GoToUrlAssertUrlClickClickPayrollClickgotoEditCompanyClickgotoPayrollDetailsClickClosePAYEtoYe2" time="5.420">
    <failure message="Expecting URL - http://sandbox4.nomismasolution.co.uk/PayrollUI/Popup/CompanyEditor.aspx?Action=Edit&amp;PayrollCompanyCode=11983&amp;TaxYearCode=8 Found http://sandbox4.nomismasolution.co.uk/ssoui/Signin.aspx?token=779e161a-7f18-4fd2-9438-0b81cfb36e81" type="java.lang.AssertionError">
      <![CDATA[java.lang.AssertionError: Expecting URL - http://sandbox4.nomismasolution.co.uk/PayrollUI/Popup/CompanyEditor.aspx?Action=Edit&PayrollCompanyCode=11983&TaxYearCode=8 Found http://sandbox4.nomismasolution.co.uk/ssoui/Signin.aspx?token=779e161a-7f18-4fd2-9438-0b81cfb36e81
at org.testng.Assert.fail(Assert.java:99)
at pages.verifyClosePayeErrorMessage.AssertUrl(verifyClosePayeErrorMessage.java:62)
at tests1.gotoPayrollDashboard.GoToUrlAssertUrlClickClickPayrollClickgotoEditCompanyClickgotoPayrollDetailsClickClosePAYEtoYe2(gotoPayrollDashboard.java:75)
at java.base/jdk.internal.reflect.NativeMethodAccessorImpl.invoke0(Native Method)
at java.base/jdk.internal.reflect.NativeMethodAccessorImpl.invoke(NativeMethodAccessorImpl.java:62)
at java.base/jdk.internal.reflect.DelegatingMethodAccessorImpl.invoke(DelegatingMethodAccessorImpl.java:43)
at java.base/java.lang.reflect.Method.invoke(Method.java:567)
at org.testng.internal.MethodInvocationHelper.invokeMethod(MethodInvocationHelper.java:132)
at org.testng.internal.TestInvoker.invokeMethod(TestInvoker.java:599)
at org.testng.internal.TestInvoker.invokeTestMethod(TestInvoker.java:174)
at org.testng.internal.MethodRunner.runInSequence(MethodRunner.java:46)
at org.testng.internal.TestInvoker$MethodInvocationAgent.invoke(TestInvoker.java:822)
at org.testng.internal.TestInvoker.invokeTestMethods(TestInvoker.java:147)
at org.testng.internal.TestMethodWorker.invokeTestMethods(TestMethodWorker.java:146)
at org.testng.internal.TestMethodWorker.run(TestMethodWorker.java:128)
at java.base/java.util.ArrayList.forEach(ArrayList.java:1507)
at org.testng.TestRunner.privateRun(TestRunner.java:764)
at org.testng.TestRunner.run(TestRunner.java:585)
at org.testng.SuiteRunner.runTest(SuiteRunner.java:384)
at org.testng.SuiteRunner.runSequentially(SuiteRunner.java:378)
at org.testng.SuiteRunner.privateRun(SuiteRunner.java:337)
at org.testng.SuiteRunner.run(SuiteRunner.java:286)
at org.testng.SuiteRunnerWorker.runSuite(SuiteRunnerWorker.java:53)
at org.testng.SuiteRunnerWorker.run(SuiteRunnerWorker.java:96)
at org.testng.TestNG.runSuitesSequentially(TestNG.java:1218)
at org.testng.TestNG.runSuitesLocally(TestNG.java:1140)
at org.testng.TestNG.runSuites(TestNG.java:1069)
at org.testng.TestNG.run(TestNG.java:1037)
at org.testng.remote.AbstractRemoteTestNG.run(AbstractRemoteTestNG.java:115)
at org.testng.remote.RemoteTestNG.initAndRun(RemoteTestNG.java:251)
at org.testng.remote.RemoteTestNG.main(RemoteTestNG.java:77)
]]>
    </failure>
  </testcase> <!-- GoToUrlAssertUrlClickClickPayrollClickgotoEditCompanyClickgotoPayrollDetailsClickClosePAYEtoYe2 -->
  <system-out/>
</testsuite> <!-- tests1.gotoPayrollDashboard -->
